INFO - 2023-11-25 15:33:56 --> Session: Class initialized using 'CodeIgniter\Session\Handlers\FileHandler' driver.
INFO - 2023-11-25 15:34:02 --> Session: Class initialized using 'CodeIgniter\Session\Handlers\FileHandler' driver.
INFO - 2023-11-25 15:34:06 --> Session: Class initialized using 'CodeIgniter\Session\Handlers\FileHandler' driver.
INFO - 2023-11-25 15:34:10 --> Session: Class initialized using 'CodeIgniter\Session\Handlers\FileHandler' driver.
CRITICAL - 2023-11-25 15:34:10 --> Cannot connect to the database. Please try again later.
in APPPATH/Database/DatabaseHandler.php on line 72.
 1 APPPATH/Models/UserModel.php(58): App\Database\DatabaseHandler->query()
 2 APPPATH/Models/UserModel.php(80): App\Models\UserModel->loadByEmail()
 3 APPPATH/Controllers/LoginController.php(63): App\Models\UserModel::getUserByEmail()
 4 APPPATH/Controllers/LoginController.php(50): App\Controllers\LoginController->tryLogin()
 5 SYSTEMPATH/CodeIgniter.php(942): App\Controllers\LoginController->login()
 6 SYSTEMPATH/CodeIgniter.php(502): CodeIgniter\CodeIgniter->runController()
 7 SYSTEMPATH/CodeIgniter.php(361): CodeIgniter\CodeIgniter->handleRequest()
 8 FCPATH/index.php(79): CodeIgniter\CodeIgniter->run()
INFO - 2023-11-25 15:35:05 --> Session: Class initialized using 'CodeIgniter\Session\Handlers\FileHandler' driver.
INFO - 2023-11-25 15:35:09 --> Session: Class initialized using 'CodeIgniter\Session\Handlers\FileHandler' driver.
INFO - 2023-11-25 15:35:36 --> Session: Class initialized using 'CodeIgniter\Session\Handlers\FileHandler' driver.
CRITICAL - 2023-11-25 15:35:36 --> Cannot connect to the database. Please try again later.
in APPPATH/Database/DatabaseHandler.php on line 72.
 1 APPPATH/Models/UserModel.php(58): App\Database\DatabaseHandler->query()
 2 APPPATH/Models/UserModel.php(80): App\Models\UserModel->loadByEmail()
 3 APPPATH/Controllers/LoginController.php(64): App\Models\UserModel::getUserByEmail()
 4 APPPATH/Controllers/LoginController.php(51): App\Controllers\LoginController->tryLogin()
 5 SYSTEMPATH/CodeIgniter.php(942): App\Controllers\LoginController->login()
 6 SYSTEMPATH/CodeIgniter.php(502): CodeIgniter\CodeIgniter->runController()
 7 SYSTEMPATH/CodeIgniter.php(361): CodeIgniter\CodeIgniter->handleRequest()
 8 FCPATH/index.php(79): CodeIgniter\CodeIgniter->run()
INFO - 2023-11-25 15:35:46 --> Session: Class initialized using 'CodeIgniter\Session\Handlers\FileHandler' driver.
INFO - 2023-11-25 15:35:50 --> Session: Class initialized using 'CodeIgniter\Session\Handlers\FileHandler' driver.
INFO - 2023-11-25 15:35:59 --> Session: Class initialized using 'CodeIgniter\Session\Handlers\FileHandler' driver.
INFO - 2023-11-25 15:36:00 --> Session: Class initialized using 'CodeIgniter\Session\Handlers\FileHandler' driver.
INFO - 2023-11-25 15:36:02 --> Session: Class initialized using 'CodeIgniter\Session\Handlers\FileHandler' driver.
INFO - 2023-11-25 15:36:07 --> Session: Class initialized using 'CodeIgniter\Session\Handlers\FileHandler' driver.
INFO - 2023-11-25 15:45:04 --> Session: Class initialized using 'CodeIgniter\Session\Handlers\FileHandler' driver.
INFO - 2023-11-25 15:45:06 --> Session: Class initialized using 'CodeIgniter\Session\Handlers\FileHandler' driver.
INFO - 2023-11-25 15:45:08 --> Session: Class initialized using 'CodeIgniter\Session\Handlers\FileHandler' driver.
INFO - 2023-11-25 17:40:51 --> Session: Class initialized using 'CodeIgniter\Session\Handlers\FileHandler' driver.
INFO - 2023-11-25 17:41:05 --> Session: Class initialized using 'CodeIgniter\Session\Handlers\FileHandler' driver.
INFO - 2023-11-25 17:41:16 --> Session: Class initialized using 'CodeIgniter\Session\Handlers\FileHandler' driver.
INFO - 2023-11-25 17:41:22 --> Session: Class initialized using 'CodeIgniter\Session\Handlers\FileHandler' driver.
