CRITICAL - 2023-11-16 18:22:14 --> Class "Models\UserModel" not found
in APPPATH/Controllers/HomepageController.php on line 12.
 1 SYSTEMPATH/CodeIgniter.php(914): App\Controllers\HomepageController->__construct()
 2 SYSTEMPATH/CodeIgniter.php(493): CodeIgniter\CodeIgniter->createController()
 3 SYSTEMPATH/CodeIgniter.php(361): CodeIgniter\CodeIgniter->handleRequest()
 4 FCPATH/index.php(79): CodeIgniter\CodeIgniter->run()
CRITICAL - 2023-11-16 18:23:59 --> Undefined property: stdClass::$city
in APPPATH/Models/AddressModel.php on line 28.
 1 APPPATH/Models/AddressModel.php(28): CodeIgniter\Debug\Exceptions->errorHandler()
 2 APPPATH/Models/UserModel.php(31): App\Models\AddressModel->load()
 3 APPPATH/Controllers/HomepageController.php(14): App\Models\UserModel->loadByUid()
 4 SYSTEMPATH/CodeIgniter.php(914): App\Controllers\HomepageController->__construct()
 5 SYSTEMPATH/CodeIgniter.php(493): CodeIgniter\CodeIgniter->createController()
 6 SYSTEMPATH/CodeIgniter.php(361): CodeIgniter\CodeIgniter->handleRequest()
 7 FCPATH/index.php(79): CodeIgniter\CodeIgniter->run()
ERROR - 2023-11-16 21:27:41 --> mysqli_sql_exception: You have an error in your SQL syntax; check the manual that corresponds to your MySQL server version for the right syntax to use near 'INSERT INTO Address (postalCode, city, street, houseNr, busNr) VALUES (3520, 'ZO' at line 1 in /app/system/Database/MySQLi/Connection.php:306
Stack trace:
#0 /app/system/Database/MySQLi/Connection.php(306): mysqli->query()
#1 /app/system/Database/BaseConnection.php(693): CodeIgniter\Database\MySQLi\Connection->execute()
#2 /app/system/Database/BaseConnection.php(607): CodeIgniter\Database\BaseConnection->simpleQuery()
#3 /app/app/Database/DatabaseHandler.php(39): CodeIgniter\Database\BaseConnection->query()
#4 /app/app/Models/AddressModel.php(35): App\Database\DatabaseHandler->query()
#5 /app/app/Models/UserModel.php(44): App\Models\AddressModel::createNewAddress()
#6 /app/app/Controllers/HomepageController.php(22): App\Models\UserModel::createNewUser()
#7 /app/system/CodeIgniter.php(914): App\Controllers\HomepageController->__construct()
#8 /app/system/CodeIgniter.php(493): CodeIgniter\CodeIgniter->createController()
#9 /app/system/CodeIgniter.php(361): CodeIgniter\CodeIgniter->handleRequest()
#10 /app/public/index.php(79): CodeIgniter\CodeIgniter->run()
#11 {main}
CRITICAL - 2023-11-16 21:27:41 --> You have an error in your SQL syntax; check the manual that corresponds to your MySQL server version for the right syntax to use near 'INSERT INTO Address (postalCode, city, street, houseNr, busNr) VALUES (3520, 'ZO' at line 1
in SYSTEMPATH/Database/BaseConnection.php on line 647.
 1 APPPATH/Database/DatabaseHandler.php(39): CodeIgniter\Database\BaseConnection->query()
 2 APPPATH/Models/AddressModel.php(35): App\Database\DatabaseHandler->query()
 3 APPPATH/Models/UserModel.php(44): App\Models\AddressModel::createNewAddress()
 4 APPPATH/Controllers/HomepageController.php(22): App\Models\UserModel::createNewUser()
 5 SYSTEMPATH/CodeIgniter.php(914): App\Controllers\HomepageController->__construct()
 6 SYSTEMPATH/CodeIgniter.php(493): CodeIgniter\CodeIgniter->createController()
 7 SYSTEMPATH/CodeIgniter.php(361): CodeIgniter\CodeIgniter->handleRequest()
 8 FCPATH/index.php(79): CodeIgniter\CodeIgniter->run()
ERROR - 2023-11-16 21:29:20 --> mysqli_sql_exception: You have an error in your SQL syntax; check the manual that corresponds to your MySQL server version for the right syntax to use near 'INSERT INTO Address (postalCode, street, houseNr, busNr) VALUES (3520, 'Teutsewe' at line 1 in /app/system/Database/MySQLi/Connection.php:306
Stack trace:
#0 /app/system/Database/MySQLi/Connection.php(306): mysqli->query()
#1 /app/system/Database/BaseConnection.php(693): CodeIgniter\Database\MySQLi\Connection->execute()
#2 /app/system/Database/BaseConnection.php(607): CodeIgniter\Database\BaseConnection->simpleQuery()
#3 /app/app/Database/DatabaseHandler.php(39): CodeIgniter\Database\BaseConnection->query()
#4 /app/app/Models/AddressModel.php(35): App\Database\DatabaseHandler->query()
#5 /app/app/Models/UserModel.php(44): App\Models\AddressModel::createNewAddress()
#6 /app/app/Controllers/HomepageController.php(22): App\Models\UserModel::createNewUser()
#7 /app/system/CodeIgniter.php(914): App\Controllers\HomepageController->__construct()
#8 /app/system/CodeIgniter.php(493): CodeIgniter\CodeIgniter->createController()
#9 /app/system/CodeIgniter.php(361): CodeIgniter\CodeIgniter->handleRequest()
#10 /app/public/index.php(79): CodeIgniter\CodeIgniter->run()
#11 {main}
CRITICAL - 2023-11-16 21:29:20 --> You have an error in your SQL syntax; check the manual that corresponds to your MySQL server version for the right syntax to use near 'INSERT INTO Address (postalCode, street, houseNr, busNr) VALUES (3520, 'Teutsewe' at line 1
in SYSTEMPATH/Database/BaseConnection.php on line 647.
 1 APPPATH/Database/DatabaseHandler.php(39): CodeIgniter\Database\BaseConnection->query()
 2 APPPATH/Models/AddressModel.php(35): App\Database\DatabaseHandler->query()
 3 APPPATH/Models/UserModel.php(44): App\Models\AddressModel::createNewAddress()
 4 APPPATH/Controllers/HomepageController.php(22): App\Models\UserModel::createNewUser()
 5 SYSTEMPATH/CodeIgniter.php(914): App\Controllers\HomepageController->__construct()
 6 SYSTEMPATH/CodeIgniter.php(493): CodeIgniter\CodeIgniter->createController()
 7 SYSTEMPATH/CodeIgniter.php(361): CodeIgniter\CodeIgniter->handleRequest()
 8 FCPATH/index.php(79): CodeIgniter\CodeIgniter->run()
ERROR - 2023-11-16 21:31:14 --> mysqli_sql_exception: You have an error in your SQL syntax; check the manual that corresponds to your MySQL server version for the right syntax to use near 'INSERT INTO Address (postalCode, street, houseNr, busNr) VALUES (3520, 'Teutsewe' at line 1 in /app/system/Database/MySQLi/Connection.php:306
Stack trace:
#0 /app/system/Database/MySQLi/Connection.php(306): mysqli->query()
#1 /app/system/Database/BaseConnection.php(693): CodeIgniter\Database\MySQLi\Connection->execute()
#2 /app/system/Database/BaseConnection.php(607): CodeIgniter\Database\BaseConnection->simpleQuery()
#3 /app/app/Database/DatabaseHandler.php(39): CodeIgniter\Database\BaseConnection->query()
#4 /app/app/Models/AddressModel.php(35): App\Database\DatabaseHandler->query()
#5 /app/app/Models/UserModel.php(44): App\Models\AddressModel::createNewAddress()
#6 /app/app/Controllers/HomepageController.php(22): App\Models\UserModel::createNewUser()
#7 /app/system/CodeIgniter.php(914): App\Controllers\HomepageController->__construct()
#8 /app/system/CodeIgniter.php(493): CodeIgniter\CodeIgniter->createController()
#9 /app/system/CodeIgniter.php(361): CodeIgniter\CodeIgniter->handleRequest()
#10 /app/public/index.php(79): CodeIgniter\CodeIgniter->run()
#11 {main}
CRITICAL - 2023-11-16 21:31:14 --> You have an error in your SQL syntax; check the manual that corresponds to your MySQL server version for the right syntax to use near 'INSERT INTO Address (postalCode, street, houseNr, busNr) VALUES (3520, 'Teutsewe' at line 1
in SYSTEMPATH/Database/BaseConnection.php on line 647.
 1 APPPATH/Database/DatabaseHandler.php(39): CodeIgniter\Database\BaseConnection->query()
 2 APPPATH/Models/AddressModel.php(35): App\Database\DatabaseHandler->query()
 3 APPPATH/Models/UserModel.php(44): App\Models\AddressModel::createNewAddress()
 4 APPPATH/Controllers/HomepageController.php(22): App\Models\UserModel::createNewUser()
 5 SYSTEMPATH/CodeIgniter.php(914): App\Controllers\HomepageController->__construct()
 6 SYSTEMPATH/CodeIgniter.php(493): CodeIgniter\CodeIgniter->createController()
 7 SYSTEMPATH/CodeIgniter.php(361): CodeIgniter\CodeIgniter->handleRequest()
 8 FCPATH/index.php(79): CodeIgniter\CodeIgniter->run()
ERROR - 2023-11-16 21:31:46 --> mysqli_sql_exception: You have an error in your SQL syntax; check the manual that corresponds to your MySQL server version for the right syntax to use near 'INSERT INTO Address (postalCode, street, houseNr, busNr) VALUES (3520, 'Teutsewe' at line 1 in /app/system/Database/MySQLi/Connection.php:306
Stack trace:
#0 /app/system/Database/MySQLi/Connection.php(306): mysqli->query()
#1 /app/system/Database/BaseConnection.php(693): CodeIgniter\Database\MySQLi\Connection->execute()
#2 /app/system/Database/BaseConnection.php(607): CodeIgniter\Database\BaseConnection->simpleQuery()
#3 /app/app/Database/DatabaseHandler.php(39): CodeIgniter\Database\BaseConnection->query()
#4 /app/app/Models/AddressModel.php(35): App\Database\DatabaseHandler->query()
#5 /app/app/Models/UserModel.php(44): App\Models\AddressModel::createNewAddress()
#6 /app/app/Controllers/HomepageController.php(22): App\Models\UserModel::createNewUser()
#7 /app/system/CodeIgniter.php(914): App\Controllers\HomepageController->__construct()
#8 /app/system/CodeIgniter.php(493): CodeIgniter\CodeIgniter->createController()
#9 /app/system/CodeIgniter.php(361): CodeIgniter\CodeIgniter->handleRequest()
#10 /app/public/index.php(79): CodeIgniter\CodeIgniter->run()
#11 {main}
CRITICAL - 2023-11-16 21:31:46 --> You have an error in your SQL syntax; check the manual that corresponds to your MySQL server version for the right syntax to use near 'INSERT INTO Address (postalCode, street, houseNr, busNr) VALUES (3520, 'Teutsewe' at line 1
in SYSTEMPATH/Database/BaseConnection.php on line 647.
 1 APPPATH/Database/DatabaseHandler.php(39): CodeIgniter\Database\BaseConnection->query()
 2 APPPATH/Models/AddressModel.php(35): App\Database\DatabaseHandler->query()
 3 APPPATH/Models/UserModel.php(44): App\Models\AddressModel::createNewAddress()
 4 APPPATH/Controllers/HomepageController.php(22): App\Models\UserModel::createNewUser()
 5 SYSTEMPATH/CodeIgniter.php(914): App\Controllers\HomepageController->__construct()
 6 SYSTEMPATH/CodeIgniter.php(493): CodeIgniter\CodeIgniter->createController()
 7 SYSTEMPATH/CodeIgniter.php(361): CodeIgniter\CodeIgniter->handleRequest()
 8 FCPATH/index.php(79): CodeIgniter\CodeIgniter->run()
CRITICAL - 2023-11-16 21:33:51 --> Call to a member function getResult() on bool
in APPPATH/Database/DatabaseHandler.php on line 40.
 1 APPPATH/Models/AddressModel.php(35): App\Database\DatabaseHandler->query()
 2 APPPATH/Models/UserModel.php(44): App\Models\AddressModel::createNewAddress()
 3 APPPATH/Controllers/HomepageController.php(22): App\Models\UserModel::createNewUser()
 4 SYSTEMPATH/CodeIgniter.php(914): App\Controllers\HomepageController->__construct()
 5 SYSTEMPATH/CodeIgniter.php(493): CodeIgniter\CodeIgniter->createController()
 6 SYSTEMPATH/CodeIgniter.php(361): CodeIgniter\CodeIgniter->handleRequest()
 7 FCPATH/index.php(79): CodeIgniter\CodeIgniter->run()
ERROR - 2023-11-16 21:35:53 --> mysqli_sql_exception: Duplicate entry '3520' for key 'city.PRIMARY' in /app/system/Database/MySQLi/Connection.php:306
Stack trace:
#0 /app/system/Database/MySQLi/Connection.php(306): mysqli->query()
#1 /app/system/Database/BaseConnection.php(693): CodeIgniter\Database\MySQLi\Connection->execute()
#2 /app/system/Database/BaseConnection.php(607): CodeIgniter\Database\BaseConnection->simpleQuery()
#3 /app/app/Database/DatabaseHandler.php(44): CodeIgniter\Database\BaseConnection->query()
#4 /app/app/Models/AddressModel.php(35): App\Database\DatabaseHandler->query()
#5 /app/app/Models/UserModel.php(44): App\Models\AddressModel::createNewAddress()
#6 /app/app/Controllers/HomepageController.php(22): App\Models\UserModel::createNewUser()
#7 /app/system/CodeIgniter.php(914): App\Controllers\HomepageController->__construct()
#8 /app/system/CodeIgniter.php(493): CodeIgniter\CodeIgniter->createController()
#9 /app/system/CodeIgniter.php(361): CodeIgniter\CodeIgniter->handleRequest()
#10 /app/public/index.php(79): CodeIgniter\CodeIgniter->run()
#11 {main}
CRITICAL - 2023-11-16 21:35:53 --> Duplicate entry '3520' for key 'city.PRIMARY'
in SYSTEMPATH/Database/BaseConnection.php on line 647.
 1 APPPATH/Database/DatabaseHandler.php(44): CodeIgniter\Database\BaseConnection->query()
 2 APPPATH/Models/AddressModel.php(35): App\Database\DatabaseHandler->query()
 3 APPPATH/Models/UserModel.php(44): App\Models\AddressModel::createNewAddress()
 4 APPPATH/Controllers/HomepageController.php(22): App\Models\UserModel::createNewUser()
 5 SYSTEMPATH/CodeIgniter.php(914): App\Controllers\HomepageController->__construct()
 6 SYSTEMPATH/CodeIgniter.php(493): CodeIgniter\CodeIgniter->createController()
 7 SYSTEMPATH/CodeIgniter.php(361): CodeIgniter\CodeIgniter->handleRequest()
 8 FCPATH/index.php(79): CodeIgniter\CodeIgniter->run()
ERROR - 2023-11-16 21:37:37 --> mysqli_sql_exception: You have an error in your SQL syntax; check the manual that corresponds to your MySQL server version for the right syntax to use near 'as city FROM City WHERE postalCode = 3520' at line 1 in /app/system/Database/MySQLi/Connection.php:306
Stack trace:
#0 /app/system/Database/MySQLi/Connection.php(306): mysqli->query()
#1 /app/system/Database/BaseConnection.php(693): CodeIgniter\Database\MySQLi\Connection->execute()
#2 /app/system/Database/BaseConnection.php(607): CodeIgniter\Database\BaseConnection->simpleQuery()
#3 /app/app/Database/DatabaseHandler.php(44): CodeIgniter\Database\BaseConnection->query()
#4 /app/app/Models/AddressModel.php(35): App\Database\DatabaseHandler->query()
#5 /app/app/Models/UserModel.php(44): App\Models\AddressModel::createNewAddress()
#6 /app/app/Controllers/HomepageController.php(22): App\Models\UserModel::createNewUser()
#7 /app/system/CodeIgniter.php(914): App\Controllers\HomepageController->__construct()
#8 /app/system/CodeIgniter.php(493): CodeIgniter\CodeIgniter->createController()
#9 /app/system/CodeIgniter.php(361): CodeIgniter\CodeIgniter->handleRequest()
#10 /app/public/index.php(79): CodeIgniter\CodeIgniter->run()
#11 {main}
CRITICAL - 2023-11-16 21:37:37 --> You have an error in your SQL syntax; check the manual that corresponds to your MySQL server version for the right syntax to use near 'as city FROM City WHERE postalCode = 3520' at line 1
in SYSTEMPATH/Database/BaseConnection.php on line 647.
 1 APPPATH/Database/DatabaseHandler.php(44): CodeIgniter\Database\BaseConnection->query()
 2 APPPATH/Models/AddressModel.php(35): App\Database\DatabaseHandler->query()
 3 APPPATH/Models/UserModel.php(44): App\Models\AddressModel::createNewAddress()
 4 APPPATH/Controllers/HomepageController.php(22): App\Models\UserModel::createNewUser()
 5 SYSTEMPATH/CodeIgniter.php(914): App\Controllers\HomepageController->__construct()
 6 SYSTEMPATH/CodeIgniter.php(493): CodeIgniter\CodeIgniter->createController()
 7 SYSTEMPATH/CodeIgniter.php(361): CodeIgniter\CodeIgniter->handleRequest()
 8 FCPATH/index.php(79): CodeIgniter\CodeIgniter->run()
CRITICAL - 2023-11-16 21:37:58 --> Undefined array key 0
in APPPATH/Models/AddressModel.php on line 48.
 1 APPPATH/Models/AddressModel.php(48): CodeIgniter\Debug\Exceptions->errorHandler()
 2 APPPATH/Models/AddressModel.php(30): App\Models\AddressModel->load()
 3 APPPATH/Models/AddressModel.php(42): App\Models\AddressModel->loadByData()
 4 APPPATH/Models/UserModel.php(44): App\Models\AddressModel::createNewAddress()
 5 APPPATH/Controllers/HomepageController.php(22): App\Models\UserModel::createNewUser()
 6 SYSTEMPATH/CodeIgniter.php(914): App\Controllers\HomepageController->__construct()
 7 SYSTEMPATH/CodeIgniter.php(493): CodeIgniter\CodeIgniter->createController()
 8 SYSTEMPATH/CodeIgniter.php(361): CodeIgniter\CodeIgniter->handleRequest()
 9 FCPATH/index.php(79): CodeIgniter\CodeIgniter->run()
CRITICAL - 2023-11-16 21:39:21 --> Call to a member function getResult() on bool
in APPPATH/Database/DatabaseHandler.php on line 46.
 1 APPPATH/Models/AddressModel.php(38): App\Database\DatabaseHandler->query()
 2 APPPATH/Models/UserModel.php(44): App\Models\AddressModel::createNewAddress()
 3 APPPATH/Controllers/HomepageController.php(22): App\Models\UserModel::createNewUser()
 4 SYSTEMPATH/CodeIgniter.php(914): App\Controllers\HomepageController->__construct()
 5 SYSTEMPATH/CodeIgniter.php(493): CodeIgniter\CodeIgniter->createController()
 6 SYSTEMPATH/CodeIgniter.php(361): CodeIgniter\CodeIgniter->handleRequest()
 7 FCPATH/index.php(79): CodeIgniter\CodeIgniter->run()
ERROR - 2023-11-16 21:39:32 --> mysqli_sql_exception: Duplicate entry '3520-Teutseweg-10-/' for key 'address.PRIMARY' in /app/system/Database/MySQLi/Connection.php:306
Stack trace:
#0 /app/system/Database/MySQLi/Connection.php(306): mysqli->query()
#1 /app/system/Database/BaseConnection.php(693): CodeIgniter\Database\MySQLi\Connection->execute()
#2 /app/system/Database/BaseConnection.php(607): CodeIgniter\Database\BaseConnection->simpleQuery()
#3 /app/app/Database/DatabaseHandler.php(44): CodeIgniter\Database\BaseConnection->query()
#4 /app/app/Models/AddressModel.php(39): App\Database\DatabaseHandler->query()
#5 /app/app/Models/UserModel.php(44): App\Models\AddressModel::createNewAddress()
#6 /app/app/Controllers/HomepageController.php(22): App\Models\UserModel::createNewUser()
#7 /app/system/CodeIgniter.php(914): App\Controllers\HomepageController->__construct()
#8 /app/system/CodeIgniter.php(493): CodeIgniter\CodeIgniter->createController()
#9 /app/system/CodeIgniter.php(361): CodeIgniter\CodeIgniter->handleRequest()
#10 /app/public/index.php(79): CodeIgniter\CodeIgniter->run()
#11 {main}
CRITICAL - 2023-11-16 21:39:32 --> Duplicate entry '3520-Teutseweg-10-/' for key 'address.PRIMARY'
in SYSTEMPATH/Database/BaseConnection.php on line 647.
 1 APPPATH/Database/DatabaseHandler.php(44): CodeIgniter\Database\BaseConnection->query()
 2 APPPATH/Models/AddressModel.php(39): App\Database\DatabaseHandler->query()
 3 APPPATH/Models/UserModel.php(44): App\Models\AddressModel::createNewAddress()
 4 APPPATH/Controllers/HomepageController.php(22): App\Models\UserModel::createNewUser()
 5 SYSTEMPATH/CodeIgniter.php(914): App\Controllers\HomepageController->__construct()
 6 SYSTEMPATH/CodeIgniter.php(493): CodeIgniter\CodeIgniter->createController()
 7 SYSTEMPATH/CodeIgniter.php(361): CodeIgniter\CodeIgniter->handleRequest()
 8 FCPATH/index.php(79): CodeIgniter\CodeIgniter->run()
CRITICAL - 2023-11-16 21:39:52 --> Call to a member function getResult() on bool
in APPPATH/Database/DatabaseHandler.php on line 46.
 1 APPPATH/Models/UserModel.php(45): App\Database\DatabaseHandler->query()
 2 APPPATH/Controllers/HomepageController.php(22): App\Models\UserModel::createNewUser()
 3 SYSTEMPATH/CodeIgniter.php(914): App\Controllers\HomepageController->__construct()
 4 SYSTEMPATH/CodeIgniter.php(493): CodeIgniter\CodeIgniter->createController()
 5 SYSTEMPATH/CodeIgniter.php(361): CodeIgniter\CodeIgniter->handleRequest()
 6 FCPATH/index.php(79): CodeIgniter\CodeIgniter->run()
CRITICAL - 2023-11-16 21:42:50 --> Call to a member function getResult() on bool
in APPPATH/Database/DatabaseHandler.php on line 46.
 1 APPPATH/Models/AddressModel.php(36): App\Database\DatabaseHandler->query()
 2 APPPATH/Models/UserModel.php(44): App\Models\AddressModel::createNewAddress()
 3 APPPATH/Controllers/HomepageController.php(22): App\Models\UserModel::createNewUser()
 4 SYSTEMPATH/CodeIgniter.php(914): App\Controllers\HomepageController->__construct()
 5 SYSTEMPATH/CodeIgniter.php(493): CodeIgniter\CodeIgniter->createController()
 6 SYSTEMPATH/CodeIgniter.php(361): CodeIgniter\CodeIgniter->handleRequest()
 7 FCPATH/index.php(79): CodeIgniter\CodeIgniter->run()
CRITICAL - 2023-11-16 21:42:56 --> Call to a member function getResult() on bool
in APPPATH/Database/DatabaseHandler.php on line 46.
 1 APPPATH/Models/AddressModel.php(39): App\Database\DatabaseHandler->query()
 2 APPPATH/Models/UserModel.php(44): App\Models\AddressModel::createNewAddress()
 3 APPPATH/Controllers/HomepageController.php(22): App\Models\UserModel::createNewUser()
 4 SYSTEMPATH/CodeIgniter.php(914): App\Controllers\HomepageController->__construct()
 5 SYSTEMPATH/CodeIgniter.php(493): CodeIgniter\CodeIgniter->createController()
 6 SYSTEMPATH/CodeIgniter.php(361): CodeIgniter\CodeIgniter->handleRequest()
 7 FCPATH/index.php(79): CodeIgniter\CodeIgniter->run()
CRITICAL - 2023-11-16 21:42:58 --> Call to a member function getResult() on bool
in APPPATH/Database/DatabaseHandler.php on line 46.
 1 APPPATH/Models/UserModel.php(47): App\Database\DatabaseHandler->query()
 2 APPPATH/Controllers/HomepageController.php(22): App\Models\UserModel::createNewUser()
 3 SYSTEMPATH/CodeIgniter.php(914): App\Controllers\HomepageController->__construct()
 4 SYSTEMPATH/CodeIgniter.php(493): CodeIgniter\CodeIgniter->createController()
 5 SYSTEMPATH/CodeIgniter.php(361): CodeIgniter\CodeIgniter->handleRequest()
 6 FCPATH/index.php(79): CodeIgniter\CodeIgniter->run()
