INFO - 2023-11-26 13:29:27 --> Session: Class initialized using 'CodeIgniter\Session\Handlers\FileHandler' driver.
INFO - 2023-11-26 13:29:37 --> Session: Class initialized using 'CodeIgniter\Session\Handlers\FileHandler' driver.
INFO - 2023-11-26 13:29:52 --> Session: Class initialized using 'CodeIgniter\Session\Handlers\FileHandler' driver.
ERROR - 2023-11-26 13:29:53 --> Error connecting to the database: mysqli_sql_exception: No such file or directory in /app/system/Database/MySQLi/Connection.php:185
Stack trace:
#0 /app/system/Database/MySQLi/Connection.php(185): mysqli->real_connect()
#1 /app/system/Database/BaseConnection.php(392): CodeIgniter\Database\MySQLi\Connection->connect()
#2 /app/system/Database/BaseConnection.php(575): CodeIgniter\Database\BaseConnection->initialize()
#3 /app/app/Database/DatabaseHandler.php(73): CodeIgniter\Database\BaseConnection->query()
#4 /app/app/Models/UserModel.php(59): App\Database\DatabaseHandler->query()
#5 /app/app/Models/UserModel.php(81): App\Models\UserModel->loadByEmail()
#6 /app/app/Controllers/LoginController.php(64): App\Models\UserModel::getUserByEmail()
#7 /app/app/Controllers/LoginController.php(51): App\Controllers\LoginController->tryLogin()
#8 /app/system/CodeIgniter.php(942): App\Controllers\LoginController->login()
#9 /app/system/CodeIgniter.php(502): CodeIgniter\CodeIgniter->runController()
#10 /app/system/CodeIgniter.php(361): CodeIgniter\CodeIgniter->handleRequest()
#11 /app/public/index.php(79): CodeIgniter\CodeIgniter->run()
#12 {main}

Next CodeIgniter\Database\Exceptions\DatabaseException: No such file or directory in /app/system/Database/MySQLi/Connection.php:229
Stack trace:
#0 /app/system/Database/BaseConnection.php(392): CodeIgniter\Database\MySQLi\Connection->connect()
#1 /app/system/Database/BaseConnection.php(575): CodeIgniter\Database\BaseConnection->initialize()
#2 /app/app/Database/DatabaseHandler.php(73): CodeIgniter\Database\BaseConnection->query()
#3 /app/app/Models/UserModel.php(59): App\Database\DatabaseHandler->query()
#4 /app/app/Models/UserModel.php(81): App\Models\UserModel->loadByEmail()
#5 /app/app/Controllers/LoginController.php(64): App\Models\UserModel::getUserByEmail()
#6 /app/app/Controllers/LoginController.php(51): App\Controllers\LoginController->tryLogin()
#7 /app/system/CodeIgniter.php(942): App\Controllers\LoginController->login()
#8 /app/system/CodeIgniter.php(502): CodeIgniter\CodeIgniter->runController()
#9 /app/system/CodeIgniter.php(361): CodeIgniter\CodeIgniter->handleRequest()
#10 /app/public/index.php(79): CodeIgniter\CodeIgniter->run()
#11 {main}
INFO - 2023-11-26 13:30:09 --> Session: Class initialized using 'CodeIgniter\Session\Handlers\FileHandler' driver.
INFO - 2023-11-26 13:37:52 --> Session: Class initialized using 'CodeIgniter\Session\Handlers\FileHandler' driver.
INFO - 2023-11-26 13:38:04 --> Session: Class initialized using 'CodeIgniter\Session\Handlers\FileHandler' driver.
ERROR - 2023-11-26 13:38:04 --> Error connecting to the database: mysqli_sql_exception: No such file or directory in /app/system/Database/MySQLi/Connection.php:185
Stack trace:
#0 /app/system/Database/MySQLi/Connection.php(185): mysqli->real_connect()
#1 /app/system/Database/BaseConnection.php(392): CodeIgniter\Database\MySQLi\Connection->connect()
#2 /app/system/Database/BaseConnection.php(575): CodeIgniter\Database\BaseConnection->initialize()
#3 /app/app/Database/DatabaseHandler.php(73): CodeIgniter\Database\BaseConnection->query()
#4 /app/app/Models/UserModel.php(59): App\Database\DatabaseHandler->query()
#5 /app/app/Models/UserModel.php(81): App\Models\UserModel->loadByEmail()
#6 /app/app/Controllers/LoginController.php(64): App\Models\UserModel::getUserByEmail()
#7 /app/app/Controllers/LoginController.php(51): App\Controllers\LoginController->tryLogin()
#8 /app/system/CodeIgniter.php(942): App\Controllers\LoginController->login()
#9 /app/system/CodeIgniter.php(502): CodeIgniter\CodeIgniter->runController()
#10 /app/system/CodeIgniter.php(361): CodeIgniter\CodeIgniter->handleRequest()
#11 /app/public/index.php(79): CodeIgniter\CodeIgniter->run()
#12 {main}

Next CodeIgniter\Database\Exceptions\DatabaseException: No such file or directory in /app/system/Database/MySQLi/Connection.php:229
Stack trace:
#0 /app/system/Database/BaseConnection.php(392): CodeIgniter\Database\MySQLi\Connection->connect()
#1 /app/system/Database/BaseConnection.php(575): CodeIgniter\Database\BaseConnection->initialize()
#2 /app/app/Database/DatabaseHandler.php(73): CodeIgniter\Database\BaseConnection->query()
#3 /app/app/Models/UserModel.php(59): App\Database\DatabaseHandler->query()
#4 /app/app/Models/UserModel.php(81): App\Models\UserModel->loadByEmail()
#5 /app/app/Controllers/LoginController.php(64): App\Models\UserModel::getUserByEmail()
#6 /app/app/Controllers/LoginController.php(51): App\Controllers\LoginController->tryLogin()
#7 /app/system/CodeIgniter.php(942): App\Controllers\LoginController->login()
#8 /app/system/CodeIgniter.php(502): CodeIgniter\CodeIgniter->runController()
#9 /app/system/CodeIgniter.php(361): CodeIgniter\CodeIgniter->handleRequest()
#10 /app/public/index.php(79): CodeIgniter\CodeIgniter->run()
#11 {main}
INFO - 2023-11-26 13:39:07 --> Session: Class initialized using 'CodeIgniter\Session\Handlers\FileHandler' driver.
INFO - 2023-11-26 14:18:39 --> Session: Class initialized using 'CodeIgniter\Session\Handlers\FileHandler' driver.
INFO - 2023-11-26 14:19:41 --> Session: Class initialized using 'CodeIgniter\Session\Handlers\FileHandler' driver.
INFO - 2023-11-26 14:20:09 --> Session: Class initialized using 'CodeIgniter\Session\Handlers\FileHandler' driver.
INFO - 2023-11-26 14:21:30 --> Session: Class initialized using 'CodeIgniter\Session\Handlers\FileHandler' driver.
INFO - 2023-11-26 14:21:41 --> Session: Class initialized using 'CodeIgniter\Session\Handlers\FileHandler' driver.
INFO - 2023-11-26 14:23:16 --> Session: Class initialized using 'CodeIgniter\Session\Handlers\FileHandler' driver.
INFO - 2023-11-26 14:23:36 --> Session: Class initialized using 'CodeIgniter\Session\Handlers\FileHandler' driver.
ERROR - 2023-11-26 14:23:36 --> Error connecting to the database: mysqli_sql_exception: No such file or directory in /app/system/Database/MySQLi/Connection.php:185
Stack trace:
#0 /app/system/Database/MySQLi/Connection.php(185): mysqli->real_connect()
#1 /app/system/Database/BaseConnection.php(392): CodeIgniter\Database\MySQLi\Connection->connect()
#2 /app/system/Database/BaseConnection.php(575): CodeIgniter\Database\BaseConnection->initialize()
#3 /app/app/Database/DatabaseHandler.php(73): CodeIgniter\Database\BaseConnection->query()
#4 /app/app/Models/UserModel.php(61): App\Database\DatabaseHandler->query()
#5 /app/app/Models/UserModel.php(83): App\Models\UserModel->loadByEmail()
#6 /app/app/Controllers/SignupController.php(86): App\Models\UserModel::getUserByEmail()
#7 /app/app/Controllers/SignupController.php(63): App\Controllers\SignupController->tryRegister()
#8 /app/system/CodeIgniter.php(942): App\Controllers\SignupController->register()
#9 /app/system/CodeIgniter.php(502): CodeIgniter\CodeIgniter->runController()
#10 /app/system/CodeIgniter.php(361): CodeIgniter\CodeIgniter->handleRequest()
#11 /app/public/index.php(79): CodeIgniter\CodeIgniter->run()
#12 {main}

Next CodeIgniter\Database\Exceptions\DatabaseException: No such file or directory in /app/system/Database/MySQLi/Connection.php:229
Stack trace:
#0 /app/system/Database/BaseConnection.php(392): CodeIgniter\Database\MySQLi\Connection->connect()
#1 /app/system/Database/BaseConnection.php(575): CodeIgniter\Database\BaseConnection->initialize()
#2 /app/app/Database/DatabaseHandler.php(73): CodeIgniter\Database\BaseConnection->query()
#3 /app/app/Models/UserModel.php(61): App\Database\DatabaseHandler->query()
#4 /app/app/Models/UserModel.php(83): App\Models\UserModel->loadByEmail()
#5 /app/app/Controllers/SignupController.php(86): App\Models\UserModel::getUserByEmail()
#6 /app/app/Controllers/SignupController.php(63): App\Controllers\SignupController->tryRegister()
#7 /app/system/CodeIgniter.php(942): App\Controllers\SignupController->register()
#8 /app/system/CodeIgniter.php(502): CodeIgniter\CodeIgniter->runController()
#9 /app/system/CodeIgniter.php(361): CodeIgniter\CodeIgniter->handleRequest()
#10 /app/public/index.php(79): CodeIgniter\CodeIgniter->run()
#11 {main}
INFO - 2023-11-26 14:41:11 --> Session: Class initialized using 'CodeIgniter\Session\Handlers\FileHandler' driver.
INFO - 2023-11-26 14:41:37 --> Session: Class initialized using 'CodeIgniter\Session\Handlers\FileHandler' driver.
ERROR - 2023-11-26 14:41:37 --> Error connecting to the database: mysqli_sql_exception: No such file or directory in /app/system/Database/MySQLi/Connection.php:185
Stack trace:
#0 /app/system/Database/MySQLi/Connection.php(185): mysqli->real_connect()
#1 /app/system/Database/BaseConnection.php(392): CodeIgniter\Database\MySQLi\Connection->connect()
#2 /app/system/Database/BaseConnection.php(575): CodeIgniter\Database\BaseConnection->initialize()
#3 /app/app/Database/DatabaseHandler.php(73): CodeIgniter\Database\BaseConnection->query()
#4 /app/app/Models/UserModel.php(61): App\Database\DatabaseHandler->query()
#5 /app/app/Models/UserModel.php(83): App\Models\UserModel->loadByEmail()
#6 /app/app/Controllers/SignupController.php(86): App\Models\UserModel::getUserByEmail()
#7 /app/app/Controllers/SignupController.php(63): App\Controllers\SignupController->tryRegister()
#8 /app/system/CodeIgniter.php(942): App\Controllers\SignupController->register()
#9 /app/system/CodeIgniter.php(502): CodeIgniter\CodeIgniter->runController()
#10 /app/system/CodeIgniter.php(361): CodeIgniter\CodeIgniter->handleRequest()
#11 /app/public/index.php(79): CodeIgniter\CodeIgniter->run()
#12 {main}

Next CodeIgniter\Database\Exceptions\DatabaseException: No such file or directory in /app/system/Database/MySQLi/Connection.php:229
Stack trace:
#0 /app/system/Database/BaseConnection.php(392): CodeIgniter\Database\MySQLi\Connection->connect()
#1 /app/system/Database/BaseConnection.php(575): CodeIgniter\Database\BaseConnection->initialize()
#2 /app/app/Database/DatabaseHandler.php(73): CodeIgniter\Database\BaseConnection->query()
#3 /app/app/Models/UserModel.php(61): App\Database\DatabaseHandler->query()
#4 /app/app/Models/UserModel.php(83): App\Models\UserModel->loadByEmail()
#5 /app/app/Controllers/SignupController.php(86): App\Models\UserModel::getUserByEmail()
#6 /app/app/Controllers/SignupController.php(63): App\Controllers\SignupController->tryRegister()
#7 /app/system/CodeIgniter.php(942): App\Controllers\SignupController->register()
#8 /app/system/CodeIgniter.php(502): CodeIgniter\CodeIgniter->runController()
#9 /app/system/CodeIgniter.php(361): CodeIgniter\CodeIgniter->handleRequest()
#10 /app/public/index.php(79): CodeIgniter\CodeIgniter->run()
#11 {main}
INFO - 2023-11-26 14:47:28 --> Session: Class initialized using 'CodeIgniter\Session\Handlers\FileHandler' driver.
INFO - 2023-11-26 14:47:44 --> Session: Class initialized using 'CodeIgniter\Session\Handlers\FileHandler' driver.
ERROR - 2023-11-26 14:47:44 --> Error connecting to the database: mysqli_sql_exception: No such file or directory in /app/system/Database/MySQLi/Connection.php:185
Stack trace:
#0 /app/system/Database/MySQLi/Connection.php(185): mysqli->real_connect()
#1 /app/system/Database/BaseConnection.php(392): CodeIgniter\Database\MySQLi\Connection->connect()
#2 /app/system/Database/BaseConnection.php(575): CodeIgniter\Database\BaseConnection->initialize()
#3 /app/app/Database/DatabaseHandler.php(73): CodeIgniter\Database\BaseConnection->query()
#4 /app/app/Models/UserModel.php(61): App\Database\DatabaseHandler->query()
#5 /app/app/Models/UserModel.php(83): App\Models\UserModel->loadByEmail()
#6 /app/app/Controllers/SignupController.php(86): App\Models\UserModel::getUserByEmail()
#7 /app/app/Controllers/SignupController.php(63): App\Controllers\SignupController->tryRegister()
#8 /app/system/CodeIgniter.php(942): App\Controllers\SignupController->register()
#9 /app/system/CodeIgniter.php(502): CodeIgniter\CodeIgniter->runController()
#10 /app/system/CodeIgniter.php(361): CodeIgniter\CodeIgniter->handleRequest()
#11 /app/public/index.php(79): CodeIgniter\CodeIgniter->run()
#12 {main}

Next CodeIgniter\Database\Exceptions\DatabaseException: No such file or directory in /app/system/Database/MySQLi/Connection.php:229
Stack trace:
#0 /app/system/Database/BaseConnection.php(392): CodeIgniter\Database\MySQLi\Connection->connect()
#1 /app/system/Database/BaseConnection.php(575): CodeIgniter\Database\BaseConnection->initialize()
#2 /app/app/Database/DatabaseHandler.php(73): CodeIgniter\Database\BaseConnection->query()
#3 /app/app/Models/UserModel.php(61): App\Database\DatabaseHandler->query()
#4 /app/app/Models/UserModel.php(83): App\Models\UserModel->loadByEmail()
#5 /app/app/Controllers/SignupController.php(86): App\Models\UserModel::getUserByEmail()
#6 /app/app/Controllers/SignupController.php(63): App\Controllers\SignupController->tryRegister()
#7 /app/system/CodeIgniter.php(942): App\Controllers\SignupController->register()
#8 /app/system/CodeIgniter.php(502): CodeIgniter\CodeIgniter->runController()
#9 /app/system/CodeIgniter.php(361): CodeIgniter\CodeIgniter->handleRequest()
#10 /app/public/index.php(79): CodeIgniter\CodeIgniter->run()
#11 {main}
INFO - 2023-11-26 14:51:05 --> Session: Class initialized using 'CodeIgniter\Session\Handlers\FileHandler' driver.
INFO - 2023-11-26 14:51:56 --> Session: Class initialized using 'CodeIgniter\Session\Handlers\FileHandler' driver.
ERROR - 2023-11-26 14:51:56 --> Error connecting to the database: mysqli_sql_exception: No such file or directory in /app/system/Database/MySQLi/Connection.php:185
Stack trace:
#0 /app/system/Database/MySQLi/Connection.php(185): mysqli->real_connect()
#1 /app/system/Database/BaseConnection.php(392): CodeIgniter\Database\MySQLi\Connection->connect()
#2 /app/system/Database/BaseConnection.php(575): CodeIgniter\Database\BaseConnection->initialize()
#3 /app/app/Database/DatabaseHandler.php(73): CodeIgniter\Database\BaseConnection->query()
#4 /app/app/Models/UserModel.php(61): App\Database\DatabaseHandler->query()
#5 /app/app/Models/UserModel.php(83): App\Models\UserModel->loadByEmail()
#6 /app/app/Controllers/SignupController.php(86): App\Models\UserModel::getUserByEmail()
#7 /app/app/Controllers/SignupController.php(63): App\Controllers\SignupController->tryRegister()
#8 /app/system/CodeIgniter.php(942): App\Controllers\SignupController->register()
#9 /app/system/CodeIgniter.php(502): CodeIgniter\CodeIgniter->runController()
#10 /app/system/CodeIgniter.php(361): CodeIgniter\CodeIgniter->handleRequest()
#11 /app/public/index.php(79): CodeIgniter\CodeIgniter->run()
#12 {main}

Next CodeIgniter\Database\Exceptions\DatabaseException: No such file or directory in /app/system/Database/MySQLi/Connection.php:229
Stack trace:
#0 /app/system/Database/BaseConnection.php(392): CodeIgniter\Database\MySQLi\Connection->connect()
#1 /app/system/Database/BaseConnection.php(575): CodeIgniter\Database\BaseConnection->initialize()
#2 /app/app/Database/DatabaseHandler.php(73): CodeIgniter\Database\BaseConnection->query()
#3 /app/app/Models/UserModel.php(61): App\Database\DatabaseHandler->query()
#4 /app/app/Models/UserModel.php(83): App\Models\UserModel->loadByEmail()
#5 /app/app/Controllers/SignupController.php(86): App\Models\UserModel::getUserByEmail()
#6 /app/app/Controllers/SignupController.php(63): App\Controllers\SignupController->tryRegister()
#7 /app/system/CodeIgniter.php(942): App\Controllers\SignupController->register()
#8 /app/system/CodeIgniter.php(502): CodeIgniter\CodeIgniter->runController()
#9 /app/system/CodeIgniter.php(361): CodeIgniter\CodeIgniter->handleRequest()
#10 /app/public/index.php(79): CodeIgniter\CodeIgniter->run()
#11 {main}
INFO - 2023-11-26 14:52:24 --> Session: Class initialized using 'CodeIgniter\Session\Handlers\FileHandler' driver.
ERROR - 2023-11-26 14:52:24 --> Error connecting to the database: mysqli_sql_exception: No such file or directory in /app/system/Database/MySQLi/Connection.php:185
Stack trace:
#0 /app/system/Database/MySQLi/Connection.php(185): mysqli->real_connect()
#1 /app/system/Database/BaseConnection.php(392): CodeIgniter\Database\MySQLi\Connection->connect()
#2 /app/system/Database/BaseConnection.php(575): CodeIgniter\Database\BaseConnection->initialize()
#3 /app/app/Database/DatabaseHandler.php(73): CodeIgniter\Database\BaseConnection->query()
#4 /app/app/Models/UserModel.php(61): App\Database\DatabaseHandler->query()
#5 /app/app/Models/UserModel.php(83): App\Models\UserModel->loadByEmail()
#6 /app/app/Controllers/SignupController.php(86): App\Models\UserModel::getUserByEmail()
#7 /app/app/Controllers/SignupController.php(63): App\Controllers\SignupController->tryRegister()
#8 /app/system/CodeIgniter.php(942): App\Controllers\SignupController->register()
#9 /app/system/CodeIgniter.php(502): CodeIgniter\CodeIgniter->runController()
#10 /app/system/CodeIgniter.php(361): CodeIgniter\CodeIgniter->handleRequest()
#11 /app/public/index.php(79): CodeIgniter\CodeIgniter->run()
#12 {main}

Next CodeIgniter\Database\Exceptions\DatabaseException: No such file or directory in /app/system/Database/MySQLi/Connection.php:229
Stack trace:
#0 /app/system/Database/BaseConnection.php(392): CodeIgniter\Database\MySQLi\Connection->connect()
#1 /app/system/Database/BaseConnection.php(575): CodeIgniter\Database\BaseConnection->initialize()
#2 /app/app/Database/DatabaseHandler.php(73): CodeIgniter\Database\BaseConnection->query()
#3 /app/app/Models/UserModel.php(61): App\Database\DatabaseHandler->query()
#4 /app/app/Models/UserModel.php(83): App\Models\UserModel->loadByEmail()
#5 /app/app/Controllers/SignupController.php(86): App\Models\UserModel::getUserByEmail()
#6 /app/app/Controllers/SignupController.php(63): App\Controllers\SignupController->tryRegister()
#7 /app/system/CodeIgniter.php(942): App\Controllers\SignupController->register()
#8 /app/system/CodeIgniter.php(502): CodeIgniter\CodeIgniter->runController()
#9 /app/system/CodeIgniter.php(361): CodeIgniter\CodeIgniter->handleRequest()
#10 /app/public/index.php(79): CodeIgniter\CodeIgniter->run()
#11 {main}
INFO - 2023-11-26 14:52:33 --> Session: Class initialized using 'CodeIgniter\Session\Handlers\FileHandler' driver.
INFO - 2023-11-26 14:53:14 --> Session: Class initialized using 'CodeIgniter\Session\Handlers\FileHandler' driver.
ERROR - 2023-11-26 14:53:14 --> Error connecting to the database: mysqli_sql_exception: No such file or directory in /app/system/Database/MySQLi/Connection.php:185
Stack trace:
#0 /app/system/Database/MySQLi/Connection.php(185): mysqli->real_connect()
#1 /app/system/Database/BaseConnection.php(392): CodeIgniter\Database\MySQLi\Connection->connect()
#2 /app/system/Database/BaseConnection.php(575): CodeIgniter\Database\BaseConnection->initialize()
#3 /app/app/Database/DatabaseHandler.php(73): CodeIgniter\Database\BaseConnection->query()
#4 /app/app/Models/UserModel.php(61): App\Database\DatabaseHandler->query()
#5 /app/app/Models/UserModel.php(83): App\Models\UserModel->loadByEmail()
#6 /app/app/Controllers/SignupController.php(86): App\Models\UserModel::getUserByEmail()
#7 /app/app/Controllers/SignupController.php(63): App\Controllers\SignupController->tryRegister()
#8 /app/system/CodeIgniter.php(942): App\Controllers\SignupController->register()
#9 /app/system/CodeIgniter.php(502): CodeIgniter\CodeIgniter->runController()
#10 /app/system/CodeIgniter.php(361): CodeIgniter\CodeIgniter->handleRequest()
#11 /app/public/index.php(79): CodeIgniter\CodeIgniter->run()
#12 {main}

Next CodeIgniter\Database\Exceptions\DatabaseException: No such file or directory in /app/system/Database/MySQLi/Connection.php:229
Stack trace:
#0 /app/system/Database/BaseConnection.php(392): CodeIgniter\Database\MySQLi\Connection->connect()
#1 /app/system/Database/BaseConnection.php(575): CodeIgniter\Database\BaseConnection->initialize()
#2 /app/app/Database/DatabaseHandler.php(73): CodeIgniter\Database\BaseConnection->query()
#3 /app/app/Models/UserModel.php(61): App\Database\DatabaseHandler->query()
#4 /app/app/Models/UserModel.php(83): App\Models\UserModel->loadByEmail()
#5 /app/app/Controllers/SignupController.php(86): App\Models\UserModel::getUserByEmail()
#6 /app/app/Controllers/SignupController.php(63): App\Controllers\SignupController->tryRegister()
#7 /app/system/CodeIgniter.php(942): App\Controllers\SignupController->register()
#8 /app/system/CodeIgniter.php(502): CodeIgniter\CodeIgniter->runController()
#9 /app/system/CodeIgniter.php(361): CodeIgniter\CodeIgniter->handleRequest()
#10 /app/public/index.php(79): CodeIgniter\CodeIgniter->run()
#11 {main}
INFO - 2023-11-26 15:02:21 --> Session: Class initialized using 'CodeIgniter\Session\Handlers\FileHandler' driver.
ERROR - 2023-11-26 15:02:21 --> Error connecting to the database: mysqli_sql_exception: No such file or directory in /app/system/Database/MySQLi/Connection.php:185
Stack trace:
#0 /app/system/Database/MySQLi/Connection.php(185): mysqli->real_connect()
#1 /app/system/Database/BaseConnection.php(392): CodeIgniter\Database\MySQLi\Connection->connect()
#2 /app/system/Database/BaseConnection.php(575): CodeIgniter\Database\BaseConnection->initialize()
#3 /app/app/Database/DatabaseHandler.php(73): CodeIgniter\Database\BaseConnection->query()
#4 /app/app/Models/UserModel.php(61): App\Database\DatabaseHandler->query()
#5 /app/app/Models/UserModel.php(83): App\Models\UserModel->loadByEmail()
#6 /app/app/Controllers/SignupController.php(86): App\Models\UserModel::getUserByEmail()
#7 /app/app/Controllers/SignupController.php(63): App\Controllers\SignupController->tryRegister()
#8 /app/system/CodeIgniter.php(942): App\Controllers\SignupController->register()
#9 /app/system/CodeIgniter.php(502): CodeIgniter\CodeIgniter->runController()
#10 /app/system/CodeIgniter.php(361): CodeIgniter\CodeIgniter->handleRequest()
#11 /app/public/index.php(79): CodeIgniter\CodeIgniter->run()
#12 {main}

Next CodeIgniter\Database\Exceptions\DatabaseException: No such file or directory in /app/system/Database/MySQLi/Connection.php:229
Stack trace:
#0 /app/system/Database/BaseConnection.php(392): CodeIgniter\Database\MySQLi\Connection->connect()
#1 /app/system/Database/BaseConnection.php(575): CodeIgniter\Database\BaseConnection->initialize()
#2 /app/app/Database/DatabaseHandler.php(73): CodeIgniter\Database\BaseConnection->query()
#3 /app/app/Models/UserModel.php(61): App\Database\DatabaseHandler->query()
#4 /app/app/Models/UserModel.php(83): App\Models\UserModel->loadByEmail()
#5 /app/app/Controllers/SignupController.php(86): App\Models\UserModel::getUserByEmail()
#6 /app/app/Controllers/SignupController.php(63): App\Controllers\SignupController->tryRegister()
#7 /app/system/CodeIgniter.php(942): App\Controllers\SignupController->register()
#8 /app/system/CodeIgniter.php(502): CodeIgniter\CodeIgniter->runController()
#9 /app/system/CodeIgniter.php(361): CodeIgniter\CodeIgniter->handleRequest()
#10 /app/public/index.php(79): CodeIgniter\CodeIgniter->run()
#11 {main}
INFO - 2023-11-26 15:04:59 --> Session: Class initialized using 'CodeIgniter\Session\Handlers\FileHandler' driver.
INFO - 2023-11-26 15:07:56 --> Session: Class initialized using 'CodeIgniter\Session\Handlers\FileHandler' driver.
INFO - 2023-11-26 15:08:04 --> Session: Class initialized using 'CodeIgniter\Session\Handlers\FileHandler' driver.
INFO - 2023-11-26 15:09:33 --> Session: Class initialized using 'CodeIgniter\Session\Handlers\FileHandler' driver.
INFO - 2023-11-26 15:09:51 --> Session: Class initialized using 'CodeIgniter\Session\Handlers\FileHandler' driver.
INFO - 2023-11-26 15:09:58 --> Session: Class initialized using 'CodeIgniter\Session\Handlers\FileHandler' driver.
INFO - 2023-11-26 15:10:45 --> Session: Class initialized using 'CodeIgniter\Session\Handlers\FileHandler' driver.
INFO - 2023-11-26 15:11:11 --> Session: Class initialized using 'CodeIgniter\Session\Handlers\FileHandler' driver.
INFO - 2023-11-26 15:11:24 --> Session: Class initialized using 'CodeIgniter\Session\Handlers\FileHandler' driver.
INFO - 2023-11-26 15:12:04 --> Session: Class initialized using 'CodeIgniter\Session\Handlers\FileHandler' driver.
INFO - 2023-11-26 15:12:29 --> Session: Class initialized using 'CodeIgniter\Session\Handlers\FileHandler' driver.
INFO - 2023-11-26 15:12:46 --> Session: Class initialized using 'CodeIgniter\Session\Handlers\FileHandler' driver.
INFO - 2023-11-26 15:13:38 --> Session: Class initialized using 'CodeIgniter\Session\Handlers\FileHandler' driver.
INFO - 2023-11-26 15:14:15 --> Session: Class initialized using 'CodeIgniter\Session\Handlers\FileHandler' driver.
INFO - 2023-11-26 15:14:48 --> Session: Class initialized using 'CodeIgniter\Session\Handlers\FileHandler' driver.
INFO - 2023-11-26 15:27:12 --> Session: Class initialized using 'CodeIgniter\Session\Handlers\FileHandler' driver.
INFO - 2023-11-26 15:28:25 --> Session: Class initialized using 'CodeIgniter\Session\Handlers\FileHandler' driver.
INFO - 2023-11-26 15:28:39 --> Session: Class initialized using 'CodeIgniter\Session\Handlers\FileHandler' driver.
INFO - 2023-11-26 15:30:17 --> Session: Class initialized using 'CodeIgniter\Session\Handlers\FileHandler' driver.
INFO - 2023-11-26 15:33:03 --> Session: Class initialized using 'CodeIgniter\Session\Handlers\FileHandler' driver.
INFO - 2023-11-26 15:33:16 --> Session: Class initialized using 'CodeIgniter\Session\Handlers\FileHandler' driver.
INFO - 2023-11-26 15:35:22 --> Session: Class initialized using 'CodeIgniter\Session\Handlers\FileHandler' driver.
INFO - 2023-11-26 15:35:41 --> Session: Class initialized using 'CodeIgniter\Session\Handlers\FileHandler' driver.
INFO - 2023-11-26 15:35:50 --> Session: Class initialized using 'CodeIgniter\Session\Handlers\FileHandler' driver.
INFO - 2023-11-26 15:36:03 --> Session: Class initialized using 'CodeIgniter\Session\Handlers\FileHandler' driver.
INFO - 2023-11-26 15:36:14 --> Session: Class initialized using 'CodeIgniter\Session\Handlers\FileHandler' driver.
INFO - 2023-11-26 15:36:20 --> Session: Class initialized using 'CodeIgniter\Session\Handlers\FileHandler' driver.
INFO - 2023-11-26 15:36:38 --> Session: Class initialized using 'CodeIgniter\Session\Handlers\FileHandler' driver.
INFO - 2023-11-26 15:37:06 --> Session: Class initialized using 'CodeIgniter\Session\Handlers\FileHandler' driver.
INFO - 2023-11-26 15:38:01 --> Session: Class initialized using 'CodeIgniter\Session\Handlers\FileHandler' driver.
INFO - 2023-11-26 15:38:14 --> Session: Class initialized using 'CodeIgniter\Session\Handlers\FileHandler' driver.
INFO - 2023-11-26 15:39:51 --> Session: Class initialized using 'CodeIgniter\Session\Handlers\FileHandler' driver.
INFO - 2023-11-26 15:44:20 --> Session: Class initialized using 'CodeIgniter\Session\Handlers\FileHandler' driver.
INFO - 2023-11-26 15:44:34 --> Session: Class initialized using 'CodeIgniter\Session\Handlers\FileHandler' driver.
INFO - 2023-11-26 15:44:52 --> Session: Class initialized using 'CodeIgniter\Session\Handlers\FileHandler' driver.
INFO - 2023-11-26 15:46:52 --> Session: Class initialized using 'CodeIgniter\Session\Handlers\FileHandler' driver.
INFO - 2023-11-26 15:47:17 --> Session: Class initialized using 'CodeIgniter\Session\Handlers\FileHandler' driver.
INFO - 2023-11-26 15:47:27 --> Session: Class initialized using 'CodeIgniter\Session\Handlers\FileHandler' driver.
INFO - 2023-11-26 15:47:47 --> Session: Class initialized using 'CodeIgniter\Session\Handlers\FileHandler' driver.
INFO - 2023-11-26 15:51:02 --> Session: Class initialized using 'CodeIgniter\Session\Handlers\FileHandler' driver.
INFO - 2023-11-26 15:51:58 --> Session: Class initialized using 'CodeIgniter\Session\Handlers\FileHandler' driver.
INFO - 2023-11-26 15:52:03 --> Session: Class initialized using 'CodeIgniter\Session\Handlers\FileHandler' driver.
INFO - 2023-11-26 15:52:32 --> Session: Class initialized using 'CodeIgniter\Session\Handlers\FileHandler' driver.
INFO - 2023-11-26 15:53:26 --> Session: Class initialized using 'CodeIgniter\Session\Handlers\FileHandler' driver.
INFO - 2023-11-26 15:53:35 --> Session: Class initialized using 'CodeIgniter\Session\Handlers\FileHandler' driver.
INFO - 2023-11-26 15:54:51 --> Session: Class initialized using 'CodeIgniter\Session\Handlers\FileHandler' driver.
INFO - 2023-11-26 20:15:23 --> Session: Class initialized using 'CodeIgniter\Session\Handlers\FileHandler' driver.
