CRITICAL - 2024-01-01 15:36:48 --> Call to a member function loadFoodItems() on null
in APPPATH/Controllers/FoodtruckController.php on line 35.
 1 SYSTEMPATH/CodeIgniter.php(942): App\Controllers\FoodtruckController->index()
 2 SYSTEMPATH/CodeIgniter.php(502): CodeIgniter\CodeIgniter->runController()
 3 SYSTEMPATH/CodeIgniter.php(361): CodeIgniter\CodeIgniter->handleRequest()
 4 FCPATH/index.php(79): CodeIgniter\CodeIgniter->run()
INFO - 2024-01-01 22:21:25 --> Session: Class initialized using 'CodeIgniter\Session\Handlers\FileHandler' driver.
INFO - 2024-01-01 22:21:30 --> Session: Class initialized using 'CodeIgniter\Session\Handlers\FileHandler' driver.
INFO - 2024-01-01 22:21:34 --> Session: Class initialized using 'CodeIgniter\Session\Handlers\FileHandler' driver.
INFO - 2024-01-01 22:21:51 --> Session: Class initialized using 'CodeIgniter\Session\Handlers\FileHandler' driver.
INFO - 2024-01-01 22:21:54 --> Session: Class initialized using 'CodeIgniter\Session\Handlers\FileHandler' driver.
INFO - 2024-01-01 22:22:15 --> Session: Class initialized using 'CodeIgniter\Session\Handlers\FileHandler' driver.
INFO - 2024-01-01 22:22:19 --> Session: Class initialized using 'CodeIgniter\Session\Handlers\FileHandler' driver.
INFO - 2024-01-01 22:22:24 --> Session: Class initialized using 'CodeIgniter\Session\Handlers\FileHandler' driver.
INFO - 2024-01-01 22:24:00 --> Session: Class initialized using 'CodeIgniter\Session\Handlers\FileHandler' driver.
INFO - 2024-01-01 22:24:04 --> Session: Class initialized using 'CodeIgniter\Session\Handlers\FileHandler' driver.
INFO - 2024-01-01 22:24:13 --> Session: Class initialized using 'CodeIgniter\Session\Handlers\FileHandler' driver.
INFO - 2024-01-01 22:27:33 --> Session: Class initialized using 'CodeIgniter\Session\Handlers\FileHandler' driver.
INFO - 2024-01-01 22:27:37 --> Session: Class initialized using 'CodeIgniter\Session\Handlers\FileHandler' driver.
INFO - 2024-01-01 22:27:42 --> Session: Class initialized using 'CodeIgniter\Session\Handlers\FileHandler' driver.
ERROR - 2024-01-01 22:27:43 --> mysqli_sql_exception: Duplicate entry '1-Brood-bloem' for key 'fooditemingredient.PRIMARY' in /app/system/Database/MySQLi/Connection.php:306
Stack trace:
#0 /app/system/Database/MySQLi/Connection.php(306): mysqli->query()
#1 /app/system/Database/BaseConnection.php(693): CodeIgniter\Database\MySQLi\Connection->execute()
#2 /app/system/Database/BaseConnection.php(607): CodeIgniter\Database\BaseConnection->simpleQuery()
#3 /app/app/Database/DatabaseHandler.php(76): CodeIgniter\Database\BaseConnection->query()
#4 /app/app/Models/FoodItemModel.php(278): App\Database\DatabaseHandler->query()
#5 /app/app/Models/FoodItemModel.php(161): App\Models\FoodItemModel->saveIngredientsData()
#6 /app/app/Controllers/FoodtruckController.php(147): App\Models\FoodItemModel->save()
#7 /app/system/CodeIgniter.php(942): App\Controllers\FoodtruckController->saveFoodItem()
#8 /app/system/CodeIgniter.php(502): CodeIgniter\CodeIgniter->runController()
#9 /app/system/CodeIgniter.php(361): CodeIgniter\CodeIgniter->handleRequest()
#10 /app/public/index.php(79): CodeIgniter\CodeIgniter->run()
#11 {main}
CRITICAL - 2024-01-01 22:27:43 --> Duplicate entry '1-Brood-bloem' for key 'fooditemingredient.PRIMARY'
in SYSTEMPATH/Database/BaseConnection.php on line 647.
 1 APPPATH/Database/DatabaseHandler.php(76): CodeIgniter\Database\BaseConnection->query()
 2 APPPATH/Models/FoodItemModel.php(278): App\Database\DatabaseHandler->query()
 3 APPPATH/Models/FoodItemModel.php(161): App\Models\FoodItemModel->saveIngredientsData()
 4 APPPATH/Controllers/FoodtruckController.php(147): App\Models\FoodItemModel->save()
 5 SYSTEMPATH/CodeIgniter.php(942): App\Controllers\FoodtruckController->saveFoodItem()
 6 SYSTEMPATH/CodeIgniter.php(502): CodeIgniter\CodeIgniter->runController()
 7 SYSTEMPATH/CodeIgniter.php(361): CodeIgniter\CodeIgniter->handleRequest()
 8 FCPATH/index.php(79): CodeIgniter\CodeIgniter->run()
INFO - 2024-01-01 22:30:10 --> Session: Class initialized using 'CodeIgniter\Session\Handlers\FileHandler' driver.
INFO - 2024-01-01 22:30:16 --> Session: Class initialized using 'CodeIgniter\Session\Handlers\FileHandler' driver.
INFO - 2024-01-01 22:30:25 --> Session: Class initialized using 'CodeIgniter\Session\Handlers\FileHandler' driver.
INFO - 2024-01-01 22:32:13 --> Session: Class initialized using 'CodeIgniter\Session\Handlers\FileHandler' driver.
INFO - 2024-01-01 22:32:18 --> Session: Class initialized using 'CodeIgniter\Session\Handlers\FileHandler' driver.
INFO - 2024-01-01 22:32:26 --> Session: Class initialized using 'CodeIgniter\Session\Handlers\FileHandler' driver.
ERROR - 2024-01-01 22:32:26 --> mysqli_sql_exception: Cannot delete or update a parent row: a foreign key constraint fails (`fruckr`.`fooditemmedia`, CONSTRAINT `fk_FoodItem` FOREIGN KEY (`foodtruck`, `foodName`) REFERENCES `fooditem` (`foodtruck`, `name`)) in /app/system/Database/MySQLi/Connection.php:306
Stack trace:
#0 /app/system/Database/MySQLi/Connection.php(306): mysqli->query()
#1 /app/system/Database/BaseConnection.php(693): CodeIgniter\Database\MySQLi\Connection->execute()
#2 /app/system/Database/BaseConnection.php(607): CodeIgniter\Database\BaseConnection->simpleQuery()
#3 /app/app/Database/DatabaseHandler.php(76): CodeIgniter\Database\BaseConnection->query()
#4 /app/app/Models/FoodItemModel.php(262): App\Database\DatabaseHandler->query()
#5 /app/app/Models/FoodItemModel.php(160): App\Models\FoodItemModel->saveGeneralData()
#6 /app/app/Controllers/FoodtruckController.php(147): App\Models\FoodItemModel->save()
#7 /app/system/CodeIgniter.php(942): App\Controllers\FoodtruckController->saveFoodItem()
#8 /app/system/CodeIgniter.php(502): CodeIgniter\CodeIgniter->runController()
#9 /app/system/CodeIgniter.php(361): CodeIgniter\CodeIgniter->handleRequest()
#10 /app/public/index.php(79): CodeIgniter\CodeIgniter->run()
#11 {main}
CRITICAL - 2024-01-01 22:32:27 --> Cannot delete or update a parent row: a foreign key constraint fails (`fruckr`.`fooditemmedia`, CONSTRAINT `fk_FoodItem` FOREIGN KEY (`foodtruck`, `foodName`) REFERENCES `fooditem` (`foodtruck`, `name`))
in SYSTEMPATH/Database/BaseConnection.php on line 647.
 1 APPPATH/Database/DatabaseHandler.php(76): CodeIgniter\Database\BaseConnection->query()
 2 APPPATH/Models/FoodItemModel.php(262): App\Database\DatabaseHandler->query()
 3 APPPATH/Models/FoodItemModel.php(160): App\Models\FoodItemModel->saveGeneralData()
 4 APPPATH/Controllers/FoodtruckController.php(147): App\Models\FoodItemModel->save()
 5 SYSTEMPATH/CodeIgniter.php(942): App\Controllers\FoodtruckController->saveFoodItem()
 6 SYSTEMPATH/CodeIgniter.php(502): CodeIgniter\CodeIgniter->runController()
 7 SYSTEMPATH/CodeIgniter.php(361): CodeIgniter\CodeIgniter->handleRequest()
 8 FCPATH/index.php(79): CodeIgniter\CodeIgniter->run()
INFO - 2024-01-01 22:32:55 --> Session: Class initialized using 'CodeIgniter\Session\Handlers\FileHandler' driver.
INFO - 2024-01-01 22:33:10 --> Session: Class initialized using 'CodeIgniter\Session\Handlers\FileHandler' driver.
INFO - 2024-01-01 22:35:45 --> Session: Class initialized using 'CodeIgniter\Session\Handlers\FileHandler' driver.
INFO - 2024-01-01 22:35:56 --> Session: Class initialized using 'CodeIgniter\Session\Handlers\FileHandler' driver.
INFO - 2024-01-01 22:36:33 --> Session: Class initialized using 'CodeIgniter\Session\Handlers\FileHandler' driver.
INFO - 2024-01-01 22:36:39 --> Session: Class initialized using 'CodeIgniter\Session\Handlers\FileHandler' driver.
INFO - 2024-01-01 22:36:49 --> Session: Class initialized using 'CodeIgniter\Session\Handlers\FileHandler' driver.
INFO - 2024-01-01 22:36:55 --> Session: Class initialized using 'CodeIgniter\Session\Handlers\FileHandler' driver.
INFO - 2024-01-01 22:37:50 --> Session: Class initialized using 'CodeIgniter\Session\Handlers\FileHandler' driver.
