INFO - 2023-12-02 13:21:44 --> Session: Class initialized using 'CodeIgniter\Session\Handlers\FileHandler' driver.
CRITICAL - 2023-12-02 13:21:44 --> Call to a member function isFoodtruckOwner() on null
in APPPATH/Views/MyFoodtrucks.php on line 11.
 1 SYSTEMPATH/View/View.php(228): include()
 2 SYSTEMPATH/View/View.php(231): CodeIgniter\View\View->CodeIgniter\View\{closure}()
 3 SYSTEMPATH/Common.php(1190): CodeIgniter\View\View->render()
 4 SYSTEMPATH/Common.php(1204): view()
 5 APPPATH/Controllers/BaseController.php(87): viewPage()
 6 APPPATH/Controllers/MyFoodtrucksController.php(11): App\Controllers\BaseController->viewingPage()
 7 SYSTEMPATH/CodeIgniter.php(942): App\Controllers\MyFoodtrucksController->index()
 8 SYSTEMPATH/CodeIgniter.php(502): CodeIgniter\CodeIgniter->runController()
 9 SYSTEMPATH/CodeIgniter.php(361): CodeIgniter\CodeIgniter->handleRequest()
10 FCPATH/index.php(79): CodeIgniter\CodeIgniter->run()
INFO - 2023-12-02 13:21:57 --> Session: Class initialized using 'CodeIgniter\Session\Handlers\FileHandler' driver.
INFO - 2023-12-02 13:31:33 --> Session: Class initialized using 'CodeIgniter\Session\Handlers\FileHandler' driver.
INFO - 2023-12-02 13:31:39 --> Session: Class initialized using 'CodeIgniter\Session\Handlers\FileHandler' driver.
ERROR - 2023-12-02 13:31:39 --> Error connecting to the database: mysqli_sql_exception: No such file or directory in /app/system/Database/MySQLi/Connection.php:185
Stack trace:
#0 /app/system/Database/MySQLi/Connection.php(185): mysqli->real_connect()
#1 /app/system/Database/BaseConnection.php(392): CodeIgniter\Database\MySQLi\Connection->connect()
#2 /app/system/Database/BaseConnection.php(575): CodeIgniter\Database\BaseConnection->initialize()
#3 /app/app/Database/DatabaseHandler.php(73): CodeIgniter\Database\BaseConnection->query()
#4 /app/app/Models/UserModel.php(62): App\Database\DatabaseHandler->query()
#5 /app/app/Models/UserModel.php(84): App\Models\UserModel->loadByEmail()
#6 /app/app/Controllers/LoginController.php(64): App\Models\UserModel::getUserByEmail()
#7 /app/app/Controllers/LoginController.php(51): App\Controllers\LoginController->tryLogin()
#8 /app/system/CodeIgniter.php(942): App\Controllers\LoginController->login()
#9 /app/system/CodeIgniter.php(502): CodeIgniter\CodeIgniter->runController()
#10 /app/system/CodeIgniter.php(361): CodeIgniter\CodeIgniter->handleRequest()
#11 /app/public/index.php(79): CodeIgniter\CodeIgniter->run()
#12 {main}

Next CodeIgniter\Database\Exceptions\DatabaseException: No such file or directory in /app/system/Database/MySQLi/Connection.php:229
Stack trace:
#0 /app/system/Database/BaseConnection.php(392): CodeIgniter\Database\MySQLi\Connection->connect()
#1 /app/system/Database/BaseConnection.php(575): CodeIgniter\Database\BaseConnection->initialize()
#2 /app/app/Database/DatabaseHandler.php(73): CodeIgniter\Database\BaseConnection->query()
#3 /app/app/Models/UserModel.php(62): App\Database\DatabaseHandler->query()
#4 /app/app/Models/UserModel.php(84): App\Models\UserModel->loadByEmail()
#5 /app/app/Controllers/LoginController.php(64): App\Models\UserModel::getUserByEmail()
#6 /app/app/Controllers/LoginController.php(51): App\Controllers\LoginController->tryLogin()
#7 /app/system/CodeIgniter.php(942): App\Controllers\LoginController->login()
#8 /app/system/CodeIgniter.php(502): CodeIgniter\CodeIgniter->runController()
#9 /app/system/CodeIgniter.php(361): CodeIgniter\CodeIgniter->handleRequest()
#10 /app/public/index.php(79): CodeIgniter\CodeIgniter->run()
#11 {main}
ERROR - 2023-12-02 13:32:44 --> Error connecting to the database: mysqli_sql_exception: No such file or directory in /app/system/Database/MySQLi/Connection.php:185
Stack trace:
#0 /app/system/Database/MySQLi/Connection.php(185): mysqli->real_connect()
#1 /app/system/Database/BaseConnection.php(392): CodeIgniter\Database\MySQLi\Connection->connect()
#2 /app/system/Database/BaseConnection.php(575): CodeIgniter\Database\BaseConnection->initialize()
#3 /app/app/Database/DatabaseHandler.php(73): CodeIgniter\Database\BaseConnection->query()
#4 /app/app/Models/UserModel.php(62): App\Database\DatabaseHandler->query()
#5 /app/app/Models/UserModel.php(84): App\Models\UserModel->loadByEmail()
#6 /app/app/Controllers/LoginController.php(64): App\Models\UserModel::getUserByEmail()
#7 /app/app/Controllers/LoginController.php(51): App\Controllers\LoginController->tryLogin()
#8 /app/system/CodeIgniter.php(942): App\Controllers\LoginController->login()
#9 /app/system/CodeIgniter.php(502): CodeIgniter\CodeIgniter->runController()
#10 /app/system/CodeIgniter.php(361): CodeIgniter\CodeIgniter->handleRequest()
#11 /app/public/index.php(79): CodeIgniter\CodeIgniter->run()
#12 {main}

Next CodeIgniter\Database\Exceptions\DatabaseException: No such file or directory in /app/system/Database/MySQLi/Connection.php:229
Stack trace:
#0 /app/system/Database/BaseConnection.php(392): CodeIgniter\Database\MySQLi\Connection->connect()
#1 /app/system/Database/BaseConnection.php(575): CodeIgniter\Database\BaseConnection->initialize()
#2 /app/app/Database/DatabaseHandler.php(73): CodeIgniter\Database\BaseConnection->query()
#3 /app/app/Models/UserModel.php(62): App\Database\DatabaseHandler->query()
#4 /app/app/Models/UserModel.php(84): App\Models\UserModel->loadByEmail()
#5 /app/app/Controllers/LoginController.php(64): App\Models\UserModel::getUserByEmail()
#6 /app/app/Controllers/LoginController.php(51): App\Controllers\LoginController->tryLogin()
#7 /app/system/CodeIgniter.php(942): App\Controllers\LoginController->login()
#8 /app/system/CodeIgniter.php(502): CodeIgniter\CodeIgniter->runController()
#9 /app/system/CodeIgniter.php(361): CodeIgniter\CodeIgniter->handleRequest()
#10 /app/public/index.php(79): CodeIgniter\CodeIgniter->run()
#11 {main}
INFO - 2023-12-02 13:32:59 --> Session: Class initialized using 'CodeIgniter\Session\Handlers\FileHandler' driver.
INFO - 2023-12-02 13:33:05 --> Session: Class initialized using 'CodeIgniter\Session\Handlers\FileHandler' driver.
ERROR - 2023-12-02 13:33:05 --> Error connecting to the database: mysqli_sql_exception: No such file or directory in /app/system/Database/MySQLi/Connection.php:185
Stack trace:
#0 /app/system/Database/MySQLi/Connection.php(185): mysqli->real_connect()
#1 /app/system/Database/BaseConnection.php(392): CodeIgniter\Database\MySQLi\Connection->connect()
#2 /app/system/Database/BaseConnection.php(575): CodeIgniter\Database\BaseConnection->initialize()
#3 /app/app/Database/DatabaseHandler.php(73): CodeIgniter\Database\BaseConnection->query()
#4 /app/app/Models/UserModel.php(62): App\Database\DatabaseHandler->query()
#5 /app/app/Models/UserModel.php(84): App\Models\UserModel->loadByEmail()
#6 /app/app/Controllers/LoginController.php(64): App\Models\UserModel::getUserByEmail()
#7 /app/app/Controllers/LoginController.php(51): App\Controllers\LoginController->tryLogin()
#8 /app/system/CodeIgniter.php(942): App\Controllers\LoginController->login()
#9 /app/system/CodeIgniter.php(502): CodeIgniter\CodeIgniter->runController()
#10 /app/system/CodeIgniter.php(361): CodeIgniter\CodeIgniter->handleRequest()
#11 /app/public/index.php(79): CodeIgniter\CodeIgniter->run()
#12 {main}

Next CodeIgniter\Database\Exceptions\DatabaseException: No such file or directory in /app/system/Database/MySQLi/Connection.php:229
Stack trace:
#0 /app/system/Database/BaseConnection.php(392): CodeIgniter\Database\MySQLi\Connection->connect()
#1 /app/system/Database/BaseConnection.php(575): CodeIgniter\Database\BaseConnection->initialize()
#2 /app/app/Database/DatabaseHandler.php(73): CodeIgniter\Database\BaseConnection->query()
#3 /app/app/Models/UserModel.php(62): App\Database\DatabaseHandler->query()
#4 /app/app/Models/UserModel.php(84): App\Models\UserModel->loadByEmail()
#5 /app/app/Controllers/LoginController.php(64): App\Models\UserModel::getUserByEmail()
#6 /app/app/Controllers/LoginController.php(51): App\Controllers\LoginController->tryLogin()
#7 /app/system/CodeIgniter.php(942): App\Controllers\LoginController->login()
#8 /app/system/CodeIgniter.php(502): CodeIgniter\CodeIgniter->runController()
#9 /app/system/CodeIgniter.php(361): CodeIgniter\CodeIgniter->handleRequest()
#10 /app/public/index.php(79): CodeIgniter\CodeIgniter->run()
#11 {main}
INFO - 2023-12-02 13:34:58 --> Session: Class initialized using 'CodeIgniter\Session\Handlers\FileHandler' driver.
ERROR - 2023-12-02 13:34:58 --> Error connecting to the database: ErrorException: mysqli::real_connect(): Error while reading greeting packet. PID=182 in /app/system/Database/MySQLi/Connection.php:185
Stack trace:
#0 [internal function]: CodeIgniter\Debug\Exceptions->errorHandler()
#1 /app/system/Database/MySQLi/Connection.php(185): mysqli->real_connect()
#2 /app/system/Database/BaseConnection.php(392): CodeIgniter\Database\MySQLi\Connection->connect()
#3 /app/system/Database/BaseConnection.php(575): CodeIgniter\Database\BaseConnection->initialize()
#4 /app/app/Database/DatabaseHandler.php(73): CodeIgniter\Database\BaseConnection->query()
#5 /app/app/Models/UserModel.php(62): App\Database\DatabaseHandler->query()
#6 /app/app/Models/UserModel.php(84): App\Models\UserModel->loadByEmail()
#7 /app/app/Controllers/LoginController.php(64): App\Models\UserModel::getUserByEmail()
#8 /app/app/Controllers/LoginController.php(51): App\Controllers\LoginController->tryLogin()
#9 /app/system/CodeIgniter.php(942): App\Controllers\LoginController->login()
#10 /app/system/CodeIgniter.php(502): CodeIgniter\CodeIgniter->runController()
#11 /app/system/CodeIgniter.php(361): CodeIgniter\CodeIgniter->handleRequest()
#12 /app/public/index.php(79): CodeIgniter\CodeIgniter->run()
#13 {main}

Next mysqli_sql_exception: MySQL server has gone away in /app/system/Database/MySQLi/Connection.php:185
Stack trace:
#0 /app/system/Database/MySQLi/Connection.php(185): mysqli->real_connect()
#1 /app/system/Database/BaseConnection.php(392): CodeIgniter\Database\MySQLi\Connection->connect()
#2 /app/system/Database/BaseConnection.php(575): CodeIgniter\Database\BaseConnection->initialize()
#3 /app/app/Database/DatabaseHandler.php(73): CodeIgniter\Database\BaseConnection->query()
#4 /app/app/Models/UserModel.php(62): App\Database\DatabaseHandler->query()
#5 /app/app/Models/UserModel.php(84): App\Models\UserModel->loadByEmail()
#6 /app/app/Controllers/LoginController.php(64): App\Models\UserModel::getUserByEmail()
#7 /app/app/Controllers/LoginController.php(51): App\Controllers\LoginController->tryLogin()
#8 /app/system/CodeIgniter.php(942): App\Controllers\LoginController->login()
#9 /app/system/CodeIgniter.php(502): CodeIgniter\CodeIgniter->runController()
#10 /app/system/CodeIgniter.php(361): CodeIgniter\CodeIgniter->handleRequest()
#11 /app/public/index.php(79): CodeIgniter\CodeIgniter->run()
#12 {main}

Next CodeIgniter\Database\Exceptions\DatabaseException: MySQL server has gone away in /app/system/Database/MySQLi/Connection.php:229
Stack trace:
#0 /app/system/Database/BaseConnection.php(392): CodeIgniter\Database\MySQLi\Connection->connect()
#1 /app/system/Database/BaseConnection.php(575): CodeIgniter\Database\BaseConnection->initialize()
#2 /app/app/Database/DatabaseHandler.php(73): CodeIgniter\Database\BaseConnection->query()
#3 /app/app/Models/UserModel.php(62): App\Database\DatabaseHandler->query()
#4 /app/app/Models/UserModel.php(84): App\Models\UserModel->loadByEmail()
#5 /app/app/Controllers/LoginController.php(64): App\Models\UserModel::getUserByEmail()
#6 /app/app/Controllers/LoginController.php(51): App\Controllers\LoginController->tryLogin()
#7 /app/system/CodeIgniter.php(942): App\Controllers\LoginController->login()
#8 /app/system/CodeIgniter.php(502): CodeIgniter\CodeIgniter->runController()
#9 /app/system/CodeIgniter.php(361): CodeIgniter\CodeIgniter->handleRequest()
#10 /app/public/index.php(79): CodeIgniter\CodeIgniter->run()
#11 {main}
INFO - 2023-12-02 13:35:03 --> Session: Class initialized using 'CodeIgniter\Session\Handlers\FileHandler' driver.
INFO - 2023-12-02 13:35:07 --> Session: Class initialized using 'CodeIgniter\Session\Handlers\FileHandler' driver.
ERROR - 2023-12-02 13:35:07 --> Error connecting to the database: mysqli_sql_exception: Connection refused in /app/system/Database/MySQLi/Connection.php:185
Stack trace:
#0 /app/system/Database/MySQLi/Connection.php(185): mysqli->real_connect()
#1 /app/system/Database/BaseConnection.php(392): CodeIgniter\Database\MySQLi\Connection->connect()
#2 /app/system/Database/BaseConnection.php(575): CodeIgniter\Database\BaseConnection->initialize()
#3 /app/app/Database/DatabaseHandler.php(73): CodeIgniter\Database\BaseConnection->query()
#4 /app/app/Models/UserModel.php(62): App\Database\DatabaseHandler->query()
#5 /app/app/Models/UserModel.php(84): App\Models\UserModel->loadByEmail()
#6 /app/app/Controllers/LoginController.php(64): App\Models\UserModel::getUserByEmail()
#7 /app/app/Controllers/LoginController.php(51): App\Controllers\LoginController->tryLogin()
#8 /app/system/CodeIgniter.php(942): App\Controllers\LoginController->login()
#9 /app/system/CodeIgniter.php(502): CodeIgniter\CodeIgniter->runController()
#10 /app/system/CodeIgniter.php(361): CodeIgniter\CodeIgniter->handleRequest()
#11 /app/public/index.php(79): CodeIgniter\CodeIgniter->run()
#12 {main}

Next CodeIgniter\Database\Exceptions\DatabaseException: Connection refused in /app/system/Database/MySQLi/Connection.php:229
Stack trace:
#0 /app/system/Database/BaseConnection.php(392): CodeIgniter\Database\MySQLi\Connection->connect()
#1 /app/system/Database/BaseConnection.php(575): CodeIgniter\Database\BaseConnection->initialize()
#2 /app/app/Database/DatabaseHandler.php(73): CodeIgniter\Database\BaseConnection->query()
#3 /app/app/Models/UserModel.php(62): App\Database\DatabaseHandler->query()
#4 /app/app/Models/UserModel.php(84): App\Models\UserModel->loadByEmail()
#5 /app/app/Controllers/LoginController.php(64): App\Models\UserModel::getUserByEmail()
#6 /app/app/Controllers/LoginController.php(51): App\Controllers\LoginController->tryLogin()
#7 /app/system/CodeIgniter.php(942): App\Controllers\LoginController->login()
#8 /app/system/CodeIgniter.php(502): CodeIgniter\CodeIgniter->runController()
#9 /app/system/CodeIgniter.php(361): CodeIgniter\CodeIgniter->handleRequest()
#10 /app/public/index.php(79): CodeIgniter\CodeIgniter->run()
#11 {main}
INFO - 2023-12-02 13:39:32 --> Session: Class initialized using 'CodeIgniter\Session\Handlers\FileHandler' driver.
INFO - 2023-12-02 13:39:36 --> Session: Class initialized using 'CodeIgniter\Session\Handlers\FileHandler' driver.
INFO - 2023-12-02 13:39:37 --> Session: Class initialized using 'CodeIgniter\Session\Handlers\FileHandler' driver.
INFO - 2023-12-02 13:39:38 --> Session: Class initialized using 'CodeIgniter\Session\Handlers\FileHandler' driver.
INFO - 2023-12-02 13:39:42 --> Session: Class initialized using 'CodeIgniter\Session\Handlers\FileHandler' driver.
INFO - 2023-12-02 13:40:14 --> Session: Class initialized using 'CodeIgniter\Session\Handlers\FileHandler' driver.
INFO - 2023-12-02 13:44:38 --> Session: Class initialized using 'CodeIgniter\Session\Handlers\FileHandler' driver.
INFO - 2023-12-02 13:45:16 --> Session: Class initialized using 'CodeIgniter\Session\Handlers\FileHandler' driver.
INFO - 2023-12-02 13:47:05 --> Session: Class initialized using 'CodeIgniter\Session\Handlers\FileHandler' driver.
INFO - 2023-12-02 13:48:30 --> Session: Class initialized using 'CodeIgniter\Session\Handlers\FileHandler' driver.
INFO - 2023-12-02 13:48:37 --> Session: Class initialized using 'CodeIgniter\Session\Handlers\FileHandler' driver.
INFO - 2023-12-02 13:49:02 --> Session: Class initialized using 'CodeIgniter\Session\Handlers\FileHandler' driver.
INFO - 2023-12-02 13:49:23 --> Session: Class initialized using 'CodeIgniter\Session\Handlers\FileHandler' driver.
INFO - 2023-12-02 13:49:42 --> Session: Class initialized using 'CodeIgniter\Session\Handlers\FileHandler' driver.
INFO - 2023-12-02 13:50:15 --> Session: Class initialized using 'CodeIgniter\Session\Handlers\FileHandler' driver.
INFO - 2023-12-02 13:51:33 --> Session: Class initialized using 'CodeIgniter\Session\Handlers\FileHandler' driver.
INFO - 2023-12-02 13:54:01 --> Session: Class initialized using 'CodeIgniter\Session\Handlers\FileHandler' driver.
INFO - 2023-12-02 13:56:56 --> Session: Class initialized using 'CodeIgniter\Session\Handlers\FileHandler' driver.
INFO - 2023-12-02 13:57:13 --> Session: Class initialized using 'CodeIgniter\Session\Handlers\FileHandler' driver.
INFO - 2023-12-02 13:58:01 --> Session: Class initialized using 'CodeIgniter\Session\Handlers\FileHandler' driver.
INFO - 2023-12-02 13:58:50 --> Session: Class initialized using 'CodeIgniter\Session\Handlers\FileHandler' driver.
INFO - 2023-12-02 14:46:52 --> Session: Class initialized using 'CodeIgniter\Session\Handlers\FileHandler' driver.
INFO - 2023-12-02 14:47:00 --> Session: Class initialized using 'CodeIgniter\Session\Handlers\FileHandler' driver.
INFO - 2023-12-02 15:27:42 --> Session: Class initialized using 'CodeIgniter\Session\Handlers\FileHandler' driver.
INFO - 2023-12-02 15:27:57 --> Session: Class initialized using 'CodeIgniter\Session\Handlers\FileHandler' driver.
INFO - 2023-12-02 15:31:22 --> Session: Class initialized using 'CodeIgniter\Session\Handlers\FileHandler' driver.
INFO - 2023-12-02 15:35:08 --> Session: Class initialized using 'CodeIgniter\Session\Handlers\FileHandler' driver.
INFO - 2023-12-02 15:39:06 --> Session: Class initialized using 'CodeIgniter\Session\Handlers\FileHandler' driver.
INFO - 2023-12-02 15:39:22 --> Session: Class initialized using 'CodeIgniter\Session\Handlers\FileHandler' driver.
INFO - 2023-12-02 15:40:59 --> Session: Class initialized using 'CodeIgniter\Session\Handlers\FileHandler' driver.
INFO - 2023-12-02 15:41:11 --> Session: Class initialized using 'CodeIgniter\Session\Handlers\FileHandler' driver.
INFO - 2023-12-02 15:41:40 --> Session: Class initialized using 'CodeIgniter\Session\Handlers\FileHandler' driver.
INFO - 2023-12-02 15:42:52 --> Session: Class initialized using 'CodeIgniter\Session\Handlers\FileHandler' driver.
INFO - 2023-12-02 15:42:57 --> Session: Class initialized using 'CodeIgniter\Session\Handlers\FileHandler' driver.
INFO - 2023-12-02 15:43:05 --> Session: Class initialized using 'CodeIgniter\Session\Handlers\FileHandler' driver.
INFO - 2023-12-02 15:43:14 --> Session: Class initialized using 'CodeIgniter\Session\Handlers\FileHandler' driver.
INFO - 2023-12-02 15:43:41 --> Session: Class initialized using 'CodeIgniter\Session\Handlers\FileHandler' driver.
INFO - 2023-12-02 15:44:19 --> Session: Class initialized using 'CodeIgniter\Session\Handlers\FileHandler' driver.
INFO - 2023-12-02 15:45:26 --> Session: Class initialized using 'CodeIgniter\Session\Handlers\FileHandler' driver.
INFO - 2023-12-02 15:45:46 --> Session: Class initialized using 'CodeIgniter\Session\Handlers\FileHandler' driver.
INFO - 2023-12-02 15:45:52 --> Session: Class initialized using 'CodeIgniter\Session\Handlers\FileHandler' driver.
INFO - 2023-12-02 15:47:38 --> Session: Class initialized using 'CodeIgniter\Session\Handlers\FileHandler' driver.
INFO - 2023-12-02 15:48:09 --> Session: Class initialized using 'CodeIgniter\Session\Handlers\FileHandler' driver.
INFO - 2023-12-02 15:50:32 --> Session: Class initialized using 'CodeIgniter\Session\Handlers\FileHandler' driver.
INFO - 2023-12-02 15:50:57 --> Session: Class initialized using 'CodeIgniter\Session\Handlers\FileHandler' driver.
INFO - 2023-12-02 15:53:42 --> Session: Class initialized using 'CodeIgniter\Session\Handlers\FileHandler' driver.
INFO - 2023-12-02 15:55:15 --> Session: Class initialized using 'CodeIgniter\Session\Handlers\FileHandler' driver.
INFO - 2023-12-02 15:55:21 --> Session: Class initialized using 'CodeIgniter\Session\Handlers\FileHandler' driver.
INFO - 2023-12-02 15:55:22 --> Session: Class initialized using 'CodeIgniter\Session\Handlers\FileHandler' driver.
INFO - 2023-12-02 15:55:28 --> Session: Class initialized using 'CodeIgniter\Session\Handlers\FileHandler' driver.
CRITICAL - 2023-12-02 15:55:28 --> Call to a member function isFoodtruckOwner() on null
in APPPATH/Views/MyFoodtrucks.php on line 17.
 1 SYSTEMPATH/View/View.php(228): include()
 2 SYSTEMPATH/View/View.php(231): CodeIgniter\View\View->CodeIgniter\View\{closure}()
 3 SYSTEMPATH/Common.php(1190): CodeIgniter\View\View->render()
 4 SYSTEMPATH/Common.php(1204): view()
 5 APPPATH/Controllers/BaseController.php(87): viewPage()
 6 APPPATH/Controllers/MyFoodtrucksController.php(11): App\Controllers\BaseController->viewingPage()
 7 SYSTEMPATH/CodeIgniter.php(942): App\Controllers\MyFoodtrucksController->index()
 8 SYSTEMPATH/CodeIgniter.php(502): CodeIgniter\CodeIgniter->runController()
 9 SYSTEMPATH/CodeIgniter.php(361): CodeIgniter\CodeIgniter->handleRequest()
10 FCPATH/index.php(79): CodeIgniter\CodeIgniter->run()
INFO - 2023-12-02 15:56:05 --> Session: Class initialized using 'CodeIgniter\Session\Handlers\FileHandler' driver.
INFO - 2023-12-02 15:56:06 --> Session: Class initialized using 'CodeIgniter\Session\Handlers\FileHandler' driver.
INFO - 2023-12-02 15:56:11 --> Session: Class initialized using 'CodeIgniter\Session\Handlers\FileHandler' driver.
INFO - 2023-12-02 15:56:12 --> Session: Class initialized using 'CodeIgniter\Session\Handlers\FileHandler' driver.
INFO - 2023-12-02 15:56:57 --> Session: Class initialized using 'CodeIgniter\Session\Handlers\FileHandler' driver.
INFO - 2023-12-02 15:56:58 --> Session: Class initialized using 'CodeIgniter\Session\Handlers\FileHandler' driver.
INFO - 2023-12-02 15:58:07 --> Session: Class initialized using 'CodeIgniter\Session\Handlers\FileHandler' driver.
INFO - 2023-12-02 15:58:09 --> Session: Class initialized using 'CodeIgniter\Session\Handlers\FileHandler' driver.
INFO - 2023-12-02 15:58:16 --> Session: Class initialized using 'CodeIgniter\Session\Handlers\FileHandler' driver.
INFO - 2023-12-02 15:58:17 --> Session: Class initialized using 'CodeIgniter\Session\Handlers\FileHandler' driver.
INFO - 2023-12-02 16:00:24 --> Session: Class initialized using 'CodeIgniter\Session\Handlers\FileHandler' driver.
INFO - 2023-12-02 16:00:31 --> Session: Class initialized using 'CodeIgniter\Session\Handlers\FileHandler' driver.
INFO - 2023-12-02 16:00:35 --> Session: Class initialized using 'CodeIgniter\Session\Handlers\FileHandler' driver.
INFO - 2023-12-02 16:00:36 --> Session: Class initialized using 'CodeIgniter\Session\Handlers\FileHandler' driver.
INFO - 2023-12-02 16:00:42 --> Session: Class initialized using 'CodeIgniter\Session\Handlers\FileHandler' driver.
INFO - 2023-12-02 16:00:43 --> Session: Class initialized using 'CodeIgniter\Session\Handlers\FileHandler' driver.
INFO - 2023-12-02 16:00:47 --> Session: Class initialized using 'CodeIgniter\Session\Handlers\FileHandler' driver.
INFO - 2023-12-02 16:01:30 --> Session: Class initialized using 'CodeIgniter\Session\Handlers\FileHandler' driver.
INFO - 2023-12-02 16:02:15 --> Session: Class initialized using 'CodeIgniter\Session\Handlers\FileHandler' driver.
INFO - 2023-12-02 16:04:32 --> Session: Class initialized using 'CodeIgniter\Session\Handlers\FileHandler' driver.
INFO - 2023-12-02 17:07:49 --> Session: Class initialized using 'CodeIgniter\Session\Handlers\FileHandler' driver.
INFO - 2023-12-02 17:07:50 --> Session: Class initialized using 'CodeIgniter\Session\Handlers\FileHandler' driver.
INFO - 2023-12-02 17:07:55 --> Session: Class initialized using 'CodeIgniter\Session\Handlers\FileHandler' driver.
INFO - 2023-12-02 17:07:55 --> Session: Class initialized using 'CodeIgniter\Session\Handlers\FileHandler' driver.
INFO - 2023-12-02 17:07:59 --> Session: Class initialized using 'CodeIgniter\Session\Handlers\FileHandler' driver.
INFO - 2023-12-02 17:08:22 --> Session: Class initialized using 'CodeIgniter\Session\Handlers\FileHandler' driver.
INFO - 2023-12-02 18:22:14 --> Session: Class initialized using 'CodeIgniter\Session\Handlers\FileHandler' driver.
