CRITICAL - 2024-01-28 23:37:37 --> preg_replace(): Delimiter must not be alphanumeric or backslash
in APPPATH/DataObjects/BlobData.php on line 47.
 1 [internal function]: CodeIgniter\Debug\Exceptions->errorHandler()
 2 APPPATH/DataObjects/BlobData.php(47): preg_replace()
 3 APPPATH/Views/Foodtruck_Owner.php(12): App\DataObjects\BlobData->toHtml()
 4 SYSTEMPATH/View/View.php(228): include('/app/app/Views/Foodtruck_Owner.php')
 5 SYSTEMPATH/View/View.php(231): CodeIgniter\View\View->CodeIgniter\View\{closure}()
 6 SYSTEMPATH/Common.php(1190): CodeIgniter\View\View->render()
 7 SYSTEMPATH/Common.php(1204): view()
 8 APPPATH/Controllers/BaseController.php(76): viewPage()
 9 APPPATH/Controllers/FoodtruckController.php(50): App\Controllers\BaseController->viewingPage()
10 SYSTEMPATH/CodeIgniter.php(942): App\Controllers\FoodtruckController->index()
11 SYSTEMPATH/CodeIgniter.php(502): CodeIgniter\CodeIgniter->runController()
12 SYSTEMPATH/CodeIgniter.php(361): CodeIgniter\CodeIgniter->handleRequest()
13 FCPATH/index.php(79): CodeIgniter\CodeIgniter->run()
INFO - 2024-01-28 23:37:58 --> Session: Class initialized using 'CodeIgniter\Session\Handlers\FileHandler' driver.
CRITICAL - 2024-01-28 23:37:58 --> preg_replace(): Delimiter must not be alphanumeric or backslash
in APPPATH/DataObjects/BlobData.php on line 47.
 1 [internal function]: CodeIgniter\Debug\Exceptions->errorHandler()
 2 APPPATH/DataObjects/BlobData.php(47): preg_replace()
 3 APPPATH/Views/Foodtruck_Owner.php(12): App\DataObjects\BlobData->toHtml()
 4 SYSTEMPATH/View/View.php(228): include('/app/app/Views/Foodtruck_Owner.php')
 5 SYSTEMPATH/View/View.php(231): CodeIgniter\View\View->CodeIgniter\View\{closure}()
 6 SYSTEMPATH/Common.php(1190): CodeIgniter\View\View->render()
 7 SYSTEMPATH/Common.php(1204): view()
 8 APPPATH/Controllers/BaseController.php(76): viewPage()
 9 APPPATH/Controllers/FoodtruckController.php(50): App\Controllers\BaseController->viewingPage()
10 SYSTEMPATH/CodeIgniter.php(942): App\Controllers\FoodtruckController->index()
11 SYSTEMPATH/CodeIgniter.php(502): CodeIgniter\CodeIgniter->runController()
12 SYSTEMPATH/CodeIgniter.php(361): CodeIgniter\CodeIgniter->handleRequest()
13 FCPATH/index.php(79): CodeIgniter\CodeIgniter->run()
INFO - 2024-01-28 23:38:32 --> Session: Class initialized using 'CodeIgniter\Session\Handlers\FileHandler' driver.
INFO - 2024-01-28 23:38:36 --> Session: Class initialized using 'CodeIgniter\Session\Handlers\FileHandler' driver.
