ERROR - 2023-11-19 13:07:35 --> Error connecting to the database: mysqli_sql_exception: No such file or directory in /app/system/Database/MySQLi/Connection.php:185
Stack trace:
#0 /app/system/Database/MySQLi/Connection.php(185): mysqli->real_connect()
#1 /app/system/Database/BaseConnection.php(392): CodeIgniter\Database\MySQLi\Connection->connect()
#2 /app/system/Database/BaseConnection.php(575): CodeIgniter\Database\BaseConnection->initialize()
#3 /app/app/Database/DatabaseHandler.php(40): CodeIgniter\Database\BaseConnection->query()
#4 /app/app/Models/AddressModel.php(35): App\Database\DatabaseHandler->query()
#5 /app/app/Models/UserModel.php(44): App\Models\AddressModel::createNewAddress()
#6 /app/app/Controllers/HomepageController.php(22): App\Models\UserModel::createNewUser()
#7 /app/system/CodeIgniter.php(914): App\Controllers\HomepageController->__construct()
#8 /app/system/CodeIgniter.php(493): CodeIgniter\CodeIgniter->createController()
#9 /app/system/CodeIgniter.php(361): CodeIgniter\CodeIgniter->handleRequest()
#10 /app/public/index.php(79): CodeIgniter\CodeIgniter->run()
#11 {main}

Next CodeIgniter\Database\Exceptions\DatabaseException: No such file or directory in /app/system/Database/MySQLi/Connection.php:229
Stack trace:
#0 /app/system/Database/BaseConnection.php(392): CodeIgniter\Database\MySQLi\Connection->connect()
#1 /app/system/Database/BaseConnection.php(575): CodeIgniter\Database\BaseConnection->initialize()
#2 /app/app/Database/DatabaseHandler.php(40): CodeIgniter\Database\BaseConnection->query()
#3 /app/app/Models/AddressModel.php(35): App\Database\DatabaseHandler->query()
#4 /app/app/Models/UserModel.php(44): App\Models\AddressModel::createNewAddress()
#5 /app/app/Controllers/HomepageController.php(22): App\Models\UserModel::createNewUser()
#6 /app/system/CodeIgniter.php(914): App\Controllers\HomepageController->__construct()
#7 /app/system/CodeIgniter.php(493): CodeIgniter\CodeIgniter->createController()
#8 /app/system/CodeIgniter.php(361): CodeIgniter\CodeIgniter->handleRequest()
#9 /app/public/index.php(79): CodeIgniter\CodeIgniter->run()
#10 {main}
CRITICAL - 2023-11-19 13:07:35 --> Unable to connect to the database.
Main connection [MySQLi]: No such file or directory
in SYSTEMPATH/Database/BaseConnection.php on line 428.
 1 SYSTEMPATH/Database/BaseConnection.php(575): CodeIgniter\Database\BaseConnection->initialize()
 2 APPPATH/Database/DatabaseHandler.php(40): CodeIgniter\Database\BaseConnection->query()
 3 APPPATH/Models/AddressModel.php(35): App\Database\DatabaseHandler->query()
 4 APPPATH/Models/UserModel.php(44): App\Models\AddressModel::createNewAddress()
 5 APPPATH/Controllers/HomepageController.php(22): App\Models\UserModel::createNewUser()
 6 SYSTEMPATH/CodeIgniter.php(914): App\Controllers\HomepageController->__construct()
 7 SYSTEMPATH/CodeIgniter.php(493): CodeIgniter\CodeIgniter->createController()
 8 SYSTEMPATH/CodeIgniter.php(361): CodeIgniter\CodeIgniter->handleRequest()
 9 FCPATH/index.php(79): CodeIgniter\CodeIgniter->run()
CRITICAL - 2023-11-19 14:58:13 --> preg_match(): Compilation failed: quantifier does not follow a repeatable item at offset 1
in APPPATH/Models/UserModel.php on line 140.
 1 [internal function]: CodeIgniter\Debug\Exceptions->errorHandler()
 2 APPPATH/Models/UserModel.php(140): preg_match()
 3 APPPATH/Models/UserModel.php(66): App\Models\UserModel::validateUserInput()
 4 APPPATH/Controllers/HomepageController.php(22): App\Models\UserModel::createNewUser()
 5 SYSTEMPATH/CodeIgniter.php(914): App\Controllers\HomepageController->__construct()
 6 SYSTEMPATH/CodeIgniter.php(493): CodeIgniter\CodeIgniter->createController()
 7 SYSTEMPATH/CodeIgniter.php(361): CodeIgniter\CodeIgniter->handleRequest()
 8 FCPATH/index.php(79): CodeIgniter\CodeIgniter->run()
CRITICAL - 2023-11-19 15:00:30 --> phoneNumber: a phone number can only contain numbers or a + in the beginning
in APPPATH/Models/UserModel.php on line 141.
 1 APPPATH/Models/UserModel.php(66): App\Models\UserModel::validateUserInput()
 2 APPPATH/Controllers/HomepageController.php(22): App\Models\UserModel::createNewUser()
 3 SYSTEMPATH/CodeIgniter.php(914): App\Controllers\HomepageController->__construct()
 4 SYSTEMPATH/CodeIgniter.php(493): CodeIgniter\CodeIgniter->createController()
 5 SYSTEMPATH/CodeIgniter.php(361): CodeIgniter\CodeIgniter->handleRequest()
 6 FCPATH/index.php(79): CodeIgniter\CodeIgniter->run()
CRITICAL - 2023-11-19 15:00:58 --> street: a street can only contain letters
in APPPATH/Models/UserModel.php on line 151.
 1 APPPATH/Models/UserModel.php(66): App\Models\UserModel::validateUserInput()
 2 APPPATH/Controllers/HomepageController.php(22): App\Models\UserModel::createNewUser()
 3 SYSTEMPATH/CodeIgniter.php(914): App\Controllers\HomepageController->__construct()
 4 SYSTEMPATH/CodeIgniter.php(493): CodeIgniter\CodeIgniter->createController()
 5 SYSTEMPATH/CodeIgniter.php(361): CodeIgniter\CodeIgniter->handleRequest()
 6 FCPATH/index.php(79): CodeIgniter\CodeIgniter->run()
CRITICAL - 2023-11-19 15:01:37 --> street: a street can only contain letters
in APPPATH/Models/UserModel.php on line 151.
 1 APPPATH/Models/UserModel.php(66): App\Models\UserModel::validateUserInput()
 2 APPPATH/Controllers/HomepageController.php(22): App\Models\UserModel::createNewUser()
 3 SYSTEMPATH/CodeIgniter.php(914): App\Controllers\HomepageController->__construct()
 4 SYSTEMPATH/CodeIgniter.php(493): CodeIgniter\CodeIgniter->createController()
 5 SYSTEMPATH/CodeIgniter.php(361): CodeIgniter\CodeIgniter->handleRequest()
 6 FCPATH/index.php(79): CodeIgniter\CodeIgniter->run()
CRITICAL - 2023-11-19 15:01:44 --> street: a street can only contain letters
in APPPATH/Models/UserModel.php on line 151.
 1 APPPATH/Models/UserModel.php(66): App\Models\UserModel::validateUserInput()
 2 APPPATH/Controllers/HomepageController.php(22): App\Models\UserModel::createNewUser()
 3 SYSTEMPATH/CodeIgniter.php(914): App\Controllers\HomepageController->__construct()
 4 SYSTEMPATH/CodeIgniter.php(493): CodeIgniter\CodeIgniter->createController()
 5 SYSTEMPATH/CodeIgniter.php(361): CodeIgniter\CodeIgniter->handleRequest()
 6 FCPATH/index.php(79): CodeIgniter\CodeIgniter->run()
CRITICAL - 2023-11-19 15:01:51 --> street: a street can only contain letters
in APPPATH/Models/UserModel.php on line 151.
 1 APPPATH/Models/UserModel.php(66): App\Models\UserModel::validateUserInput()
 2 APPPATH/Controllers/HomepageController.php(22): App\Models\UserModel::createNewUser()
 3 SYSTEMPATH/CodeIgniter.php(914): App\Controllers\HomepageController->__construct()
 4 SYSTEMPATH/CodeIgniter.php(493): CodeIgniter\CodeIgniter->createController()
 5 SYSTEMPATH/CodeIgniter.php(361): CodeIgniter\CodeIgniter->handleRequest()
 6 FCPATH/index.php(79): CodeIgniter\CodeIgniter->run()
