INFO - 2023-12-04 16:07:57 --> Session: Class initialized using 'CodeIgniter\Session\Handlers\FileHandler' driver.
INFO - 2023-12-04 17:29:09 --> Session: Class initialized using 'CodeIgniter\Session\Handlers\FileHandler' driver.
INFO - 2023-12-04 17:29:18 --> Session: Class initialized using 'CodeIgniter\Session\Handlers\FileHandler' driver.
INFO - 2023-12-04 17:29:27 --> Session: Class initialized using 'CodeIgniter\Session\Handlers\FileHandler' driver.
INFO - 2023-12-04 17:29:28 --> Session: Class initialized using 'CodeIgniter\Session\Handlers\FileHandler' driver.
INFO - 2023-12-04 17:29:32 --> Session: Class initialized using 'CodeIgniter\Session\Handlers\FileHandler' driver.
INFO - 2023-12-04 17:29:38 --> Session: Class initialized using 'CodeIgniter\Session\Handlers\FileHandler' driver.
INFO - 2023-12-04 17:29:40 --> Session: Class initialized using 'CodeIgniter\Session\Handlers\FileHandler' driver.
INFO - 2023-12-04 17:34:20 --> Session: Class initialized using 'CodeIgniter\Session\Handlers\FileHandler' driver.
CRITICAL - 2023-12-04 17:34:20 --> Cannot use object of type stdClass as array
in APPPATH/Models/FoodtruckModel.php on line 50.
 1 APPPATH/Models/FoodtruckWorkerModel.php(110): App\Models\FoodtruckModel::getAllFoodtrucksWithWorker()
 2 APPPATH/Models/FoodtruckWorkerModel.php(99): App\Models\FoodtruckWorkerModel->loadFoodtrucks()
 3 APPPATH/Models/FoodtruckWorkerModel.php(43): App\Models\FoodtruckWorkerModel->loadWorkerByUserModel()
 4 APPPATH/Models/UserModel.php(339): App\Models\FoodtruckWorkerModel::getWorkerByUserModel()
 5 APPPATH/Models/UserModel.php(72): App\Models\UserModel->loadUser()
 6 APPPATH/Models/UserModel.php(84): App\Models\UserModel->loadByEmail()
 7 APPPATH/Controllers/LoginController.php(64): App\Models\UserModel::getUserByEmail()
 8 APPPATH/Controllers/LoginController.php(51): App\Controllers\LoginController->tryLogin()
 9 SYSTEMPATH/CodeIgniter.php(942): App\Controllers\LoginController->login()
10 SYSTEMPATH/CodeIgniter.php(502): CodeIgniter\CodeIgniter->runController()
11 SYSTEMPATH/CodeIgniter.php(361): CodeIgniter\CodeIgniter->handleRequest()
12 FCPATH/index.php(79): CodeIgniter\CodeIgniter->run()
INFO - 2023-12-04 17:37:54 --> Session: Class initialized using 'CodeIgniter\Session\Handlers\FileHandler' driver.
CRITICAL - 2023-12-04 17:37:54 --> Cannot use object of type stdClass as array
in APPPATH/Models/FoodtruckModel.php on line 50.
 1 APPPATH/Models/FoodtruckWorkerModel.php(110): App\Models\FoodtruckModel::getAllFoodtrucksWithWorker()
 2 APPPATH/Models/FoodtruckWorkerModel.php(99): App\Models\FoodtruckWorkerModel->loadFoodtrucks()
 3 APPPATH/Models/FoodtruckWorkerModel.php(43): App\Models\FoodtruckWorkerModel->loadWorkerByUserModel()
 4 APPPATH/Models/UserModel.php(339): App\Models\FoodtruckWorkerModel::getWorkerByUserModel()
 5 APPPATH/Models/UserModel.php(72): App\Models\UserModel->loadUser()
 6 APPPATH/Models/UserModel.php(84): App\Models\UserModel->loadByEmail()
 7 APPPATH/Controllers/LoginController.php(64): App\Models\UserModel::getUserByEmail()
 8 APPPATH/Controllers/LoginController.php(51): App\Controllers\LoginController->tryLogin()
 9 SYSTEMPATH/CodeIgniter.php(942): App\Controllers\LoginController->login()
10 SYSTEMPATH/CodeIgniter.php(502): CodeIgniter\CodeIgniter->runController()
11 SYSTEMPATH/CodeIgniter.php(361): CodeIgniter\CodeIgniter->handleRequest()
12 FCPATH/index.php(79): CodeIgniter\CodeIgniter->run()
INFO - 2023-12-04 17:40:29 --> Session: Class initialized using 'CodeIgniter\Session\Handlers\FileHandler' driver.
CRITICAL - 2023-12-04 17:40:29 --> Cannot use object of type stdClass as array
in APPPATH/Models/FoodtruckModel.php on line 50.
 1 APPPATH/Models/FoodtruckWorkerModel.php(110): App\Models\FoodtruckModel::getAllFoodtrucksWithWorker()
 2 APPPATH/Models/FoodtruckWorkerModel.php(99): App\Models\FoodtruckWorkerModel->loadFoodtrucks()
 3 APPPATH/Models/FoodtruckWorkerModel.php(43): App\Models\FoodtruckWorkerModel->loadWorkerByUserModel()
 4 APPPATH/Models/UserModel.php(339): App\Models\FoodtruckWorkerModel::getWorkerByUserModel()
 5 APPPATH/Models/UserModel.php(72): App\Models\UserModel->loadUser()
 6 APPPATH/Models/UserModel.php(84): App\Models\UserModel->loadByEmail()
 7 APPPATH/Controllers/LoginController.php(64): App\Models\UserModel::getUserByEmail()
 8 APPPATH/Controllers/LoginController.php(51): App\Controllers\LoginController->tryLogin()
 9 SYSTEMPATH/CodeIgniter.php(942): App\Controllers\LoginController->login()
10 SYSTEMPATH/CodeIgniter.php(502): CodeIgniter\CodeIgniter->runController()
11 SYSTEMPATH/CodeIgniter.php(361): CodeIgniter\CodeIgniter->handleRequest()
12 FCPATH/index.php(79): CodeIgniter\CodeIgniter->run()
INFO - 2023-12-04 17:41:14 --> Session: Class initialized using 'CodeIgniter\Session\Handlers\FileHandler' driver.
ERROR - 2023-12-04 17:41:15 --> mysqli_sql_exception: Unknown column 'id' in 'where clause' in /app/system/Database/MySQLi/Connection.php:306
Stack trace:
#0 /app/system/Database/MySQLi/Connection.php(306): mysqli->query()
#1 /app/system/Database/BaseConnection.php(693): CodeIgniter\Database\MySQLi\Connection->execute()
#2 /app/system/Database/BaseConnection.php(607): CodeIgniter\Database\BaseConnection->simpleQuery()
#3 /app/app/Database/DatabaseHandler.php(73): CodeIgniter\Database\BaseConnection->query()
#4 /app/app/Models/FoodtruckModel.php(106): App\Database\DatabaseHandler->query()
#5 /app/app/Models/FoodtruckModel.php(83): App\Models\FoodtruckModel->loadFoodtruckData()
#6 /app/app/Models/FoodtruckModel.php(50): App\Models\FoodtruckModel->loadById()
#7 /app/app/Models/FoodtruckWorkerModel.php(110): App\Models\FoodtruckModel::getAllFoodtrucksWithWorker()
#8 /app/app/Models/FoodtruckWorkerModel.php(99): App\Models\FoodtruckWorkerModel->loadFoodtrucks()
#9 /app/app/Models/FoodtruckWorkerModel.php(43): App\Models\FoodtruckWorkerModel->loadWorkerByUserModel()
#10 /app/app/Models/UserModel.php(339): App\Models\FoodtruckWorkerModel::getWorkerByUserModel()
#11 /app/app/Models/UserModel.php(72): App\Models\UserModel->loadUser()
#12 /app/app/Models/UserModel.php(84): App\Models\UserModel->loadByEmail()
#13 /app/app/Controllers/LoginController.php(64): App\Models\UserModel::getUserByEmail()
#14 /app/app/Controllers/LoginController.php(51): App\Controllers\LoginController->tryLogin()
#15 /app/system/CodeIgniter.php(942): App\Controllers\LoginController->login()
#16 /app/system/CodeIgniter.php(502): CodeIgniter\CodeIgniter->runController()
#17 /app/system/CodeIgniter.php(361): CodeIgniter\CodeIgniter->handleRequest()
#18 /app/public/index.php(79): CodeIgniter\CodeIgniter->run()
#19 {main}
INFO - 2023-12-04 17:41:45 --> Session: Class initialized using 'CodeIgniter\Session\Handlers\FileHandler' driver.
CRITICAL - 2023-12-04 17:41:45 --> Cannot use object of type stdClass as array
in APPPATH/Models/FoodtruckModel.php on line 113.
 1 APPPATH/Models/FoodtruckModel.php(83): App\Models\FoodtruckModel->loadFoodtruckData()
 2 APPPATH/Models/FoodtruckModel.php(50): App\Models\FoodtruckModel->loadById()
 3 APPPATH/Models/FoodtruckWorkerModel.php(110): App\Models\FoodtruckModel::getAllFoodtrucksWithWorker()
 4 APPPATH/Models/FoodtruckWorkerModel.php(99): App\Models\FoodtruckWorkerModel->loadFoodtrucks()
 5 APPPATH/Models/FoodtruckWorkerModel.php(43): App\Models\FoodtruckWorkerModel->loadWorkerByUserModel()
 6 APPPATH/Models/UserModel.php(339): App\Models\FoodtruckWorkerModel::getWorkerByUserModel()
 7 APPPATH/Models/UserModel.php(72): App\Models\UserModel->loadUser()
 8 APPPATH/Models/UserModel.php(84): App\Models\UserModel->loadByEmail()
 9 APPPATH/Controllers/LoginController.php(64): App\Models\UserModel::getUserByEmail()
10 APPPATH/Controllers/LoginController.php(51): App\Controllers\LoginController->tryLogin()
11 SYSTEMPATH/CodeIgniter.php(942): App\Controllers\LoginController->login()
12 SYSTEMPATH/CodeIgniter.php(502): CodeIgniter\CodeIgniter->runController()
13 SYSTEMPATH/CodeIgniter.php(361): CodeIgniter\CodeIgniter->handleRequest()
14 FCPATH/index.php(79): CodeIgniter\CodeIgniter->run()
INFO - 2023-12-04 17:44:50 --> Session: Class initialized using 'CodeIgniter\Session\Handlers\FileHandler' driver.
CRITICAL - 2023-12-04 17:44:51 --> Xdebug has detected a possible infinite loop, and aborted your script with a stack depth of '256' frames
in SYSTEMPATH/Config/Factories.php on line 135.
 1 SYSTEMPATH/Config/Factories.php(135): strtolower()
 2 SYSTEMPATH/Common.php(217): CodeIgniter\Config\Factories::__callStatic()
 3 SYSTEMPATH/Debug/Toolbar/Collectors/Database.php(87): config()
 4 SYSTEMPATH/Events/Events.php(154): CodeIgniter\Debug\Toolbar\Collectors\Database::collect()
 5 SYSTEMPATH/Database/BaseConnection.php(666): CodeIgniter\Events\Events::trigger()
 6 APPPATH/Database/DatabaseHandler.php(73): CodeIgniter\Database\BaseConnection->query()
 7 APPPATH/Models/FoodtruckOwnerModel.php(65): App\Database\DatabaseHandler->query()
 8 APPPATH/Models/FoodtruckOwnerModel.php(76): App\Models\FoodtruckOwnerModel::userIsOwner()
 9 APPPATH/Models/FoodtruckOwnerModel.php(27): App\Models\FoodtruckOwnerModel->loadOwnerByUserUid()
10 APPPATH/Models/FoodtruckModel.php(113): App\Models\FoodtruckOwnerModel::getOwnerByUserUid()
11 APPPATH/Models/FoodtruckModel.php(83): App\Models\FoodtruckModel->loadFoodtruckData()
12 APPPATH/Models/FoodtruckModel.php(50): App\Models\FoodtruckModel->loadById()
13 APPPATH/Models/FoodtruckWorkerModel.php(110): App\Models\FoodtruckModel::getAllFoodtrucksWithWorker()
14 APPPATH/Models/FoodtruckWorkerModel.php(99): App\Models\FoodtruckWorkerModel->loadFoodtrucks()
15 APPPATH/Models/FoodtruckWorkerModel.php(43): App\Models\FoodtruckWorkerModel->loadWorkerByUserModel()
16 APPPATH/Models/UserModel.php(339): App\Models\FoodtruckWorkerModel::getWorkerByUserModel()
17 APPPATH/Models/UserModel.php(50): App\Models\UserModel->loadUser()
18 APPPATH/Models/UserModel.php(97): App\Models\UserModel->loadByUid()
19 APPPATH/Models/FoodtruckOwnerModel.php(79): App\Models\UserModel::getUserById()
20 APPPATH/Models/FoodtruckOwnerModel.php(27): App\Models\FoodtruckOwnerModel->loadOwnerByUserUid()
21 APPPATH/Models/FoodtruckModel.php(113): App\Models\FoodtruckOwnerModel::getOwnerByUserUid()
22 APPPATH/Models/FoodtruckModel.php(83): App\Models\FoodtruckModel->loadFoodtruckData()
23 APPPATH/Models/FoodtruckModel.php(50): App\Models\FoodtruckModel->loadById()
24 APPPATH/Models/FoodtruckWorkerModel.php(110): App\Models\FoodtruckModel::getAllFoodtrucksWithWorker()
25 APPPATH/Models/FoodtruckWorkerModel.php(99): App\Models\FoodtruckWorkerModel->loadFoodtrucks()
26 APPPATH/Models/FoodtruckWorkerModel.php(43): App\Models\FoodtruckWorkerModel->loadWorkerByUserModel()
27 APPPATH/Models/UserModel.php(339): App\Models\FoodtruckWorkerModel::getWorkerByUserModel()
28 APPPATH/Models/UserModel.php(50): App\Models\UserModel->loadUser()
29 APPPATH/Models/UserModel.php(97): App\Models\UserModel->loadByUid()
30 APPPATH/Models/FoodtruckOwnerModel.php(79): App\Models\UserModel::getUserById()
31 APPPATH/Models/FoodtruckOwnerModel.php(27): App\Models\FoodtruckOwnerModel->loadOwnerByUserUid()
32 APPPATH/Models/FoodtruckModel.php(113): App\Models\FoodtruckOwnerModel::getOwnerByUserUid()
33 APPPATH/Models/FoodtruckModel.php(83): App\Models\FoodtruckModel->loadFoodtruckData()
34 APPPATH/Models/FoodtruckModel.php(50): App\Models\FoodtruckModel->loadById()
35 APPPATH/Models/FoodtruckWorkerModel.php(110): App\Models\FoodtruckModel::getAllFoodtrucksWithWorker()
36 APPPATH/Models/FoodtruckWorkerModel.php(99): App\Models\FoodtruckWorkerModel->loadFoodtrucks()
37 APPPATH/Models/FoodtruckWorkerModel.php(43): App\Models\FoodtruckWorkerModel->loadWorkerByUserModel()
38 APPPATH/Models/UserModel.php(339): App\Models\FoodtruckWorkerModel::getWorkerByUserModel()
39 APPPATH/Models/UserModel.php(50): App\Models\UserModel->loadUser()
40 APPPATH/Models/UserModel.php(97): App\Models\UserModel->loadByUid()
41 APPPATH/Models/FoodtruckOwnerModel.php(79): App\Models\UserModel::getUserById()
42 APPPATH/Models/FoodtruckOwnerModel.php(27): App\Models\FoodtruckOwnerModel->loadOwnerByUserUid()
43 APPPATH/Models/FoodtruckModel.php(113): App\Models\FoodtruckOwnerModel::getOwnerByUserUid()
44 APPPATH/Models/FoodtruckModel.php(83): App\Models\FoodtruckModel->loadFoodtruckData()
45 APPPATH/Models/FoodtruckModel.php(50): App\Models\FoodtruckModel->loadById()
46 APPPATH/Models/FoodtruckWorkerModel.php(110): App\Models\FoodtruckModel::getAllFoodtrucksWithWorker()
47 APPPATH/Models/FoodtruckWorkerModel.php(99): App\Models\FoodtruckWorkerModel->loadFoodtrucks()
48 APPPATH/Models/FoodtruckWorkerModel.php(43): App\Models\FoodtruckWorkerModel->loadWorkerByUserModel()
49 APPPATH/Models/UserModel.php(339): App\Models\FoodtruckWorkerModel::getWorkerByUserModel()
50 APPPATH/Models/UserModel.php(50): App\Models\UserModel->loadUser()
51 APPPATH/Models/UserModel.php(97): App\Models\UserModel->loadByUid()
52 APPPATH/Models/FoodtruckOwnerModel.php(79): App\Models\UserModel::getUserById()
53 APPPATH/Models/FoodtruckOwnerModel.php(27): App\Models\FoodtruckOwnerModel->loadOwnerByUserUid()
54 APPPATH/Models/FoodtruckModel.php(113): App\Models\FoodtruckOwnerModel::getOwnerByUserUid()
55 APPPATH/Models/FoodtruckModel.php(83): App\Models\FoodtruckModel->loadFoodtruckData()
56 APPPATH/Models/FoodtruckModel.php(50): App\Models\FoodtruckModel->loadById()
57 APPPATH/Models/FoodtruckWorkerModel.php(110): App\Models\FoodtruckModel::getAllFoodtrucksWithWorker()
58 APPPATH/Models/FoodtruckWorkerModel.php(99): App\Models\FoodtruckWorkerModel->loadFoodtrucks()
59 APPPATH/Models/FoodtruckWorkerModel.php(43): App\Models\FoodtruckWorkerModel->loadWorkerByUserModel()
60 APPPATH/Models/UserModel.php(339): App\Models\FoodtruckWorkerModel::getWorkerByUserModel()
61 APPPATH/Models/UserModel.php(50): App\Models\UserModel->loadUser()
62 APPPATH/Models/UserModel.php(97): App\Models\UserModel->loadByUid()
63 APPPATH/Models/FoodtruckOwnerModel.php(79): App\Models\UserModel::getUserById()
64 APPPATH/Models/FoodtruckOwnerModel.php(27): App\Models\FoodtruckOwnerModel->loadOwnerByUserUid()
65 APPPATH/Models/FoodtruckModel.php(113): App\Models\FoodtruckOwnerModel::getOwnerByUserUid()
66 APPPATH/Models/FoodtruckModel.php(83): App\Models\FoodtruckModel->loadFoodtruckData()
67 APPPATH/Models/FoodtruckModel.php(50): App\Models\FoodtruckModel->loadById()
68 APPPATH/Models/FoodtruckWorkerModel.php(110): App\Models\FoodtruckModel::getAllFoodtrucksWithWorker()
69 APPPATH/Models/FoodtruckWorkerModel.php(99): App\Models\FoodtruckWorkerModel->loadFoodtrucks()
70 APPPATH/Models/FoodtruckWorkerModel.php(43): App\Models\FoodtruckWorkerModel->loadWorkerByUserModel()
71 APPPATH/Models/UserModel.php(339): App\Models\FoodtruckWorkerModel::getWorkerByUserModel()
72 APPPATH/Models/UserModel.php(50): App\Models\UserModel->loadUser()
73 APPPATH/Models/UserModel.php(97): App\Models\UserModel->loadByUid()
74 APPPATH/Models/FoodtruckOwnerModel.php(79): App\Models\UserModel::getUserById()
75 APPPATH/Models/FoodtruckOwnerModel.php(27): App\Models\FoodtruckOwnerModel->loadOwnerByUserUid()
76 APPPATH/Models/FoodtruckModel.php(113): App\Models\FoodtruckOwnerModel::getOwnerByUserUid()
77 APPPATH/Models/FoodtruckModel.php(83): App\Models\FoodtruckModel->loadFoodtruckData()
78 APPPATH/Models/FoodtruckModel.php(50): App\Models\FoodtruckModel->loadById()
79 APPPATH/Models/FoodtruckWorkerModel.php(110): App\Models\FoodtruckModel::getAllFoodtrucksWithWorker()
80 APPPATH/Models/FoodtruckWorkerModel.php(99): App\Models\FoodtruckWorkerModel->loadFoodtrucks()
81 APPPATH/Models/FoodtruckWorkerModel.php(43): App\Models\FoodtruckWorkerModel->loadWorkerByUserModel()
82 APPPATH/Models/UserModel.php(339): App\Models\FoodtruckWorkerModel::getWorkerByUserModel()
83 APPPATH/Models/UserModel.php(50): App\Models\UserModel->loadUser()
84 APPPATH/Models/UserModel.php(97): App\Models\UserModel->loadByUid()
85 APPPATH/Models/FoodtruckOwnerModel.php(79): App\Models\UserModel::getUserById()
86 APPPATH/Models/FoodtruckOwnerModel.php(27): App\Models\FoodtruckOwnerModel->loadOwnerByUserUid()
87 APPPATH/Models/FoodtruckModel.php(113): App\Models\FoodtruckOwnerModel::getOwnerByUserUid()
88 APPPATH/Models/FoodtruckModel.php(83): App\Models\FoodtruckModel->loadFoodtruckData()
89 APPPATH/Models/FoodtruckModel.php(50): App\Models\FoodtruckModel->loadById()
90 APPPATH/Models/FoodtruckWorkerModel.php(110): App\Models\FoodtruckModel::getAllFoodtrucksWithWorker()
91 APPPATH/Models/FoodtruckWorkerModel.php(99): App\Models\FoodtruckWorkerModel->loadFoodtrucks()
92 APPPATH/Models/FoodtruckWorkerModel.php(43): App\Models\FoodtruckWorkerModel->loadWorkerByUserModel()
93 APPPATH/Models/UserModel.php(339): App\Models\FoodtruckWorkerModel::getWorkerByUserModel()
94 APPPATH/Models/UserModel.php(50): App\Models\UserModel->loadUser()
95 APPPATH/Models/UserModel.php(97): App\Models\UserModel->loadByUid()
96 APPPATH/Models/FoodtruckOwnerModel.php(79): App\Models\UserModel::getUserById()
97 APPPATH/Models/FoodtruckOwnerModel.php(27): App\Models\FoodtruckOwnerModel->loadOwnerByUserUid()
98 APPPATH/Models/FoodtruckModel.php(113): App\Models\FoodtruckOwnerModel::getOwnerByUserUid()
99 APPPATH/Models/FoodtruckModel.php(83): App\Models\FoodtruckModel->loadFoodtruckData()
100 APPPATH/Models/FoodtruckModel.php(50): App\Models\FoodtruckModel->loadById()
101 APPPATH/Models/FoodtruckWorkerModel.php(110): App\Models\FoodtruckModel::getAllFoodtrucksWithWorker()
102 APPPATH/Models/FoodtruckWorkerModel.php(99): App\Models\FoodtruckWorkerModel->loadFoodtrucks()
103 APPPATH/Models/FoodtruckWorkerModel.php(43): App\Models\FoodtruckWorkerModel->loadWorkerByUserModel()
104 APPPATH/Models/UserModel.php(339): App\Models\FoodtruckWorkerModel::getWorkerByUserModel()
105 APPPATH/Models/UserModel.php(50): App\Models\UserModel->loadUser()
106 APPPATH/Models/UserModel.php(97): App\Models\UserModel->loadByUid()
107 APPPATH/Models/FoodtruckOwnerModel.php(79): App\Models\UserModel::getUserById()
108 APPPATH/Models/FoodtruckOwnerModel.php(27): App\Models\FoodtruckOwnerModel->loadOwnerByUserUid()
109 APPPATH/Models/FoodtruckModel.php(113): App\Models\FoodtruckOwnerModel::getOwnerByUserUid()
110 APPPATH/Models/FoodtruckModel.php(83): App\Models\FoodtruckModel->loadFoodtruckData()
111 APPPATH/Models/FoodtruckModel.php(50): App\Models\FoodtruckModel->loadById()
112 APPPATH/Models/FoodtruckWorkerModel.php(110): App\Models\FoodtruckModel::getAllFoodtrucksWithWorker()
113 APPPATH/Models/FoodtruckWorkerModel.php(99): App\Models\FoodtruckWorkerModel->loadFoodtrucks()
114 APPPATH/Models/FoodtruckWorkerModel.php(43): App\Models\FoodtruckWorkerModel->loadWorkerByUserModel()
115 APPPATH/Models/UserModel.php(339): App\Models\FoodtruckWorkerModel::getWorkerByUserModel()
116 APPPATH/Models/UserModel.php(50): App\Models\UserModel->loadUser()
117 APPPATH/Models/UserModel.php(97): App\Models\UserModel->loadByUid()
118 APPPATH/Models/FoodtruckOwnerModel.php(79): App\Models\UserModel::getUserById()
119 APPPATH/Models/FoodtruckOwnerModel.php(27): App\Models\FoodtruckOwnerModel->loadOwnerByUserUid()
120 APPPATH/Models/FoodtruckModel.php(113): App\Models\FoodtruckOwnerModel::getOwnerByUserUid()
121 APPPATH/Models/FoodtruckModel.php(83): App\Models\FoodtruckModel->loadFoodtruckData()
122 APPPATH/Models/FoodtruckModel.php(50): App\Models\FoodtruckModel->loadById()
123 APPPATH/Models/FoodtruckWorkerModel.php(110): App\Models\FoodtruckModel::getAllFoodtrucksWithWorker()
124 APPPATH/Models/FoodtruckWorkerModel.php(99): App\Models\FoodtruckWorkerModel->loadFoodtrucks()
125 APPPATH/Models/FoodtruckWorkerModel.php(43): App\Models\FoodtruckWorkerModel->loadWorkerByUserModel()
126 APPPATH/Models/UserModel.php(339): App\Models\FoodtruckWorkerModel::getWorkerByUserModel()
127 APPPATH/Models/UserModel.php(50): App\Models\UserModel->loadUser()
128 APPPATH/Models/UserModel.php(97): App\Models\UserModel->loadByUid()
129 APPPATH/Models/FoodtruckOwnerModel.php(79): App\Models\UserModel::getUserById()
130 APPPATH/Models/FoodtruckOwnerModel.php(27): App\Models\FoodtruckOwnerModel->loadOwnerByUserUid()
131 APPPATH/Models/FoodtruckModel.php(113): App\Models\FoodtruckOwnerModel::getOwnerByUserUid()
132 APPPATH/Models/FoodtruckModel.php(83): App\Models\FoodtruckModel->loadFoodtruckData()
133 APPPATH/Models/FoodtruckModel.php(50): App\Models\FoodtruckModel->loadById()
134 APPPATH/Models/FoodtruckWorkerModel.php(110): App\Models\FoodtruckModel::getAllFoodtrucksWithWorker()
135 APPPATH/Models/FoodtruckWorkerModel.php(99): App\Models\FoodtruckWorkerModel->loadFoodtrucks()
136 APPPATH/Models/FoodtruckWorkerModel.php(43): App\Models\FoodtruckWorkerModel->loadWorkerByUserModel()
137 APPPATH/Models/UserModel.php(339): App\Models\FoodtruckWorkerModel::getWorkerByUserModel()
138 APPPATH/Models/UserModel.php(50): App\Models\UserModel->loadUser()
139 APPPATH/Models/UserModel.php(97): App\Models\UserModel->loadByUid()
140 APPPATH/Models/FoodtruckOwnerModel.php(79): App\Models\UserModel::getUserById()
141 APPPATH/Models/FoodtruckOwnerModel.php(27): App\Models\FoodtruckOwnerModel->loadOwnerByUserUid()
142 APPPATH/Models/FoodtruckModel.php(113): App\Models\FoodtruckOwnerModel::getOwnerByUserUid()
143 APPPATH/Models/FoodtruckModel.php(83): App\Models\FoodtruckModel->loadFoodtruckData()
144 APPPATH/Models/FoodtruckModel.php(50): App\Models\FoodtruckModel->loadById()
145 APPPATH/Models/FoodtruckWorkerModel.php(110): App\Models\FoodtruckModel::getAllFoodtrucksWithWorker()
146 APPPATH/Models/FoodtruckWorkerModel.php(99): App\Models\FoodtruckWorkerModel->loadFoodtrucks()
147 APPPATH/Models/FoodtruckWorkerModel.php(43): App\Models\FoodtruckWorkerModel->loadWorkerByUserModel()
148 APPPATH/Models/UserModel.php(339): App\Models\FoodtruckWorkerModel::getWorkerByUserModel()
149 APPPATH/Models/UserModel.php(50): App\Models\UserModel->loadUser()
150 APPPATH/Models/UserModel.php(97): App\Models\UserModel->loadByUid()
151 APPPATH/Models/FoodtruckOwnerModel.php(79): App\Models\UserModel::getUserById()
152 APPPATH/Models/FoodtruckOwnerModel.php(27): App\Models\FoodtruckOwnerModel->loadOwnerByUserUid()
153 APPPATH/Models/FoodtruckModel.php(113): App\Models\FoodtruckOwnerModel::getOwnerByUserUid()
154 APPPATH/Models/FoodtruckModel.php(83): App\Models\FoodtruckModel->loadFoodtruckData()
155 APPPATH/Models/FoodtruckModel.php(50): App\Models\FoodtruckModel->loadById()
156 APPPATH/Models/FoodtruckWorkerModel.php(110): App\Models\FoodtruckModel::getAllFoodtrucksWithWorker()
157 APPPATH/Models/FoodtruckWorkerModel.php(99): App\Models\FoodtruckWorkerModel->loadFoodtrucks()
158 APPPATH/Models/FoodtruckWorkerModel.php(43): App\Models\FoodtruckWorkerModel->loadWorkerByUserModel()
159 APPPATH/Models/UserModel.php(339): App\Models\FoodtruckWorkerModel::getWorkerByUserModel()
160 APPPATH/Models/UserModel.php(50): App\Models\UserModel->loadUser()
161 APPPATH/Models/UserModel.php(97): App\Models\UserModel->loadByUid()
162 APPPATH/Models/FoodtruckOwnerModel.php(79): App\Models\UserModel::getUserById()
163 APPPATH/Models/FoodtruckOwnerModel.php(27): App\Models\FoodtruckOwnerModel->loadOwnerByUserUid()
164 APPPATH/Models/FoodtruckModel.php(113): App\Models\FoodtruckOwnerModel::getOwnerByUserUid()
165 APPPATH/Models/FoodtruckModel.php(83): App\Models\FoodtruckModel->loadFoodtruckData()
166 APPPATH/Models/FoodtruckModel.php(50): App\Models\FoodtruckModel->loadById()
167 APPPATH/Models/FoodtruckWorkerModel.php(110): App\Models\FoodtruckModel::getAllFoodtrucksWithWorker()
168 APPPATH/Models/FoodtruckWorkerModel.php(99): App\Models\FoodtruckWorkerModel->loadFoodtrucks()
169 APPPATH/Models/FoodtruckWorkerModel.php(43): App\Models\FoodtruckWorkerModel->loadWorkerByUserModel()
170 APPPATH/Models/UserModel.php(339): App\Models\FoodtruckWorkerModel::getWorkerByUserModel()
171 APPPATH/Models/UserModel.php(50): App\Models\UserModel->loadUser()
172 APPPATH/Models/UserModel.php(97): App\Models\UserModel->loadByUid()
173 APPPATH/Models/FoodtruckOwnerModel.php(79): App\Models\UserModel::getUserById()
174 APPPATH/Models/FoodtruckOwnerModel.php(27): App\Models\FoodtruckOwnerModel->loadOwnerByUserUid()
175 APPPATH/Models/FoodtruckModel.php(113): App\Models\FoodtruckOwnerModel::getOwnerByUserUid()
176 APPPATH/Models/FoodtruckModel.php(83): App\Models\FoodtruckModel->loadFoodtruckData()
177 APPPATH/Models/FoodtruckModel.php(50): App\Models\FoodtruckModel->loadById()
178 APPPATH/Models/FoodtruckWorkerModel.php(110): App\Models\FoodtruckModel::getAllFoodtrucksWithWorker()
179 APPPATH/Models/FoodtruckWorkerModel.php(99): App\Models\FoodtruckWorkerModel->loadFoodtrucks()
180 APPPATH/Models/FoodtruckWorkerModel.php(43): App\Models\FoodtruckWorkerModel->loadWorkerByUserModel()
181 APPPATH/Models/UserModel.php(339): App\Models\FoodtruckWorkerModel::getWorkerByUserModel()
182 APPPATH/Models/UserModel.php(50): App\Models\UserModel->loadUser()
183 APPPATH/Models/UserModel.php(97): App\Models\UserModel->loadByUid()
184 APPPATH/Models/FoodtruckOwnerModel.php(79): App\Models\UserModel::getUserById()
185 APPPATH/Models/FoodtruckOwnerModel.php(27): App\Models\FoodtruckOwnerModel->loadOwnerByUserUid()
186 APPPATH/Models/FoodtruckModel.php(113): App\Models\FoodtruckOwnerModel::getOwnerByUserUid()
187 APPPATH/Models/FoodtruckModel.php(83): App\Models\FoodtruckModel->loadFoodtruckData()
188 APPPATH/Models/FoodtruckModel.php(50): App\Models\FoodtruckModel->loadById()
189 APPPATH/Models/FoodtruckWorkerModel.php(110): App\Models\FoodtruckModel::getAllFoodtrucksWithWorker()
190 APPPATH/Models/FoodtruckWorkerModel.php(99): App\Models\FoodtruckWorkerModel->loadFoodtrucks()
191 APPPATH/Models/FoodtruckWorkerModel.php(43): App\Models\FoodtruckWorkerModel->loadWorkerByUserModel()
192 APPPATH/Models/UserModel.php(339): App\Models\FoodtruckWorkerModel::getWorkerByUserModel()
193 APPPATH/Models/UserModel.php(50): App\Models\UserModel->loadUser()
194 APPPATH/Models/UserModel.php(97): App\Models\UserModel->loadByUid()
195 APPPATH/Models/FoodtruckOwnerModel.php(79): App\Models\UserModel::getUserById()
196 APPPATH/Models/FoodtruckOwnerModel.php(27): App\Models\FoodtruckOwnerModel->loadOwnerByUserUid()
197 APPPATH/Models/FoodtruckModel.php(113): App\Models\FoodtruckOwnerModel::getOwnerByUserUid()
198 APPPATH/Models/FoodtruckModel.php(83): App\Models\FoodtruckModel->loadFoodtruckData()
199 APPPATH/Models/FoodtruckModel.php(50): App\Models\FoodtruckModel->loadById()
200 APPPATH/Models/FoodtruckWorkerModel.php(110): App\Models\FoodtruckModel::getAllFoodtrucksWithWorker()
201 APPPATH/Models/FoodtruckWorkerModel.php(99): App\Models\FoodtruckWorkerModel->loadFoodtrucks()
202 APPPATH/Models/FoodtruckWorkerModel.php(43): App\Models\FoodtruckWorkerModel->loadWorkerByUserModel()
203 APPPATH/Models/UserModel.php(339): App\Models\FoodtruckWorkerModel::getWorkerByUserModel()
204 APPPATH/Models/UserModel.php(50): App\Models\UserModel->loadUser()
205 APPPATH/Models/UserModel.php(97): App\Models\UserModel->loadByUid()
206 APPPATH/Models/FoodtruckOwnerModel.php(79): App\Models\UserModel::getUserById()
207 APPPATH/Models/FoodtruckOwnerModel.php(27): App\Models\FoodtruckOwnerModel->loadOwnerByUserUid()
208 APPPATH/Models/FoodtruckModel.php(113): App\Models\FoodtruckOwnerModel::getOwnerByUserUid()
209 APPPATH/Models/FoodtruckModel.php(83): App\Models\FoodtruckModel->loadFoodtruckData()
210 APPPATH/Models/FoodtruckModel.php(50): App\Models\FoodtruckModel->loadById()
211 APPPATH/Models/FoodtruckWorkerModel.php(110): App\Models\FoodtruckModel::getAllFoodtrucksWithWorker()
212 APPPATH/Models/FoodtruckWorkerModel.php(99): App\Models\FoodtruckWorkerModel->loadFoodtrucks()
213 APPPATH/Models/FoodtruckWorkerModel.php(43): App\Models\FoodtruckWorkerModel->loadWorkerByUserModel()
214 APPPATH/Models/UserModel.php(339): App\Models\FoodtruckWorkerModel::getWorkerByUserModel()
215 APPPATH/Models/UserModel.php(50): App\Models\UserModel->loadUser()
216 APPPATH/Models/UserModel.php(97): App\Models\UserModel->loadByUid()
217 APPPATH/Models/FoodtruckOwnerModel.php(79): App\Models\UserModel::getUserById()
218 APPPATH/Models/FoodtruckOwnerModel.php(27): App\Models\FoodtruckOwnerModel->loadOwnerByUserUid()
219 APPPATH/Models/FoodtruckModel.php(113): App\Models\FoodtruckOwnerModel::getOwnerByUserUid()
220 APPPATH/Models/FoodtruckModel.php(83): App\Models\FoodtruckModel->loadFoodtruckData()
221 APPPATH/Models/FoodtruckModel.php(50): App\Models\FoodtruckModel->loadById()
222 APPPATH/Models/FoodtruckWorkerModel.php(110): App\Models\FoodtruckModel::getAllFoodtrucksWithWorker()
223 APPPATH/Models/FoodtruckWorkerModel.php(99): App\Models\FoodtruckWorkerModel->loadFoodtrucks()
224 APPPATH/Models/FoodtruckWorkerModel.php(43): App\Models\FoodtruckWorkerModel->loadWorkerByUserModel()
225 APPPATH/Models/UserModel.php(339): App\Models\FoodtruckWorkerModel::getWorkerByUserModel()
226 APPPATH/Models/UserModel.php(50): App\Models\UserModel->loadUser()
227 APPPATH/Models/UserModel.php(97): App\Models\UserModel->loadByUid()
228 APPPATH/Models/FoodtruckOwnerModel.php(79): App\Models\UserModel::getUserById()
229 APPPATH/Models/FoodtruckOwnerModel.php(27): App\Models\FoodtruckOwnerModel->loadOwnerByUserUid()
230 APPPATH/Models/FoodtruckModel.php(113): App\Models\FoodtruckOwnerModel::getOwnerByUserUid()
231 APPPATH/Models/FoodtruckModel.php(83): App\Models\FoodtruckModel->loadFoodtruckData()
232 APPPATH/Models/FoodtruckModel.php(50): App\Models\FoodtruckModel->loadById()
233 APPPATH/Models/FoodtruckWorkerModel.php(110): App\Models\FoodtruckModel::getAllFoodtrucksWithWorker()
234 APPPATH/Models/FoodtruckWorkerModel.php(99): App\Models\FoodtruckWorkerModel->loadFoodtrucks()
235 APPPATH/Models/FoodtruckWorkerModel.php(43): App\Models\FoodtruckWorkerModel->loadWorkerByUserModel()
236 APPPATH/Models/UserModel.php(339): App\Models\FoodtruckWorkerModel::getWorkerByUserModel()
237 APPPATH/Models/UserModel.php(50): App\Models\UserModel->loadUser()
238 APPPATH/Models/UserModel.php(97): App\Models\UserModel->loadByUid()
239 APPPATH/Models/FoodtruckOwnerModel.php(79): App\Models\UserModel::getUserById()
240 APPPATH/Models/FoodtruckOwnerModel.php(27): App\Models\FoodtruckOwnerModel->loadOwnerByUserUid()
241 APPPATH/Models/FoodtruckModel.php(113): App\Models\FoodtruckOwnerModel::getOwnerByUserUid()
242 APPPATH/Models/FoodtruckModel.php(83): App\Models\FoodtruckModel->loadFoodtruckData()
243 APPPATH/Models/FoodtruckModel.php(50): App\Models\FoodtruckModel->loadById()
244 APPPATH/Models/FoodtruckWorkerModel.php(110): App\Models\FoodtruckModel::getAllFoodtrucksWithWorker()
245 APPPATH/Models/FoodtruckWorkerModel.php(99): App\Models\FoodtruckWorkerModel->loadFoodtrucks()
246 APPPATH/Models/FoodtruckWorkerModel.php(43): App\Models\FoodtruckWorkerModel->loadWorkerByUserModel()
247 APPPATH/Models/UserModel.php(339): App\Models\FoodtruckWorkerModel::getWorkerByUserModel()
248 APPPATH/Models/UserModel.php(72): App\Models\UserModel->loadUser()
249 APPPATH/Models/UserModel.php(84): App\Models\UserModel->loadByEmail()
250 APPPATH/Controllers/LoginController.php(64): App\Models\UserModel::getUserByEmail()
251 APPPATH/Controllers/LoginController.php(51): App\Controllers\LoginController->tryLogin()
252 SYSTEMPATH/CodeIgniter.php(942): App\Controllers\LoginController->login()
253 SYSTEMPATH/CodeIgniter.php(502): CodeIgniter\CodeIgniter->runController()
254 SYSTEMPATH/CodeIgniter.php(361): CodeIgniter\CodeIgniter->handleRequest()
255 FCPATH/index.php(79): CodeIgniter\CodeIgniter->run()
INFO - 2023-12-04 17:53:06 --> Session: Class initialized using 'CodeIgniter\Session\Handlers\FileHandler' driver.
CRITICAL - 2023-12-04 17:53:07 --> Xdebug has detected a possible infinite loop, and aborted your script with a stack depth of '256' frames
in SYSTEMPATH/Config/Factories.php on line 135.
 1 SYSTEMPATH/Config/Factories.php(135): strtolower()
 2 SYSTEMPATH/Common.php(217): CodeIgniter\Config\Factories::__callStatic()
 3 SYSTEMPATH/Debug/Toolbar/Collectors/Database.php(87): config()
 4 SYSTEMPATH/Events/Events.php(154): CodeIgniter\Debug\Toolbar\Collectors\Database::collect()
 5 SYSTEMPATH/Database/BaseConnection.php(666): CodeIgniter\Events\Events::trigger()
 6 APPPATH/Database/DatabaseHandler.php(73): CodeIgniter\Database\BaseConnection->query()
 7 APPPATH/Models/FoodtruckOwnerModel.php(65): App\Database\DatabaseHandler->query()
 8 APPPATH/Models/FoodtruckOwnerModel.php(76): App\Models\FoodtruckOwnerModel::userIsOwner()
 9 APPPATH/Models/FoodtruckOwnerModel.php(27): App\Models\FoodtruckOwnerModel->loadOwnerByUserUid()
10 APPPATH/Models/FoodtruckModel.php(113): App\Models\FoodtruckOwnerModel::getOwnerByUserUid()
11 APPPATH/Models/FoodtruckModel.php(83): App\Models\FoodtruckModel->loadFoodtruckData()
12 APPPATH/Models/FoodtruckModel.php(50): App\Models\FoodtruckModel->loadById()
13 APPPATH/Models/FoodtruckWorkerModel.php(111): App\Models\FoodtruckModel::getAllFoodtrucksWithWorker()
14 APPPATH/Models/FoodtruckWorkerModel.php(100): App\Models\FoodtruckWorkerModel->loadFoodtrucks()
15 APPPATH/Models/FoodtruckWorkerModel.php(43): App\Models\FoodtruckWorkerModel->loadWorkerByUserModel()
16 APPPATH/Models/UserModel.php(339): App\Models\FoodtruckWorkerModel::getWorkerByUserModel()
17 APPPATH/Models/UserModel.php(50): App\Models\UserModel->loadUser()
18 APPPATH/Models/UserModel.php(97): App\Models\UserModel->loadByUid()
19 APPPATH/Models/FoodtruckOwnerModel.php(79): App\Models\UserModel::getUserById()
20 APPPATH/Models/FoodtruckOwnerModel.php(27): App\Models\FoodtruckOwnerModel->loadOwnerByUserUid()
21 APPPATH/Models/FoodtruckModel.php(113): App\Models\FoodtruckOwnerModel::getOwnerByUserUid()
22 APPPATH/Models/FoodtruckModel.php(83): App\Models\FoodtruckModel->loadFoodtruckData()
23 APPPATH/Models/FoodtruckModel.php(50): App\Models\FoodtruckModel->loadById()
24 APPPATH/Models/FoodtruckWorkerModel.php(111): App\Models\FoodtruckModel::getAllFoodtrucksWithWorker()
25 APPPATH/Models/FoodtruckWorkerModel.php(100): App\Models\FoodtruckWorkerModel->loadFoodtrucks()
26 APPPATH/Models/FoodtruckWorkerModel.php(43): App\Models\FoodtruckWorkerModel->loadWorkerByUserModel()
27 APPPATH/Models/UserModel.php(339): App\Models\FoodtruckWorkerModel::getWorkerByUserModel()
28 APPPATH/Models/UserModel.php(50): App\Models\UserModel->loadUser()
29 APPPATH/Models/UserModel.php(97): App\Models\UserModel->loadByUid()
30 APPPATH/Models/FoodtruckOwnerModel.php(79): App\Models\UserModel::getUserById()
31 APPPATH/Models/FoodtruckOwnerModel.php(27): App\Models\FoodtruckOwnerModel->loadOwnerByUserUid()
32 APPPATH/Models/FoodtruckModel.php(113): App\Models\FoodtruckOwnerModel::getOwnerByUserUid()
33 APPPATH/Models/FoodtruckModel.php(83): App\Models\FoodtruckModel->loadFoodtruckData()
34 APPPATH/Models/FoodtruckModel.php(50): App\Models\FoodtruckModel->loadById()
35 APPPATH/Models/FoodtruckWorkerModel.php(111): App\Models\FoodtruckModel::getAllFoodtrucksWithWorker()
36 APPPATH/Models/FoodtruckWorkerModel.php(100): App\Models\FoodtruckWorkerModel->loadFoodtrucks()
37 APPPATH/Models/FoodtruckWorkerModel.php(43): App\Models\FoodtruckWorkerModel->loadWorkerByUserModel()
38 APPPATH/Models/UserModel.php(339): App\Models\FoodtruckWorkerModel::getWorkerByUserModel()
39 APPPATH/Models/UserModel.php(50): App\Models\UserModel->loadUser()
40 APPPATH/Models/UserModel.php(97): App\Models\UserModel->loadByUid()
41 APPPATH/Models/FoodtruckOwnerModel.php(79): App\Models\UserModel::getUserById()
42 APPPATH/Models/FoodtruckOwnerModel.php(27): App\Models\FoodtruckOwnerModel->loadOwnerByUserUid()
43 APPPATH/Models/FoodtruckModel.php(113): App\Models\FoodtruckOwnerModel::getOwnerByUserUid()
44 APPPATH/Models/FoodtruckModel.php(83): App\Models\FoodtruckModel->loadFoodtruckData()
45 APPPATH/Models/FoodtruckModel.php(50): App\Models\FoodtruckModel->loadById()
46 APPPATH/Models/FoodtruckWorkerModel.php(111): App\Models\FoodtruckModel::getAllFoodtrucksWithWorker()
47 APPPATH/Models/FoodtruckWorkerModel.php(100): App\Models\FoodtruckWorkerModel->loadFoodtrucks()
48 APPPATH/Models/FoodtruckWorkerModel.php(43): App\Models\FoodtruckWorkerModel->loadWorkerByUserModel()
49 APPPATH/Models/UserModel.php(339): App\Models\FoodtruckWorkerModel::getWorkerByUserModel()
50 APPPATH/Models/UserModel.php(50): App\Models\UserModel->loadUser()
51 APPPATH/Models/UserModel.php(97): App\Models\UserModel->loadByUid()
52 APPPATH/Models/FoodtruckOwnerModel.php(79): App\Models\UserModel::getUserById()
53 APPPATH/Models/FoodtruckOwnerModel.php(27): App\Models\FoodtruckOwnerModel->loadOwnerByUserUid()
54 APPPATH/Models/FoodtruckModel.php(113): App\Models\FoodtruckOwnerModel::getOwnerByUserUid()
55 APPPATH/Models/FoodtruckModel.php(83): App\Models\FoodtruckModel->loadFoodtruckData()
56 APPPATH/Models/FoodtruckModel.php(50): App\Models\FoodtruckModel->loadById()
57 APPPATH/Models/FoodtruckWorkerModel.php(111): App\Models\FoodtruckModel::getAllFoodtrucksWithWorker()
58 APPPATH/Models/FoodtruckWorkerModel.php(100): App\Models\FoodtruckWorkerModel->loadFoodtrucks()
59 APPPATH/Models/FoodtruckWorkerModel.php(43): App\Models\FoodtruckWorkerModel->loadWorkerByUserModel()
60 APPPATH/Models/UserModel.php(339): App\Models\FoodtruckWorkerModel::getWorkerByUserModel()
61 APPPATH/Models/UserModel.php(50): App\Models\UserModel->loadUser()
62 APPPATH/Models/UserModel.php(97): App\Models\UserModel->loadByUid()
63 APPPATH/Models/FoodtruckOwnerModel.php(79): App\Models\UserModel::getUserById()
64 APPPATH/Models/FoodtruckOwnerModel.php(27): App\Models\FoodtruckOwnerModel->loadOwnerByUserUid()
65 APPPATH/Models/FoodtruckModel.php(113): App\Models\FoodtruckOwnerModel::getOwnerByUserUid()
66 APPPATH/Models/FoodtruckModel.php(83): App\Models\FoodtruckModel->loadFoodtruckData()
67 APPPATH/Models/FoodtruckModel.php(50): App\Models\FoodtruckModel->loadById()
68 APPPATH/Models/FoodtruckWorkerModel.php(111): App\Models\FoodtruckModel::getAllFoodtrucksWithWorker()
69 APPPATH/Models/FoodtruckWorkerModel.php(100): App\Models\FoodtruckWorkerModel->loadFoodtrucks()
70 APPPATH/Models/FoodtruckWorkerModel.php(43): App\Models\FoodtruckWorkerModel->loadWorkerByUserModel()
71 APPPATH/Models/UserModel.php(339): App\Models\FoodtruckWorkerModel::getWorkerByUserModel()
72 APPPATH/Models/UserModel.php(50): App\Models\UserModel->loadUser()
73 APPPATH/Models/UserModel.php(97): App\Models\UserModel->loadByUid()
74 APPPATH/Models/FoodtruckOwnerModel.php(79): App\Models\UserModel::getUserById()
75 APPPATH/Models/FoodtruckOwnerModel.php(27): App\Models\FoodtruckOwnerModel->loadOwnerByUserUid()
76 APPPATH/Models/FoodtruckModel.php(113): App\Models\FoodtruckOwnerModel::getOwnerByUserUid()
77 APPPATH/Models/FoodtruckModel.php(83): App\Models\FoodtruckModel->loadFoodtruckData()
78 APPPATH/Models/FoodtruckModel.php(50): App\Models\FoodtruckModel->loadById()
79 APPPATH/Models/FoodtruckWorkerModel.php(111): App\Models\FoodtruckModel::getAllFoodtrucksWithWorker()
80 APPPATH/Models/FoodtruckWorkerModel.php(100): App\Models\FoodtruckWorkerModel->loadFoodtrucks()
81 APPPATH/Models/FoodtruckWorkerModel.php(43): App\Models\FoodtruckWorkerModel->loadWorkerByUserModel()
82 APPPATH/Models/UserModel.php(339): App\Models\FoodtruckWorkerModel::getWorkerByUserModel()
83 APPPATH/Models/UserModel.php(50): App\Models\UserModel->loadUser()
84 APPPATH/Models/UserModel.php(97): App\Models\UserModel->loadByUid()
85 APPPATH/Models/FoodtruckOwnerModel.php(79): App\Models\UserModel::getUserById()
86 APPPATH/Models/FoodtruckOwnerModel.php(27): App\Models\FoodtruckOwnerModel->loadOwnerByUserUid()
87 APPPATH/Models/FoodtruckModel.php(113): App\Models\FoodtruckOwnerModel::getOwnerByUserUid()
88 APPPATH/Models/FoodtruckModel.php(83): App\Models\FoodtruckModel->loadFoodtruckData()
89 APPPATH/Models/FoodtruckModel.php(50): App\Models\FoodtruckModel->loadById()
90 APPPATH/Models/FoodtruckWorkerModel.php(111): App\Models\FoodtruckModel::getAllFoodtrucksWithWorker()
91 APPPATH/Models/FoodtruckWorkerModel.php(100): App\Models\FoodtruckWorkerModel->loadFoodtrucks()
92 APPPATH/Models/FoodtruckWorkerModel.php(43): App\Models\FoodtruckWorkerModel->loadWorkerByUserModel()
93 APPPATH/Models/UserModel.php(339): App\Models\FoodtruckWorkerModel::getWorkerByUserModel()
94 APPPATH/Models/UserModel.php(50): App\Models\UserModel->loadUser()
95 APPPATH/Models/UserModel.php(97): App\Models\UserModel->loadByUid()
96 APPPATH/Models/FoodtruckOwnerModel.php(79): App\Models\UserModel::getUserById()
97 APPPATH/Models/FoodtruckOwnerModel.php(27): App\Models\FoodtruckOwnerModel->loadOwnerByUserUid()
98 APPPATH/Models/FoodtruckModel.php(113): App\Models\FoodtruckOwnerModel::getOwnerByUserUid()
99 APPPATH/Models/FoodtruckModel.php(83): App\Models\FoodtruckModel->loadFoodtruckData()
100 APPPATH/Models/FoodtruckModel.php(50): App\Models\FoodtruckModel->loadById()
101 APPPATH/Models/FoodtruckWorkerModel.php(111): App\Models\FoodtruckModel::getAllFoodtrucksWithWorker()
102 APPPATH/Models/FoodtruckWorkerModel.php(100): App\Models\FoodtruckWorkerModel->loadFoodtrucks()
103 APPPATH/Models/FoodtruckWorkerModel.php(43): App\Models\FoodtruckWorkerModel->loadWorkerByUserModel()
104 APPPATH/Models/UserModel.php(339): App\Models\FoodtruckWorkerModel::getWorkerByUserModel()
105 APPPATH/Models/UserModel.php(50): App\Models\UserModel->loadUser()
106 APPPATH/Models/UserModel.php(97): App\Models\UserModel->loadByUid()
107 APPPATH/Models/FoodtruckOwnerModel.php(79): App\Models\UserModel::getUserById()
108 APPPATH/Models/FoodtruckOwnerModel.php(27): App\Models\FoodtruckOwnerModel->loadOwnerByUserUid()
109 APPPATH/Models/FoodtruckModel.php(113): App\Models\FoodtruckOwnerModel::getOwnerByUserUid()
110 APPPATH/Models/FoodtruckModel.php(83): App\Models\FoodtruckModel->loadFoodtruckData()
111 APPPATH/Models/FoodtruckModel.php(50): App\Models\FoodtruckModel->loadById()
112 APPPATH/Models/FoodtruckWorkerModel.php(111): App\Models\FoodtruckModel::getAllFoodtrucksWithWorker()
113 APPPATH/Models/FoodtruckWorkerModel.php(100): App\Models\FoodtruckWorkerModel->loadFoodtrucks()
114 APPPATH/Models/FoodtruckWorkerModel.php(43): App\Models\FoodtruckWorkerModel->loadWorkerByUserModel()
115 APPPATH/Models/UserModel.php(339): App\Models\FoodtruckWorkerModel::getWorkerByUserModel()
116 APPPATH/Models/UserModel.php(50): App\Models\UserModel->loadUser()
117 APPPATH/Models/UserModel.php(97): App\Models\UserModel->loadByUid()
118 APPPATH/Models/FoodtruckOwnerModel.php(79): App\Models\UserModel::getUserById()
119 APPPATH/Models/FoodtruckOwnerModel.php(27): App\Models\FoodtruckOwnerModel->loadOwnerByUserUid()
120 APPPATH/Models/FoodtruckModel.php(113): App\Models\FoodtruckOwnerModel::getOwnerByUserUid()
121 APPPATH/Models/FoodtruckModel.php(83): App\Models\FoodtruckModel->loadFoodtruckData()
122 APPPATH/Models/FoodtruckModel.php(50): App\Models\FoodtruckModel->loadById()
123 APPPATH/Models/FoodtruckWorkerModel.php(111): App\Models\FoodtruckModel::getAllFoodtrucksWithWorker()
124 APPPATH/Models/FoodtruckWorkerModel.php(100): App\Models\FoodtruckWorkerModel->loadFoodtrucks()
125 APPPATH/Models/FoodtruckWorkerModel.php(43): App\Models\FoodtruckWorkerModel->loadWorkerByUserModel()
126 APPPATH/Models/UserModel.php(339): App\Models\FoodtruckWorkerModel::getWorkerByUserModel()
127 APPPATH/Models/UserModel.php(50): App\Models\UserModel->loadUser()
128 APPPATH/Models/UserModel.php(97): App\Models\UserModel->loadByUid()
129 APPPATH/Models/FoodtruckOwnerModel.php(79): App\Models\UserModel::getUserById()
130 APPPATH/Models/FoodtruckOwnerModel.php(27): App\Models\FoodtruckOwnerModel->loadOwnerByUserUid()
131 APPPATH/Models/FoodtruckModel.php(113): App\Models\FoodtruckOwnerModel::getOwnerByUserUid()
132 APPPATH/Models/FoodtruckModel.php(83): App\Models\FoodtruckModel->loadFoodtruckData()
133 APPPATH/Models/FoodtruckModel.php(50): App\Models\FoodtruckModel->loadById()
134 APPPATH/Models/FoodtruckWorkerModel.php(111): App\Models\FoodtruckModel::getAllFoodtrucksWithWorker()
135 APPPATH/Models/FoodtruckWorkerModel.php(100): App\Models\FoodtruckWorkerModel->loadFoodtrucks()
136 APPPATH/Models/FoodtruckWorkerModel.php(43): App\Models\FoodtruckWorkerModel->loadWorkerByUserModel()
137 APPPATH/Models/UserModel.php(339): App\Models\FoodtruckWorkerModel::getWorkerByUserModel()
138 APPPATH/Models/UserModel.php(50): App\Models\UserModel->loadUser()
139 APPPATH/Models/UserModel.php(97): App\Models\UserModel->loadByUid()
140 APPPATH/Models/FoodtruckOwnerModel.php(79): App\Models\UserModel::getUserById()
141 APPPATH/Models/FoodtruckOwnerModel.php(27): App\Models\FoodtruckOwnerModel->loadOwnerByUserUid()
142 APPPATH/Models/FoodtruckModel.php(113): App\Models\FoodtruckOwnerModel::getOwnerByUserUid()
143 APPPATH/Models/FoodtruckModel.php(83): App\Models\FoodtruckModel->loadFoodtruckData()
144 APPPATH/Models/FoodtruckModel.php(50): App\Models\FoodtruckModel->loadById()
145 APPPATH/Models/FoodtruckWorkerModel.php(111): App\Models\FoodtruckModel::getAllFoodtrucksWithWorker()
146 APPPATH/Models/FoodtruckWorkerModel.php(100): App\Models\FoodtruckWorkerModel->loadFoodtrucks()
147 APPPATH/Models/FoodtruckWorkerModel.php(43): App\Models\FoodtruckWorkerModel->loadWorkerByUserModel()
148 APPPATH/Models/UserModel.php(339): App\Models\FoodtruckWorkerModel::getWorkerByUserModel()
149 APPPATH/Models/UserModel.php(50): App\Models\UserModel->loadUser()
150 APPPATH/Models/UserModel.php(97): App\Models\UserModel->loadByUid()
151 APPPATH/Models/FoodtruckOwnerModel.php(79): App\Models\UserModel::getUserById()
152 APPPATH/Models/FoodtruckOwnerModel.php(27): App\Models\FoodtruckOwnerModel->loadOwnerByUserUid()
153 APPPATH/Models/FoodtruckModel.php(113): App\Models\FoodtruckOwnerModel::getOwnerByUserUid()
154 APPPATH/Models/FoodtruckModel.php(83): App\Models\FoodtruckModel->loadFoodtruckData()
155 APPPATH/Models/FoodtruckModel.php(50): App\Models\FoodtruckModel->loadById()
156 APPPATH/Models/FoodtruckWorkerModel.php(111): App\Models\FoodtruckModel::getAllFoodtrucksWithWorker()
157 APPPATH/Models/FoodtruckWorkerModel.php(100): App\Models\FoodtruckWorkerModel->loadFoodtrucks()
158 APPPATH/Models/FoodtruckWorkerModel.php(43): App\Models\FoodtruckWorkerModel->loadWorkerByUserModel()
159 APPPATH/Models/UserModel.php(339): App\Models\FoodtruckWorkerModel::getWorkerByUserModel()
160 APPPATH/Models/UserModel.php(50): App\Models\UserModel->loadUser()
161 APPPATH/Models/UserModel.php(97): App\Models\UserModel->loadByUid()
162 APPPATH/Models/FoodtruckOwnerModel.php(79): App\Models\UserModel::getUserById()
163 APPPATH/Models/FoodtruckOwnerModel.php(27): App\Models\FoodtruckOwnerModel->loadOwnerByUserUid()
164 APPPATH/Models/FoodtruckModel.php(113): App\Models\FoodtruckOwnerModel::getOwnerByUserUid()
165 APPPATH/Models/FoodtruckModel.php(83): App\Models\FoodtruckModel->loadFoodtruckData()
166 APPPATH/Models/FoodtruckModel.php(50): App\Models\FoodtruckModel->loadById()
167 APPPATH/Models/FoodtruckWorkerModel.php(111): App\Models\FoodtruckModel::getAllFoodtrucksWithWorker()
168 APPPATH/Models/FoodtruckWorkerModel.php(100): App\Models\FoodtruckWorkerModel->loadFoodtrucks()
169 APPPATH/Models/FoodtruckWorkerModel.php(43): App\Models\FoodtruckWorkerModel->loadWorkerByUserModel()
170 APPPATH/Models/UserModel.php(339): App\Models\FoodtruckWorkerModel::getWorkerByUserModel()
171 APPPATH/Models/UserModel.php(50): App\Models\UserModel->loadUser()
172 APPPATH/Models/UserModel.php(97): App\Models\UserModel->loadByUid()
173 APPPATH/Models/FoodtruckOwnerModel.php(79): App\Models\UserModel::getUserById()
174 APPPATH/Models/FoodtruckOwnerModel.php(27): App\Models\FoodtruckOwnerModel->loadOwnerByUserUid()
175 APPPATH/Models/FoodtruckModel.php(113): App\Models\FoodtruckOwnerModel::getOwnerByUserUid()
176 APPPATH/Models/FoodtruckModel.php(83): App\Models\FoodtruckModel->loadFoodtruckData()
177 APPPATH/Models/FoodtruckModel.php(50): App\Models\FoodtruckModel->loadById()
178 APPPATH/Models/FoodtruckWorkerModel.php(111): App\Models\FoodtruckModel::getAllFoodtrucksWithWorker()
179 APPPATH/Models/FoodtruckWorkerModel.php(100): App\Models\FoodtruckWorkerModel->loadFoodtrucks()
180 APPPATH/Models/FoodtruckWorkerModel.php(43): App\Models\FoodtruckWorkerModel->loadWorkerByUserModel()
181 APPPATH/Models/UserModel.php(339): App\Models\FoodtruckWorkerModel::getWorkerByUserModel()
182 APPPATH/Models/UserModel.php(50): App\Models\UserModel->loadUser()
183 APPPATH/Models/UserModel.php(97): App\Models\UserModel->loadByUid()
184 APPPATH/Models/FoodtruckOwnerModel.php(79): App\Models\UserModel::getUserById()
185 APPPATH/Models/FoodtruckOwnerModel.php(27): App\Models\FoodtruckOwnerModel->loadOwnerByUserUid()
186 APPPATH/Models/FoodtruckModel.php(113): App\Models\FoodtruckOwnerModel::getOwnerByUserUid()
187 APPPATH/Models/FoodtruckModel.php(83): App\Models\FoodtruckModel->loadFoodtruckData()
188 APPPATH/Models/FoodtruckModel.php(50): App\Models\FoodtruckModel->loadById()
189 APPPATH/Models/FoodtruckWorkerModel.php(111): App\Models\FoodtruckModel::getAllFoodtrucksWithWorker()
190 APPPATH/Models/FoodtruckWorkerModel.php(100): App\Models\FoodtruckWorkerModel->loadFoodtrucks()
191 APPPATH/Models/FoodtruckWorkerModel.php(43): App\Models\FoodtruckWorkerModel->loadWorkerByUserModel()
192 APPPATH/Models/UserModel.php(339): App\Models\FoodtruckWorkerModel::getWorkerByUserModel()
193 APPPATH/Models/UserModel.php(50): App\Models\UserModel->loadUser()
194 APPPATH/Models/UserModel.php(97): App\Models\UserModel->loadByUid()
195 APPPATH/Models/FoodtruckOwnerModel.php(79): App\Models\UserModel::getUserById()
196 APPPATH/Models/FoodtruckOwnerModel.php(27): App\Models\FoodtruckOwnerModel->loadOwnerByUserUid()
197 APPPATH/Models/FoodtruckModel.php(113): App\Models\FoodtruckOwnerModel::getOwnerByUserUid()
198 APPPATH/Models/FoodtruckModel.php(83): App\Models\FoodtruckModel->loadFoodtruckData()
199 APPPATH/Models/FoodtruckModel.php(50): App\Models\FoodtruckModel->loadById()
200 APPPATH/Models/FoodtruckWorkerModel.php(111): App\Models\FoodtruckModel::getAllFoodtrucksWithWorker()
201 APPPATH/Models/FoodtruckWorkerModel.php(100): App\Models\FoodtruckWorkerModel->loadFoodtrucks()
202 APPPATH/Models/FoodtruckWorkerModel.php(43): App\Models\FoodtruckWorkerModel->loadWorkerByUserModel()
203 APPPATH/Models/UserModel.php(339): App\Models\FoodtruckWorkerModel::getWorkerByUserModel()
204 APPPATH/Models/UserModel.php(50): App\Models\UserModel->loadUser()
205 APPPATH/Models/UserModel.php(97): App\Models\UserModel->loadByUid()
206 APPPATH/Models/FoodtruckOwnerModel.php(79): App\Models\UserModel::getUserById()
207 APPPATH/Models/FoodtruckOwnerModel.php(27): App\Models\FoodtruckOwnerModel->loadOwnerByUserUid()
208 APPPATH/Models/FoodtruckModel.php(113): App\Models\FoodtruckOwnerModel::getOwnerByUserUid()
209 APPPATH/Models/FoodtruckModel.php(83): App\Models\FoodtruckModel->loadFoodtruckData()
210 APPPATH/Models/FoodtruckModel.php(50): App\Models\FoodtruckModel->loadById()
211 APPPATH/Models/FoodtruckWorkerModel.php(111): App\Models\FoodtruckModel::getAllFoodtrucksWithWorker()
212 APPPATH/Models/FoodtruckWorkerModel.php(100): App\Models\FoodtruckWorkerModel->loadFoodtrucks()
213 APPPATH/Models/FoodtruckWorkerModel.php(43): App\Models\FoodtruckWorkerModel->loadWorkerByUserModel()
214 APPPATH/Models/UserModel.php(339): App\Models\FoodtruckWorkerModel::getWorkerByUserModel()
215 APPPATH/Models/UserModel.php(50): App\Models\UserModel->loadUser()
216 APPPATH/Models/UserModel.php(97): App\Models\UserModel->loadByUid()
217 APPPATH/Models/FoodtruckOwnerModel.php(79): App\Models\UserModel::getUserById()
218 APPPATH/Models/FoodtruckOwnerModel.php(27): App\Models\FoodtruckOwnerModel->loadOwnerByUserUid()
219 APPPATH/Models/FoodtruckModel.php(113): App\Models\FoodtruckOwnerModel::getOwnerByUserUid()
220 APPPATH/Models/FoodtruckModel.php(83): App\Models\FoodtruckModel->loadFoodtruckData()
221 APPPATH/Models/FoodtruckModel.php(50): App\Models\FoodtruckModel->loadById()
222 APPPATH/Models/FoodtruckWorkerModel.php(111): App\Models\FoodtruckModel::getAllFoodtrucksWithWorker()
223 APPPATH/Models/FoodtruckWorkerModel.php(100): App\Models\FoodtruckWorkerModel->loadFoodtrucks()
224 APPPATH/Models/FoodtruckWorkerModel.php(43): App\Models\FoodtruckWorkerModel->loadWorkerByUserModel()
225 APPPATH/Models/UserModel.php(339): App\Models\FoodtruckWorkerModel::getWorkerByUserModel()
226 APPPATH/Models/UserModel.php(50): App\Models\UserModel->loadUser()
227 APPPATH/Models/UserModel.php(97): App\Models\UserModel->loadByUid()
228 APPPATH/Models/FoodtruckOwnerModel.php(79): App\Models\UserModel::getUserById()
229 APPPATH/Models/FoodtruckOwnerModel.php(27): App\Models\FoodtruckOwnerModel->loadOwnerByUserUid()
230 APPPATH/Models/FoodtruckModel.php(113): App\Models\FoodtruckOwnerModel::getOwnerByUserUid()
231 APPPATH/Models/FoodtruckModel.php(83): App\Models\FoodtruckModel->loadFoodtruckData()
232 APPPATH/Models/FoodtruckModel.php(50): App\Models\FoodtruckModel->loadById()
233 APPPATH/Models/FoodtruckWorkerModel.php(111): App\Models\FoodtruckModel::getAllFoodtrucksWithWorker()
234 APPPATH/Models/FoodtruckWorkerModel.php(100): App\Models\FoodtruckWorkerModel->loadFoodtrucks()
235 APPPATH/Models/FoodtruckWorkerModel.php(43): App\Models\FoodtruckWorkerModel->loadWorkerByUserModel()
236 APPPATH/Models/UserModel.php(339): App\Models\FoodtruckWorkerModel::getWorkerByUserModel()
237 APPPATH/Models/UserModel.php(50): App\Models\UserModel->loadUser()
238 APPPATH/Models/UserModel.php(97): App\Models\UserModel->loadByUid()
239 APPPATH/Models/FoodtruckOwnerModel.php(79): App\Models\UserModel::getUserById()
240 APPPATH/Models/FoodtruckOwnerModel.php(27): App\Models\FoodtruckOwnerModel->loadOwnerByUserUid()
241 APPPATH/Models/FoodtruckModel.php(113): App\Models\FoodtruckOwnerModel::getOwnerByUserUid()
242 APPPATH/Models/FoodtruckModel.php(83): App\Models\FoodtruckModel->loadFoodtruckData()
243 APPPATH/Models/FoodtruckModel.php(50): App\Models\FoodtruckModel->loadById()
244 APPPATH/Models/FoodtruckWorkerModel.php(111): App\Models\FoodtruckModel::getAllFoodtrucksWithWorker()
245 APPPATH/Models/FoodtruckWorkerModel.php(100): App\Models\FoodtruckWorkerModel->loadFoodtrucks()
246 APPPATH/Models/FoodtruckWorkerModel.php(43): App\Models\FoodtruckWorkerModel->loadWorkerByUserModel()
247 APPPATH/Models/UserModel.php(339): App\Models\FoodtruckWorkerModel::getWorkerByUserModel()
248 APPPATH/Models/UserModel.php(72): App\Models\UserModel->loadUser()
249 APPPATH/Models/UserModel.php(84): App\Models\UserModel->loadByEmail()
250 APPPATH/Controllers/LoginController.php(64): App\Models\UserModel::getUserByEmail()
251 APPPATH/Controllers/LoginController.php(51): App\Controllers\LoginController->tryLogin()
252 SYSTEMPATH/CodeIgniter.php(942): App\Controllers\LoginController->login()
253 SYSTEMPATH/CodeIgniter.php(502): CodeIgniter\CodeIgniter->runController()
254 SYSTEMPATH/CodeIgniter.php(361): CodeIgniter\CodeIgniter->handleRequest()
255 FCPATH/index.php(79): CodeIgniter\CodeIgniter->run()
INFO - 2023-12-04 18:06:13 --> Session: Class initialized using 'CodeIgniter\Session\Handlers\FileHandler' driver.
CRITICAL - 2023-12-04 18:06:13 --> Undefined property: stdClass::$currAddress
in APPPATH/Models/FoodtruckModel.php on line 121.
 1 APPPATH/Models/FoodtruckModel.php(121): CodeIgniter\Debug\Exceptions->errorHandler()
 2 APPPATH/Models/FoodtruckModel.php(83): App\Models\FoodtruckModel->loadFoodtruckData()
 3 APPPATH/Models/FoodtruckModel.php(50): App\Models\FoodtruckModel->loadById()
 4 APPPATH/Models/FoodtruckWorkerModel.php(111): App\Models\FoodtruckModel::getAllFoodtrucksWithWorker()
 5 APPPATH/Models/FoodtruckWorkerModel.php(100): App\Models\FoodtruckWorkerModel->loadFoodtrucks()
 6 APPPATH/Models/FoodtruckWorkerModel.php(43): App\Models\FoodtruckWorkerModel->loadWorkerByUserModel()
 7 APPPATH/Models/UserModel.php(340): App\Models\FoodtruckWorkerModel::getWorkerByUserModel()
 8 APPPATH/Models/UserModel.php(73): App\Models\UserModel->loadUser()
 9 APPPATH/Models/UserModel.php(85): App\Models\UserModel->loadByEmail()
10 APPPATH/Controllers/LoginController.php(64): App\Models\UserModel::getUserByEmail()
11 APPPATH/Controllers/LoginController.php(51): App\Controllers\LoginController->tryLogin()
12 SYSTEMPATH/CodeIgniter.php(942): App\Controllers\LoginController->login()
13 SYSTEMPATH/CodeIgniter.php(502): CodeIgniter\CodeIgniter->runController()
14 SYSTEMPATH/CodeIgniter.php(361): CodeIgniter\CodeIgniter->handleRequest()
15 FCPATH/index.php(79): CodeIgniter\CodeIgniter->run()
INFO - 2023-12-04 18:09:40 --> Session: Class initialized using 'CodeIgniter\Session\Handlers\FileHandler' driver.
CRITICAL - 2023-12-04 18:09:40 --> Undefined property: stdClass::$currAddress
in APPPATH/Models/FoodtruckModel.php on line 121.
 1 APPPATH/Models/FoodtruckModel.php(121): CodeIgniter\Debug\Exceptions->errorHandler()
 2 APPPATH/Models/FoodtruckModel.php(83): App\Models\FoodtruckModel->loadFoodtruckData()
 3 APPPATH/Models/FoodtruckModel.php(50): App\Models\FoodtruckModel->loadById()
 4 APPPATH/Models/FoodtruckWorkerModel.php(111): App\Models\FoodtruckModel::getAllFoodtrucksWithWorker()
 5 APPPATH/Models/FoodtruckWorkerModel.php(100): App\Models\FoodtruckWorkerModel->loadFoodtrucks()
 6 APPPATH/Models/FoodtruckWorkerModel.php(43): App\Models\FoodtruckWorkerModel->loadWorkerByUserModel()
 7 APPPATH/Models/UserModel.php(340): App\Models\FoodtruckWorkerModel::getWorkerByUserModel()
 8 APPPATH/Models/UserModel.php(73): App\Models\UserModel->loadUser()
 9 APPPATH/Models/UserModel.php(85): App\Models\UserModel->loadByEmail()
10 APPPATH/Controllers/LoginController.php(64): App\Models\UserModel::getUserByEmail()
11 APPPATH/Controllers/LoginController.php(51): App\Controllers\LoginController->tryLogin()
12 SYSTEMPATH/CodeIgniter.php(942): App\Controllers\LoginController->login()
13 SYSTEMPATH/CodeIgniter.php(502): CodeIgniter\CodeIgniter->runController()
14 SYSTEMPATH/CodeIgniter.php(361): CodeIgniter\CodeIgniter->handleRequest()
15 FCPATH/index.php(79): CodeIgniter\CodeIgniter->run()
INFO - 2023-12-04 18:10:36 --> Session: Class initialized using 'CodeIgniter\Session\Handlers\FileHandler' driver.
CRITICAL - 2023-12-04 18:10:37 --> Cannot assign string to property App\Models\OpenTimeModel::$fromTime of type ?CodeIgniter\I18n\Time
in APPPATH/Models/OpenTimeModel.php on line 41.
 1 APPPATH/Models/OpenTimeModel.php(28): App\Models\OpenTimeModel->loadByQueryResult()
 2 APPPATH/Models/FoodtruckModel.php(89): App\Models\OpenTimeModel::getOpenTimesByFoodtruckKey()
 3 APPPATH/Models/FoodtruckModel.php(50): App\Models\FoodtruckModel->loadById()
 4 APPPATH/Models/FoodtruckWorkerModel.php(111): App\Models\FoodtruckModel::getAllFoodtrucksWithWorker()
 5 APPPATH/Models/FoodtruckWorkerModel.php(100): App\Models\FoodtruckWorkerModel->loadFoodtrucks()
 6 APPPATH/Models/FoodtruckWorkerModel.php(43): App\Models\FoodtruckWorkerModel->loadWorkerByUserModel()
 7 APPPATH/Models/UserModel.php(340): App\Models\FoodtruckWorkerModel::getWorkerByUserModel()
 8 APPPATH/Models/UserModel.php(73): App\Models\UserModel->loadUser()
 9 APPPATH/Models/UserModel.php(85): App\Models\UserModel->loadByEmail()
10 APPPATH/Controllers/LoginController.php(64): App\Models\UserModel::getUserByEmail()
11 APPPATH/Controllers/LoginController.php(51): App\Controllers\LoginController->tryLogin()
12 SYSTEMPATH/CodeIgniter.php(942): App\Controllers\LoginController->login()
13 SYSTEMPATH/CodeIgniter.php(502): CodeIgniter\CodeIgniter->runController()
14 SYSTEMPATH/CodeIgniter.php(361): CodeIgniter\CodeIgniter->handleRequest()
15 FCPATH/index.php(79): CodeIgniter\CodeIgniter->run()
INFO - 2023-12-04 18:17:09 --> Session: Class initialized using 'CodeIgniter\Session\Handlers\FileHandler' driver.
CRITICAL - 2023-12-04 18:17:09 --> Undefined property: stdClass::$profileImage
in APPPATH/Models/FoodtruckProfileModel.php on line 48.
 1 APPPATH/Models/FoodtruckProfileModel.php(48): CodeIgniter\Debug\Exceptions->errorHandler()
 2 APPPATH/Models/FoodtruckProfileModel.php(28): App\Models\FoodtruckProfileModel->loadByFoodtruckId()
 3 APPPATH/Models/FoodtruckModel.php(95): App\Models\FoodtruckProfileModel::getProfileByFoodtruckKey()
 4 APPPATH/Models/FoodtruckModel.php(50): App\Models\FoodtruckModel->loadById()
 5 APPPATH/Models/FoodtruckWorkerModel.php(111): App\Models\FoodtruckModel::getAllFoodtrucksWithWorker()
 6 APPPATH/Models/FoodtruckWorkerModel.php(100): App\Models\FoodtruckWorkerModel->loadFoodtrucks()
 7 APPPATH/Models/FoodtruckWorkerModel.php(43): App\Models\FoodtruckWorkerModel->loadWorkerByUserModel()
 8 APPPATH/Models/UserModel.php(340): App\Models\FoodtruckWorkerModel::getWorkerByUserModel()
 9 APPPATH/Models/UserModel.php(73): App\Models\UserModel->loadUser()
10 APPPATH/Models/UserModel.php(85): App\Models\UserModel->loadByEmail()
11 APPPATH/Controllers/LoginController.php(64): App\Models\UserModel::getUserByEmail()
12 APPPATH/Controllers/LoginController.php(51): App\Controllers\LoginController->tryLogin()
13 SYSTEMPATH/CodeIgniter.php(942): App\Controllers\LoginController->login()
14 SYSTEMPATH/CodeIgniter.php(502): CodeIgniter\CodeIgniter->runController()
15 SYSTEMPATH/CodeIgniter.php(361): CodeIgniter\CodeIgniter->handleRequest()
16 FCPATH/index.php(79): CodeIgniter\CodeIgniter->run()
INFO - 2023-12-04 18:17:46 --> Session: Class initialized using 'CodeIgniter\Session\Handlers\FileHandler' driver.
CRITICAL - 2023-12-04 18:17:46 --> Cannot assign string to property App\Models\FoodtruckProfileModel::$profileImage of type ?array
in APPPATH/Models/FoodtruckProfileModel.php on line 48.
 1 APPPATH/Models/FoodtruckProfileModel.php(28): App\Models\FoodtruckProfileModel->loadByFoodtruckId()
 2 APPPATH/Models/FoodtruckModel.php(95): App\Models\FoodtruckProfileModel::getProfileByFoodtruckKey()
 3 APPPATH/Models/FoodtruckModel.php(50): App\Models\FoodtruckModel->loadById()
 4 APPPATH/Models/FoodtruckWorkerModel.php(111): App\Models\FoodtruckModel::getAllFoodtrucksWithWorker()
 5 APPPATH/Models/FoodtruckWorkerModel.php(100): App\Models\FoodtruckWorkerModel->loadFoodtrucks()
 6 APPPATH/Models/FoodtruckWorkerModel.php(43): App\Models\FoodtruckWorkerModel->loadWorkerByUserModel()
 7 APPPATH/Models/UserModel.php(340): App\Models\FoodtruckWorkerModel::getWorkerByUserModel()
 8 APPPATH/Models/UserModel.php(73): App\Models\UserModel->loadUser()
 9 APPPATH/Models/UserModel.php(85): App\Models\UserModel->loadByEmail()
10 APPPATH/Controllers/LoginController.php(64): App\Models\UserModel::getUserByEmail()
11 APPPATH/Controllers/LoginController.php(51): App\Controllers\LoginController->tryLogin()
12 SYSTEMPATH/CodeIgniter.php(942): App\Controllers\LoginController->login()
13 SYSTEMPATH/CodeIgniter.php(502): CodeIgniter\CodeIgniter->runController()
14 SYSTEMPATH/CodeIgniter.php(361): CodeIgniter\CodeIgniter->handleRequest()
15 FCPATH/index.php(79): CodeIgniter\CodeIgniter->run()
INFO - 2023-12-04 18:18:24 --> Session: Class initialized using 'CodeIgniter\Session\Handlers\FileHandler' driver.
CRITICAL - 2023-12-04 18:18:25 --> Cannot assign string to property App\Models\FoodtruckProfileModel::$profileImage of type ?array
in APPPATH/Models/FoodtruckProfileModel.php on line 48.
 1 APPPATH/Models/FoodtruckProfileModel.php(28): App\Models\FoodtruckProfileModel->loadByFoodtruckId()
 2 APPPATH/Models/FoodtruckModel.php(95): App\Models\FoodtruckProfileModel::getProfileByFoodtruckKey()
 3 APPPATH/Models/FoodtruckModel.php(50): App\Models\FoodtruckModel->loadById()
 4 APPPATH/Models/FoodtruckWorkerModel.php(111): App\Models\FoodtruckModel::getAllFoodtrucksWithWorker()
 5 APPPATH/Models/FoodtruckWorkerModel.php(100): App\Models\FoodtruckWorkerModel->loadFoodtrucks()
 6 APPPATH/Models/FoodtruckWorkerModel.php(43): App\Models\FoodtruckWorkerModel->loadWorkerByUserModel()
 7 APPPATH/Models/UserModel.php(340): App\Models\FoodtruckWorkerModel::getWorkerByUserModel()
 8 APPPATH/Models/UserModel.php(73): App\Models\UserModel->loadUser()
 9 APPPATH/Models/UserModel.php(85): App\Models\UserModel->loadByEmail()
10 APPPATH/Controllers/LoginController.php(64): App\Models\UserModel::getUserByEmail()
11 APPPATH/Controllers/LoginController.php(51): App\Controllers\LoginController->tryLogin()
12 SYSTEMPATH/CodeIgniter.php(942): App\Controllers\LoginController->login()
13 SYSTEMPATH/CodeIgniter.php(502): CodeIgniter\CodeIgniter->runController()
14 SYSTEMPATH/CodeIgniter.php(361): CodeIgniter\CodeIgniter->handleRequest()
15 FCPATH/index.php(79): CodeIgniter\CodeIgniter->run()
INFO - 2023-12-04 18:20:22 --> Session: Class initialized using 'CodeIgniter\Session\Handlers\FileHandler' driver.
INFO - 2023-12-04 18:20:23 --> Session: Class initialized using 'CodeIgniter\Session\Handlers\FileHandler' driver.
INFO - 2023-12-04 18:20:32 --> Session: Class initialized using 'CodeIgniter\Session\Handlers\FileHandler' driver.
CRITICAL - 2023-12-04 18:20:32 --> Call to undefined method App\Models\FoodtruckOwnerModel::getUser()
in APPPATH/Models/FoodtruckOwnerModel.php on line 119.
 1 APPPATH/Views/MyFoodtrucks.php(27): App\Models\FoodtruckOwnerModel->getOwnedFoodtrucks()
 2 SYSTEMPATH/View/View.php(228): include('/app/app/Views/MyFoodtrucks.php')
 3 SYSTEMPATH/View/View.php(231): CodeIgniter\View\View->CodeIgniter\View\{closure}()
 4 SYSTEMPATH/Common.php(1190): CodeIgniter\View\View->render()
 5 SYSTEMPATH/Common.php(1204): view()
 6 APPPATH/Controllers/BaseController.php(87): viewPage()
 7 APPPATH/Controllers/MyFoodtrucksController.php(11): App\Controllers\BaseController->viewingPage()
 8 SYSTEMPATH/CodeIgniter.php(942): App\Controllers\MyFoodtrucksController->index()
 9 SYSTEMPATH/CodeIgniter.php(502): CodeIgniter\CodeIgniter->runController()
10 SYSTEMPATH/CodeIgniter.php(361): CodeIgniter\CodeIgniter->handleRequest()
11 FCPATH/index.php(79): CodeIgniter\CodeIgniter->run()
INFO - 2023-12-04 18:21:57 --> Session: Class initialized using 'CodeIgniter\Session\Handlers\FileHandler' driver.
INFO - 2023-12-04 18:31:18 --> Session: Class initialized using 'CodeIgniter\Session\Handlers\FileHandler' driver.
INFO - 2023-12-04 18:32:21 --> Session: Class initialized using 'CodeIgniter\Session\Handlers\FileHandler' driver.
INFO - 2023-12-04 18:34:02 --> Session: Class initialized using 'CodeIgniter\Session\Handlers\FileHandler' driver.
INFO - 2023-12-04 18:36:43 --> Session: Class initialized using 'CodeIgniter\Session\Handlers\FileHandler' driver.
CRITICAL - 2023-12-04 18:36:43 --> Undefined variable $currUser
in APPPATH/Views/header.php on line 25.
 1 APPPATH/Views/header.php(25): CodeIgniter\Debug\Exceptions->errorHandler()
 2 SYSTEMPATH/View/View.php(228): include('/app/app/Views/header.php')
 3 SYSTEMPATH/View/View.php(231): CodeIgniter\View\View->CodeIgniter\View\{closure}()
 4 SYSTEMPATH/Common.php(1190): CodeIgniter\View\View->render()
 5 SYSTEMPATH/Common.php(1204): view()
 6 APPPATH/Controllers/BaseController.php(87): viewPage()
 7 APPPATH/Controllers/MyFoodtrucksController.php(11): App\Controllers\BaseController->viewingPage()
 8 SYSTEMPATH/CodeIgniter.php(942): App\Controllers\MyFoodtrucksController->index()
 9 SYSTEMPATH/CodeIgniter.php(502): CodeIgniter\CodeIgniter->runController()
10 SYSTEMPATH/CodeIgniter.php(361): CodeIgniter\CodeIgniter->handleRequest()
11 FCPATH/index.php(79): CodeIgniter\CodeIgniter->run()
INFO - 2023-12-04 18:36:50 --> Session: Class initialized using 'CodeIgniter\Session\Handlers\FileHandler' driver.
INFO - 2023-12-04 18:41:10 --> Session: Class initialized using 'CodeIgniter\Session\Handlers\FileHandler' driver.
INFO - 2023-12-04 18:41:24 --> Session: Class initialized using 'CodeIgniter\Session\Handlers\FileHandler' driver.
INFO - 2023-12-04 18:41:25 --> Session: Class initialized using 'CodeIgniter\Session\Handlers\FileHandler' driver.
INFO - 2023-12-04 18:41:28 --> Session: Class initialized using 'CodeIgniter\Session\Handlers\FileHandler' driver.
CRITICAL - 2023-12-04 18:41:29 --> unlink(/app/writable/debugbar/debugbar_1701618046.998398.json): No such file or directory
in SYSTEMPATH/Debug/Toolbar/Collectors/History.php on line 80.
 1 [internal function]: CodeIgniter\Debug\Exceptions->errorHandler()
 2 SYSTEMPATH/Debug/Toolbar/Collectors/History.php(80): unlink()
 3 SYSTEMPATH/Debug/Toolbar.php(499): CodeIgniter\Debug\Toolbar\Collectors\History->setFiles()
 4 SYSTEMPATH/Debug/Toolbar.php(476): CodeIgniter\Debug\Toolbar->format()
 5 APPPATH/Config/Events.php(47): CodeIgniter\Debug\Toolbar->respond()
 6 SYSTEMPATH/Events/Events.php(154): CodeIgniter\Events\Events::Config\{closure}()
 7 SYSTEMPATH/CodeIgniter.php(442): CodeIgniter\Events\Events::trigger()
 8 SYSTEMPATH/CodeIgniter.php(361): CodeIgniter\CodeIgniter->handleRequest()
 9 FCPATH/index.php(79): CodeIgniter\CodeIgniter->run()
INFO - 2023-12-04 18:41:40 --> Session: Class initialized using 'CodeIgniter\Session\Handlers\FileHandler' driver.
INFO - 2023-12-04 18:41:54 --> Session: Class initialized using 'CodeIgniter\Session\Handlers\FileHandler' driver.
INFO - 2023-12-04 18:41:55 --> Session: Class initialized using 'CodeIgniter\Session\Handlers\FileHandler' driver.
INFO - 2023-12-04 18:42:03 --> Session: Class initialized using 'CodeIgniter\Session\Handlers\FileHandler' driver.
INFO - 2023-12-04 18:42:05 --> Session: Class initialized using 'CodeIgniter\Session\Handlers\FileHandler' driver.
CRITICAL - 2023-12-04 18:42:08 --> unlink(/app/writable/debugbar/debugbar_1701710968.330596.json): No such file or directory
in SYSTEMPATH/Debug/Toolbar/Collectors/History.php on line 80.
 1 [internal function]: CodeIgniter\Debug\Exceptions->errorHandler()
 2 SYSTEMPATH/Debug/Toolbar/Collectors/History.php(80): unlink()
 3 SYSTEMPATH/Debug/Toolbar.php(499): CodeIgniter\Debug\Toolbar\Collectors\History->setFiles()
 4 SYSTEMPATH/Debug/Toolbar.php(476): CodeIgniter\Debug\Toolbar->format()
 5 APPPATH/Config/Events.php(47): CodeIgniter\Debug\Toolbar->respond()
 6 SYSTEMPATH/Events/Events.php(154): CodeIgniter\Events\Events::Config\{closure}()
 7 SYSTEMPATH/CodeIgniter.php(442): CodeIgniter\Events\Events::trigger()
 8 SYSTEMPATH/CodeIgniter.php(361): CodeIgniter\CodeIgniter->handleRequest()
 9 FCPATH/index.php(79): CodeIgniter\CodeIgniter->run()
INFO - 2023-12-04 18:42:10 --> Session: Class initialized using 'CodeIgniter\Session\Handlers\FileHandler' driver.
INFO - 2023-12-04 18:42:12 --> Session: Class initialized using 'CodeIgniter\Session\Handlers\FileHandler' driver.
INFO - 2023-12-04 18:42:24 --> Session: Class initialized using 'CodeIgniter\Session\Handlers\FileHandler' driver.
INFO - 2023-12-04 18:52:18 --> Session: Class initialized using 'CodeIgniter\Session\Handlers\FileHandler' driver.
INFO - 2023-12-04 19:07:24 --> Session: Class initialized using 'CodeIgniter\Session\Handlers\FileHandler' driver.
INFO - 2023-12-04 19:07:54 --> Session: Class initialized using 'CodeIgniter\Session\Handlers\FileHandler' driver.
INFO - 2023-12-04 19:08:09 --> Session: Class initialized using 'CodeIgniter\Session\Handlers\FileHandler' driver.
INFO - 2023-12-04 19:09:31 --> Session: Class initialized using 'CodeIgniter\Session\Handlers\FileHandler' driver.
INFO - 2023-12-04 19:09:46 --> Session: Class initialized using 'CodeIgniter\Session\Handlers\FileHandler' driver.
INFO - 2023-12-04 19:22:57 --> Session: Class initialized using 'CodeIgniter\Session\Handlers\FileHandler' driver.
INFO - 2023-12-04 19:23:55 --> Session: Class initialized using 'CodeIgniter\Session\Handlers\FileHandler' driver.
INFO - 2023-12-04 20:41:45 --> Session: Class initialized using 'CodeIgniter\Session\Handlers\FileHandler' driver.
CRITICAL - 2023-12-04 20:56:39 --> Cannot assign array to property App\Models\FoodtruckProfileModel::$profileImage of type ?Cassandra\Blob
in SYSTEMPATH/Session/Session.php on line 919.
 1 SYSTEMPATH/Session/Session.php(919): session_start()
 2 SYSTEMPATH/Session/Session.php(241): CodeIgniter\Session\Session->startSession()
 3 SYSTEMPATH/Config/Services.php(693): CodeIgniter\Session\Session->start()
 4 SYSTEMPATH/Config/BaseService.php(258): CodeIgniter\Config\Services::session()
 5 SYSTEMPATH/Config/BaseService.php(199): CodeIgniter\Config\BaseService::__callStatic()
 6 SYSTEMPATH/Config/Services.php(664): CodeIgniter\Config\BaseService::getSharedInstance()
 7 SYSTEMPATH/Config/BaseService.php(258): CodeIgniter\Config\Services::session()
 8 APPPATH/Controllers/BaseController.php(57): CodeIgniter\Config\BaseService::__callStatic()
 9 SYSTEMPATH/CodeIgniter.php(915): App\Controllers\BaseController->initController()
10 SYSTEMPATH/CodeIgniter.php(493): CodeIgniter\CodeIgniter->createController()
11 SYSTEMPATH/CodeIgniter.php(361): CodeIgniter\CodeIgniter->handleRequest()
12 FCPATH/index.php(79): CodeIgniter\CodeIgniter->run()
CRITICAL - 2023-12-04 20:56:53 --> Cannot assign array to property App\Models\FoodtruckProfileModel::$profileImage of type ?Cassandra\Blob
in SYSTEMPATH/Session/Session.php on line 919.
 1 SYSTEMPATH/Session/Session.php(919): session_start()
 2 SYSTEMPATH/Session/Session.php(241): CodeIgniter\Session\Session->startSession()
 3 SYSTEMPATH/Config/Services.php(693): CodeIgniter\Session\Session->start()
 4 SYSTEMPATH/Config/BaseService.php(258): CodeIgniter\Config\Services::session()
 5 SYSTEMPATH/Config/BaseService.php(199): CodeIgniter\Config\BaseService::__callStatic()
 6 SYSTEMPATH/Config/Services.php(664): CodeIgniter\Config\BaseService::getSharedInstance()
 7 SYSTEMPATH/Config/BaseService.php(258): CodeIgniter\Config\Services::session()
 8 APPPATH/Controllers/BaseController.php(57): CodeIgniter\Config\BaseService::__callStatic()
 9 SYSTEMPATH/CodeIgniter.php(915): App\Controllers\BaseController->initController()
10 SYSTEMPATH/CodeIgniter.php(493): CodeIgniter\CodeIgniter->createController()
11 SYSTEMPATH/CodeIgniter.php(361): CodeIgniter\CodeIgniter->handleRequest()
12 FCPATH/index.php(79): CodeIgniter\CodeIgniter->run()
CRITICAL - 2023-12-04 20:58:06 --> Cannot assign array to property App\Models\FoodtruckProfileModel::$profileImage of type ?string
in SYSTEMPATH/Session/Session.php on line 919.
 1 SYSTEMPATH/Session/Session.php(919): session_start()
 2 SYSTEMPATH/Session/Session.php(241): CodeIgniter\Session\Session->startSession()
 3 SYSTEMPATH/Config/Services.php(693): CodeIgniter\Session\Session->start()
 4 SYSTEMPATH/Config/BaseService.php(258): CodeIgniter\Config\Services::session()
 5 SYSTEMPATH/Config/BaseService.php(199): CodeIgniter\Config\BaseService::__callStatic()
 6 SYSTEMPATH/Config/Services.php(664): CodeIgniter\Config\BaseService::getSharedInstance()
 7 SYSTEMPATH/Config/BaseService.php(258): CodeIgniter\Config\Services::session()
 8 APPPATH/Controllers/BaseController.php(57): CodeIgniter\Config\BaseService::__callStatic()
 9 SYSTEMPATH/CodeIgniter.php(915): App\Controllers\BaseController->initController()
10 SYSTEMPATH/CodeIgniter.php(493): CodeIgniter\CodeIgniter->createController()
11 SYSTEMPATH/CodeIgniter.php(361): CodeIgniter\CodeIgniter->handleRequest()
12 FCPATH/index.php(79): CodeIgniter\CodeIgniter->run()
CRITICAL - 2023-12-04 20:58:11 --> Cannot assign array to property App\Models\FoodtruckProfileModel::$profileImage of type ?string
in SYSTEMPATH/Session/Session.php on line 919.
 1 SYSTEMPATH/Session/Session.php(919): session_start()
 2 SYSTEMPATH/Session/Session.php(241): CodeIgniter\Session\Session->startSession()
 3 SYSTEMPATH/Config/Services.php(693): CodeIgniter\Session\Session->start()
 4 SYSTEMPATH/Config/BaseService.php(258): CodeIgniter\Config\Services::session()
 5 SYSTEMPATH/Config/BaseService.php(199): CodeIgniter\Config\BaseService::__callStatic()
 6 SYSTEMPATH/Config/Services.php(664): CodeIgniter\Config\BaseService::getSharedInstance()
 7 SYSTEMPATH/Config/BaseService.php(258): CodeIgniter\Config\Services::session()
 8 APPPATH/Controllers/BaseController.php(57): CodeIgniter\Config\BaseService::__callStatic()
 9 SYSTEMPATH/CodeIgniter.php(915): App\Controllers\BaseController->initController()
10 SYSTEMPATH/CodeIgniter.php(493): CodeIgniter\CodeIgniter->createController()
11 SYSTEMPATH/CodeIgniter.php(361): CodeIgniter\CodeIgniter->handleRequest()
12 FCPATH/index.php(79): CodeIgniter\CodeIgniter->run()
CRITICAL - 2023-12-04 21:00:03 --> Cannot assign array to property App\Models\FoodtruckProfileModel::$profileImage of type ?string
in SYSTEMPATH/Session/Session.php on line 919.
 1 SYSTEMPATH/Session/Session.php(919): session_start()
 2 SYSTEMPATH/Session/Session.php(241): CodeIgniter\Session\Session->startSession()
 3 SYSTEMPATH/Config/Services.php(693): CodeIgniter\Session\Session->start()
 4 SYSTEMPATH/Config/BaseService.php(258): CodeIgniter\Config\Services::session()
 5 SYSTEMPATH/Config/BaseService.php(199): CodeIgniter\Config\BaseService::__callStatic()
 6 SYSTEMPATH/Config/Services.php(664): CodeIgniter\Config\BaseService::getSharedInstance()
 7 SYSTEMPATH/Config/BaseService.php(258): CodeIgniter\Config\Services::session()
 8 APPPATH/Controllers/BaseController.php(57): CodeIgniter\Config\BaseService::__callStatic()
 9 SYSTEMPATH/CodeIgniter.php(915): App\Controllers\BaseController->initController()
10 SYSTEMPATH/CodeIgniter.php(493): CodeIgniter\CodeIgniter->createController()
11 SYSTEMPATH/CodeIgniter.php(361): CodeIgniter\CodeIgniter->handleRequest()
12 FCPATH/index.php(79): CodeIgniter\CodeIgniter->run()
INFO - 2023-12-04 21:01:03 --> Session: Class initialized using 'CodeIgniter\Session\Handlers\FileHandler' driver.
CRITICAL - 2023-12-04 21:01:03 --> base64_encode(): Argument #1 ($string) must be of type string, array given
in APPPATH/Models/FoodtruckModel.php on line 229.
 1 APPPATH/Models/FoodtruckModel.php(229): base64_encode()
 2 APPPATH/Views/MyFoodtrucks.php(28): App\Models\FoodtruckModel->getThumbnailString()
 3 SYSTEMPATH/View/View.php(228): include('/app/app/Views/MyFoodtrucks.php')
 4 SYSTEMPATH/View/View.php(231): CodeIgniter\View\View->CodeIgniter\View\{closure}()
 5 SYSTEMPATH/Common.php(1190): CodeIgniter\View\View->render()
 6 SYSTEMPATH/Common.php(1204): view()
 7 APPPATH/Controllers/BaseController.php(87): viewPage()
 8 APPPATH/Controllers/MyFoodtrucksController.php(11): App\Controllers\BaseController->viewingPage()
 9 SYSTEMPATH/CodeIgniter.php(942): App\Controllers\MyFoodtrucksController->index()
10 SYSTEMPATH/CodeIgniter.php(502): CodeIgniter\CodeIgniter->runController()
11 SYSTEMPATH/CodeIgniter.php(361): CodeIgniter\CodeIgniter->handleRequest()
12 FCPATH/index.php(79): CodeIgniter\CodeIgniter->run()
INFO - 2023-12-04 21:04:41 --> Session: Class initialized using 'CodeIgniter\Session\Handlers\FileHandler' driver.
INFO - 2023-12-04 21:05:01 --> Session: Class initialized using 'CodeIgniter\Session\Handlers\FileHandler' driver.
INFO - 2023-12-04 21:08:33 --> Session: Class initialized using 'CodeIgniter\Session\Handlers\FileHandler' driver.
CRITICAL - 2023-12-04 21:08:33 --> foreach() argument must be of type array|object, int given
in APPPATH/Helpers/BlobConverter.php on line 12.
 1 APPPATH/Helpers/BlobConverter.php(12): CodeIgniter\Debug\Exceptions->errorHandler()
 2 APPPATH/Models/FoodtruckModel.php(230): App\Helpers\BlobConverter::blobArrayToString()
 3 APPPATH/Views/MyFoodtrucks.php(28): App\Models\FoodtruckModel->getThumbnailString()
 4 SYSTEMPATH/View/View.php(228): include('/app/app/Views/MyFoodtrucks.php')
 5 SYSTEMPATH/View/View.php(231): CodeIgniter\View\View->CodeIgniter\View\{closure}()
 6 SYSTEMPATH/Common.php(1190): CodeIgniter\View\View->render()
 7 SYSTEMPATH/Common.php(1204): view()
 8 APPPATH/Controllers/BaseController.php(87): viewPage()
 9 APPPATH/Controllers/MyFoodtrucksController.php(11): App\Controllers\BaseController->viewingPage()
10 SYSTEMPATH/CodeIgniter.php(942): App\Controllers\MyFoodtrucksController->index()
11 SYSTEMPATH/CodeIgniter.php(502): CodeIgniter\CodeIgniter->runController()
12 SYSTEMPATH/CodeIgniter.php(361): CodeIgniter\CodeIgniter->handleRequest()
13 FCPATH/index.php(79): CodeIgniter\CodeIgniter->run()
INFO - 2023-12-04 21:09:04 --> Session: Class initialized using 'CodeIgniter\Session\Handlers\FileHandler' driver.
INFO - 2023-12-04 21:09:55 --> Session: Class initialized using 'CodeIgniter\Session\Handlers\FileHandler' driver.
INFO - 2023-12-04 21:12:48 --> Session: Class initialized using 'CodeIgniter\Session\Handlers\FileHandler' driver.
INFO - 2023-12-04 21:13:29 --> Session: Class initialized using 'CodeIgniter\Session\Handlers\FileHandler' driver.
INFO - 2023-12-04 21:13:38 --> Session: Class initialized using 'CodeIgniter\Session\Handlers\FileHandler' driver.
INFO - 2023-12-04 21:13:39 --> Session: Class initialized using 'CodeIgniter\Session\Handlers\FileHandler' driver.
CRITICAL - 2023-12-04 21:13:45 --> unlink(/app/writable/debugbar/debugbar_1701715324.410736.json): No such file or directory
in SYSTEMPATH/Debug/Toolbar/Collectors/History.php on line 80.
 1 [internal function]: CodeIgniter\Debug\Exceptions->errorHandler()
 2 SYSTEMPATH/Debug/Toolbar/Collectors/History.php(80): unlink()
 3 SYSTEMPATH/Debug/Toolbar.php(499): CodeIgniter\Debug\Toolbar\Collectors\History->setFiles()
 4 SYSTEMPATH/Debug/Toolbar.php(476): CodeIgniter\Debug\Toolbar->format()
 5 APPPATH/Config/Events.php(47): CodeIgniter\Debug\Toolbar->respond()
 6 SYSTEMPATH/Events/Events.php(154): CodeIgniter\Events\Events::Config\{closure}()
 7 SYSTEMPATH/CodeIgniter.php(442): CodeIgniter\Events\Events::trigger()
 8 SYSTEMPATH/CodeIgniter.php(361): CodeIgniter\CodeIgniter->handleRequest()
 9 FCPATH/index.php(79): CodeIgniter\CodeIgniter->run()
INFO - 2023-12-04 21:13:46 --> Session: Class initialized using 'CodeIgniter\Session\Handlers\FileHandler' driver.
INFO - 2023-12-04 21:13:47 --> Session: Class initialized using 'CodeIgniter\Session\Handlers\FileHandler' driver.
INFO - 2023-12-04 21:13:49 --> Session: Class initialized using 'CodeIgniter\Session\Handlers\FileHandler' driver.
CRITICAL - 2023-12-04 21:13:55 --> unlink(/app/writable/debugbar/debugbar_1701715335.778470.json): No such file or directory
in SYSTEMPATH/Debug/Toolbar/Collectors/History.php on line 80.
 1 [internal function]: CodeIgniter\Debug\Exceptions->errorHandler()
 2 SYSTEMPATH/Debug/Toolbar/Collectors/History.php(80): unlink()
 3 SYSTEMPATH/Debug/Toolbar.php(499): CodeIgniter\Debug\Toolbar\Collectors\History->setFiles()
 4 SYSTEMPATH/Debug/Toolbar.php(476): CodeIgniter\Debug\Toolbar->format()
 5 APPPATH/Config/Events.php(47): CodeIgniter\Debug\Toolbar->respond()
 6 SYSTEMPATH/Events/Events.php(154): CodeIgniter\Events\Events::Config\{closure}()
 7 SYSTEMPATH/CodeIgniter.php(442): CodeIgniter\Events\Events::trigger()
 8 SYSTEMPATH/CodeIgniter.php(361): CodeIgniter\CodeIgniter->handleRequest()
 9 FCPATH/index.php(79): CodeIgniter\CodeIgniter->run()
INFO - 2023-12-04 21:14:24 --> Session: Class initialized using 'CodeIgniter\Session\Handlers\FileHandler' driver.
INFO - 2023-12-04 21:14:27 --> Session: Class initialized using 'CodeIgniter\Session\Handlers\FileHandler' driver.
INFO - 2023-12-04 21:14:29 --> Session: Class initialized using 'CodeIgniter\Session\Handlers\FileHandler' driver.
CRITICAL - 2023-12-04 21:14:32 --> unlink(/app/writable/debugbar/debugbar_1701715942.825310.json): No such file or directory
in SYSTEMPATH/Debug/Toolbar/Collectors/History.php on line 80.
 1 [internal function]: CodeIgniter\Debug\Exceptions->errorHandler()
 2 SYSTEMPATH/Debug/Toolbar/Collectors/History.php(80): unlink()
 3 SYSTEMPATH/Debug/Toolbar.php(499): CodeIgniter\Debug\Toolbar\Collectors\History->setFiles()
 4 SYSTEMPATH/Debug/Toolbar.php(476): CodeIgniter\Debug\Toolbar->format()
 5 APPPATH/Config/Events.php(47): CodeIgniter\Debug\Toolbar->respond()
 6 SYSTEMPATH/Events/Events.php(154): CodeIgniter\Events\Events::Config\{closure}()
 7 SYSTEMPATH/CodeIgniter.php(442): CodeIgniter\Events\Events::trigger()
 8 SYSTEMPATH/CodeIgniter.php(361): CodeIgniter\CodeIgniter->handleRequest()
 9 FCPATH/index.php(79): CodeIgniter\CodeIgniter->run()
CRITICAL - 2023-12-04 21:14:33 --> unlink(/app/writable/debugbar/debugbar_1701716848.393335.json): No such file or directory
in SYSTEMPATH/Debug/Toolbar/Collectors/History.php on line 80.
 1 [internal function]: CodeIgniter\Debug\Exceptions->errorHandler()
 2 SYSTEMPATH/Debug/Toolbar/Collectors/History.php(80): unlink()
 3 SYSTEMPATH/Debug/Toolbar.php(499): CodeIgniter\Debug\Toolbar\Collectors\History->setFiles()
 4 SYSTEMPATH/Debug/Toolbar.php(476): CodeIgniter\Debug\Toolbar->format()
 5 APPPATH/Config/Events.php(47): CodeIgniter\Debug\Toolbar->respond()
 6 SYSTEMPATH/Events/Events.php(154): CodeIgniter\Events\Events::Config\{closure}()
 7 SYSTEMPATH/CodeIgniter.php(442): CodeIgniter\Events\Events::trigger()
 8 SYSTEMPATH/CodeIgniter.php(361): CodeIgniter\CodeIgniter->handleRequest()
 9 FCPATH/index.php(79): CodeIgniter\CodeIgniter->run()
INFO - 2023-12-04 21:14:37 --> Session: Class initialized using 'CodeIgniter\Session\Handlers\FileHandler' driver.
CRITICAL - 2023-12-04 21:14:37 --> Cannot assign string to property App\Models\FoodtruckProfileModel::$profileImage of type ?array
in APPPATH/Models/FoodtruckProfileModel.php on line 48.
 1 APPPATH/Models/FoodtruckProfileModel.php(28): App\Models\FoodtruckProfileModel->loadByFoodtruckId()
 2 APPPATH/Models/FoodtruckModel.php(96): App\Models\FoodtruckProfileModel::getProfileByFoodtruckKey()
 3 APPPATH/Models/FoodtruckModel.php(51): App\Models\FoodtruckModel->loadById()
 4 APPPATH/Models/FoodtruckWorkerModel.php(111): App\Models\FoodtruckModel::getAllFoodtrucksWithWorker()
 5 APPPATH/Models/FoodtruckWorkerModel.php(100): App\Models\FoodtruckWorkerModel->loadFoodtrucks()
 6 APPPATH/Models/FoodtruckWorkerModel.php(43): App\Models\FoodtruckWorkerModel->loadWorkerByUserModel()
 7 APPPATH/Models/UserModel.php(340): App\Models\FoodtruckWorkerModel::getWorkerByUserModel()
 8 APPPATH/Models/UserModel.php(73): App\Models\UserModel->loadUser()
 9 APPPATH/Models/UserModel.php(85): App\Models\UserModel->loadByEmail()
10 APPPATH/Controllers/LoginController.php(64): App\Models\UserModel::getUserByEmail()
11 APPPATH/Controllers/LoginController.php(51): App\Controllers\LoginController->tryLogin()
12 SYSTEMPATH/CodeIgniter.php(942): App\Controllers\LoginController->login()
13 SYSTEMPATH/CodeIgniter.php(502): CodeIgniter\CodeIgniter->runController()
14 SYSTEMPATH/CodeIgniter.php(361): CodeIgniter\CodeIgniter->handleRequest()
15 FCPATH/index.php(79): CodeIgniter\CodeIgniter->run()
INFO - 2023-12-04 21:16:48 --> Session: Class initialized using 'CodeIgniter\Session\Handlers\FileHandler' driver.
CRITICAL - 2023-12-04 21:16:48 --> Cannot assign string to property App\Models\FoodtruckProfileModel::$profileImage of type ?array
in APPPATH/Models/FoodtruckProfileModel.php on line 48.
 1 APPPATH/Models/FoodtruckProfileModel.php(28): App\Models\FoodtruckProfileModel->loadByFoodtruckId()
 2 APPPATH/Models/FoodtruckModel.php(96): App\Models\FoodtruckProfileModel::getProfileByFoodtruckKey()
 3 APPPATH/Models/FoodtruckModel.php(51): App\Models\FoodtruckModel->loadById()
 4 APPPATH/Models/FoodtruckWorkerModel.php(111): App\Models\FoodtruckModel::getAllFoodtrucksWithWorker()
 5 APPPATH/Models/FoodtruckWorkerModel.php(100): App\Models\FoodtruckWorkerModel->loadFoodtrucks()
 6 APPPATH/Models/FoodtruckWorkerModel.php(43): App\Models\FoodtruckWorkerModel->loadWorkerByUserModel()
 7 APPPATH/Models/UserModel.php(340): App\Models\FoodtruckWorkerModel::getWorkerByUserModel()
 8 APPPATH/Models/UserModel.php(73): App\Models\UserModel->loadUser()
 9 APPPATH/Models/UserModel.php(85): App\Models\UserModel->loadByEmail()
10 APPPATH/Controllers/LoginController.php(64): App\Models\UserModel::getUserByEmail()
11 APPPATH/Controllers/LoginController.php(51): App\Controllers\LoginController->tryLogin()
12 SYSTEMPATH/CodeIgniter.php(942): App\Controllers\LoginController->login()
13 SYSTEMPATH/CodeIgniter.php(502): CodeIgniter\CodeIgniter->runController()
14 SYSTEMPATH/CodeIgniter.php(361): CodeIgniter\CodeIgniter->handleRequest()
15 FCPATH/index.php(79): CodeIgniter\CodeIgniter->run()
INFO - 2023-12-04 21:18:16 --> Session: Class initialized using 'CodeIgniter\Session\Handlers\FileHandler' driver.
INFO - 2023-12-04 21:18:17 --> Session: Class initialized using 'CodeIgniter\Session\Handlers\FileHandler' driver.
INFO - 2023-12-04 21:18:20 --> Session: Class initialized using 'CodeIgniter\Session\Handlers\FileHandler' driver.
INFO - 2023-12-04 21:18:29 --> Session: Class initialized using 'CodeIgniter\Session\Handlers\FileHandler' driver.
INFO - 2023-12-04 21:18:30 --> Session: Class initialized using 'CodeIgniter\Session\Handlers\FileHandler' driver.
CRITICAL - 2023-12-04 21:18:33 --> unlink(/app/writable/debugbar/debugbar_1701717781.118769.json): No such file or directory
in SYSTEMPATH/Debug/Toolbar/Collectors/History.php on line 80.
 1 [internal function]: CodeIgniter\Debug\Exceptions->errorHandler()
 2 SYSTEMPATH/Debug/Toolbar/Collectors/History.php(80): unlink()
 3 SYSTEMPATH/Debug/Toolbar.php(499): CodeIgniter\Debug\Toolbar\Collectors\History->setFiles()
 4 SYSTEMPATH/Debug/Toolbar.php(476): CodeIgniter\Debug\Toolbar->format()
 5 APPPATH/Config/Events.php(47): CodeIgniter\Debug\Toolbar->respond()
 6 SYSTEMPATH/Events/Events.php(154): CodeIgniter\Events\Events::Config\{closure}()
 7 SYSTEMPATH/CodeIgniter.php(442): CodeIgniter\Events\Events::trigger()
 8 SYSTEMPATH/CodeIgniter.php(361): CodeIgniter\CodeIgniter->handleRequest()
 9 FCPATH/index.php(79): CodeIgniter\CodeIgniter->run()
INFO - 2023-12-04 21:18:35 --> Session: Class initialized using 'CodeIgniter\Session\Handlers\FileHandler' driver.
INFO - 2023-12-04 21:18:39 --> Session: Class initialized using 'CodeIgniter\Session\Handlers\FileHandler' driver.
INFO - 2023-12-04 21:18:40 --> Session: Class initialized using 'CodeIgniter\Session\Handlers\FileHandler' driver.
INFO - 2023-12-04 21:18:42 --> Session: Class initialized using 'CodeIgniter\Session\Handlers\FileHandler' driver.
INFO - 2023-12-04 21:22:09 --> Session: Class initialized using 'CodeIgniter\Session\Handlers\FileHandler' driver.
INFO - 2023-12-04 21:22:13 --> Session: Class initialized using 'CodeIgniter\Session\Handlers\FileHandler' driver.
INFO - 2023-12-04 21:22:33 --> Session: Class initialized using 'CodeIgniter\Session\Handlers\FileHandler' driver.
INFO - 2023-12-04 21:22:51 --> Session: Class initialized using 'CodeIgniter\Session\Handlers\FileHandler' driver.
INFO - 2023-12-04 21:22:57 --> Session: Class initialized using 'CodeIgniter\Session\Handlers\FileHandler' driver.
INFO - 2023-12-04 21:23:02 --> Session: Class initialized using 'CodeIgniter\Session\Handlers\FileHandler' driver.
INFO - 2023-12-04 21:23:06 --> Session: Class initialized using 'CodeIgniter\Session\Handlers\FileHandler' driver.
INFO - 2023-12-04 21:23:10 --> Session: Class initialized using 'CodeIgniter\Session\Handlers\FileHandler' driver.
INFO - 2023-12-04 21:23:22 --> Session: Class initialized using 'CodeIgniter\Session\Handlers\FileHandler' driver.
INFO - 2023-12-04 21:24:44 --> Session: Class initialized using 'CodeIgniter\Session\Handlers\FileHandler' driver.
INFO - 2023-12-04 21:24:57 --> Session: Class initialized using 'CodeIgniter\Session\Handlers\FileHandler' driver.
INFO - 2023-12-04 21:24:58 --> Session: Class initialized using 'CodeIgniter\Session\Handlers\FileHandler' driver.
INFO - 2023-12-04 21:25:05 --> Session: Class initialized using 'CodeIgniter\Session\Handlers\FileHandler' driver.
INFO - 2023-12-04 21:25:06 --> Session: Class initialized using 'CodeIgniter\Session\Handlers\FileHandler' driver.
INFO - 2023-12-04 21:25:09 --> Session: Class initialized using 'CodeIgniter\Session\Handlers\FileHandler' driver.
