CRITICAL - 2023-12-20 22:16:28 --> Multiple access type modifiers are not allowed
in APPPATH/Models/FoodtruckModel.php on line 294.
 1 SYSTEMPATH/Autoloader/Autoloader.php(291): CodeIgniter\Autoloader\Autoloader->includeFile()
 2 SYSTEMPATH/Autoloader/Autoloader.php(269): CodeIgniter\Autoloader\Autoloader->loadInNamespace()
 3 APPPATH/Controllers/FoodtruckController.php(163): CodeIgniter\Autoloader\Autoloader->loadClass()
 4 APPPATH/Controllers/FoodtruckController.php(31): App\Controllers\FoodtruckController->loadFoodtruck()
 5 SYSTEMPATH/CodeIgniter.php(942): App\Controllers\FoodtruckController->index()
 6 SYSTEMPATH/CodeIgniter.php(502): CodeIgniter\CodeIgniter->runController()
 7 SYSTEMPATH/CodeIgniter.php(361): CodeIgniter\CodeIgniter->handleRequest()
 8 FCPATH/index.php(79): CodeIgniter\CodeIgniter->run()
CRITICAL - 2023-12-20 22:16:35 --> Multiple access type modifiers are not allowed
in APPPATH/Models/FoodtruckModel.php on line 294.
 1 SYSTEMPATH/Autoloader/Autoloader.php(291): CodeIgniter\Autoloader\Autoloader->includeFile()
 2 SYSTEMPATH/Autoloader/Autoloader.php(269): CodeIgniter\Autoloader\Autoloader->loadInNamespace()
 3 APPPATH/Controllers/FoodtruckController.php(163): CodeIgniter\Autoloader\Autoloader->loadClass()
 4 APPPATH/Controllers/FoodtruckController.php(31): App\Controllers\FoodtruckController->loadFoodtruck()
 5 SYSTEMPATH/CodeIgniter.php(942): App\Controllers\FoodtruckController->index()
 6 SYSTEMPATH/CodeIgniter.php(502): CodeIgniter\CodeIgniter->runController()
 7 SYSTEMPATH/CodeIgniter.php(361): CodeIgniter\CodeIgniter->handleRequest()
 8 FCPATH/index.php(79): CodeIgniter\CodeIgniter->run()
CRITICAL - 2023-12-20 22:17:25 --> Multiple access type modifiers are not allowed
in APPPATH/Models/FoodtruckModel.php on line 294.
 1 SYSTEMPATH/Autoloader/Autoloader.php(291): CodeIgniter\Autoloader\Autoloader->includeFile()
 2 SYSTEMPATH/Autoloader/Autoloader.php(269): CodeIgniter\Autoloader\Autoloader->loadInNamespace()
 3 APPPATH/Controllers/FoodtruckController.php(163): CodeIgniter\Autoloader\Autoloader->loadClass()
 4 APPPATH/Controllers/FoodtruckController.php(31): App\Controllers\FoodtruckController->loadFoodtruck()
 5 SYSTEMPATH/CodeIgniter.php(942): App\Controllers\FoodtruckController->index()
 6 SYSTEMPATH/CodeIgniter.php(502): CodeIgniter\CodeIgniter->runController()
 7 SYSTEMPATH/CodeIgniter.php(361): CodeIgniter\CodeIgniter->handleRequest()
 8 FCPATH/index.php(79): CodeIgniter\CodeIgniter->run()
INFO - 2023-12-20 22:17:43 --> Session: Class initialized using 'CodeIgniter\Session\Handlers\FileHandler' driver.
CRITICAL - 2023-12-20 22:17:43 --> Multiple access type modifiers are not allowed
in APPPATH/Models/FoodtruckModel.php on line 294.
 1 SYSTEMPATH/Autoloader/Autoloader.php(291): CodeIgniter\Autoloader\Autoloader->includeFile()
 2 SYSTEMPATH/Autoloader/Autoloader.php(269): CodeIgniter\Autoloader\Autoloader->loadInNamespace()
 3 APPPATH/Controllers/FoodtruckController.php(163): CodeIgniter\Autoloader\Autoloader->loadClass()
 4 APPPATH/Controllers/FoodtruckController.php(31): App\Controllers\FoodtruckController->loadFoodtruck()
 5 SYSTEMPATH/CodeIgniter.php(942): App\Controllers\FoodtruckController->index()
 6 SYSTEMPATH/CodeIgniter.php(502): CodeIgniter\CodeIgniter->runController()
 7 SYSTEMPATH/CodeIgniter.php(361): CodeIgniter\CodeIgniter->handleRequest()
 8 FCPATH/index.php(79): CodeIgniter\CodeIgniter->run()
INFO - 2023-12-20 22:18:25 --> Session: Class initialized using 'CodeIgniter\Session\Handlers\FileHandler' driver.
INFO - 2023-12-20 22:18:33 --> Session: Class initialized using 'CodeIgniter\Session\Handlers\FileHandler' driver.
INFO - 2023-12-20 22:18:44 --> Session: Class initialized using 'CodeIgniter\Session\Handlers\FileHandler' driver.
INFO - 2023-12-20 22:18:54 --> Session: Class initialized using 'CodeIgniter\Session\Handlers\FileHandler' driver.
INFO - 2023-12-20 22:19:00 --> Session: Class initialized using 'CodeIgniter\Session\Handlers\FileHandler' driver.
INFO - 2023-12-20 22:20:11 --> Session: Class initialized using 'CodeIgniter\Session\Handlers\FileHandler' driver.
INFO - 2023-12-20 22:21:32 --> Session: Class initialized using 'CodeIgniter\Session\Handlers\FileHandler' driver.
INFO - 2023-12-20 22:21:36 --> Session: Class initialized using 'CodeIgniter\Session\Handlers\FileHandler' driver.
